"Amanda"
"Amanda"
"Amanda"
"Amanda"
"Amanda"
"Amanda"
"Amanda"
"Amanda"
"Amanda"
"Amanda"
"Amanda"
"Amanda"
"Amanda"
"Amanda"
"Amanda"
"Amanda"
"Amanda"
"Amanda"
"Amanda"
"Amanda"
"Amanda"
"Amanda"
"Amanda"
"Amanda"
"Amanda"
"Amanda"
"Amanda"
"Amanda"
"Amanda"
"Amanda"
"Amanda"
"Amanda"
"Amanda"
"Amanda"
"Amanda"
"Amanda"
"Ann"
"Ann"
"Ann"
"Ann"
"Ann"
"Ann"
"Ann"
"Ann"
"Ann"
"Baukje"
"Baukje"
"Baukje"
"Baukje"
"Baukje"
"Baukje"
"Baukje"
"Baukje"
"Baukje"
"Baukje"
"Baukje"
"Baukje"
"Baukje"
"Baukje"
"Baukje"
"Baukje"
"Baukje"
"Baukje"
"Baukje"
"Baukje"
"Baukje"
"Baukje"
"Baukje"
"Baukje"
"Baukje"
"Baukje"
"Baukje"
"Baukje"
"Baukje"
"Baukje"
"Baukje"
"Baukje"
"Baukje"
"Baukje"
"Baukje"
"Baukje"
"Baukje"
"Baukje"
"Baukje"
"Baukje"
"Baukje"
"Baukje"
"Baukje"
"Baukje"
"Baukje"
"Baukje"
"Baukje"
"Baukje"
"Berna"
"Berna"
"Bianca"
"Bianca"
"Bianca"
"Bianca"
"Bianca"
"Brigitte"
"Brigitte"
"Brigitte"
"Brigitte"
"Brigitte"
"Brigitte"
"Brigitte"
"Brigitte"
"Brigitte"
"Brigitte"
"Brigitte"
"Brigitte"
"Brigitte"
"Brigitte"
"Brigitte"
"Brigitte"
"Brigitte"
"Carine"
"Carine"
"Carine"
"Carine"
"Carine"
"Carine"
"Chloë"
"Chloë"
"Chloë"
"Chloë"
"Chloë"
"Christella"
"Cilia"
"Cilia"
"Cilia"
"Cilia"
"Danielle"
"Danielle"
"Danielle"
"Danielle"
"Danielle"
"Danielle"
"Danielle"
"Danielle"
"Danny"
"Danny"
"Danny"
"Ellen"
"Ellen"
"Ellen"
"Ellen"
"Ellen"
"Ellen"
"Ellen"
"Ellen"
"Ellen"
"Ellen"
"Ellen"
"Ellen"
"Ellen"
"Ellen"
"Ellen"
"Ellen"
"Ellen"
"Ellen"
"Ellen"
"Ellen"
"Ellen"
"Ellen"
"Ellen"
"Ellen"
"Ellen"
"Ellen"
"Els"
"Els"
"Els"
"Els"
"Eva"
"Eva"
"Eva"
"Eva"
"Eva"
"Eva"
"Eva"
"Eva"
"Eva"
"Eva"
"Eva"
"Eva"
"Eva"
"Genova"
"Genova"
"Genova"
"Genova"
"Gerda"
"Gerda"
"Gerda"
"Gerda"
"Gerda"
"Gerda"
"Gerda"
"Gerda"
"Gerda"
"Gerda"
"Gerda"
"Gerda"
"Gerda"
"Gerda"
"Gerda"
"Gerda"
"Gerda"
"Gerda"
"Gerda"
"Gerda"
"Gerda"
"Gerda"
"Gerda"
"Gerda"
"Gerda"
"Gerda"
"Gerda"
"Gina"
"Gina"
"Gina"
"Gina"
"Gina"
"Gina"
"Gina"
"Gina"
"Gina"
"Gina"
"Gina"
"Gina"
"Gina"
"Gina"
"Gina"
"Gina"
"Gina"
"Gina"
"Gina"
"Gina"
"Gina"
"Gina"
"Gina"
"Gina"
"Gina"
"Gina"
"Gina"
"Greet"
"Greet"
"Greet"
"Greet"
"Greet"
"Greet"
"Greet"
"Greet"
"Greet"
"Greet"
"Greet"
"Greet"
"Greet"
"Greet"
"Greet"
"Greet"
"Greet"
"Greet"
"Greet"
"Greet"
"Greet"
"Greet"
"Greet"
"Greet"
"Greet"
"Greet"
"Greet"
"Greet"
"Greet"
"Greet"
"Greet"
"Greet"
"Greet"
"Greet"
"Greet"
"Greet"
"Greet"
"Greet"
"Greet"
"Greet"
"Greet"
"Greet"
"Greet"
"Greet"
"Greet"
"Greet"
"Henk
"Henk
"Henk
"Henk
"Henk
"Henk
"Henk
"Henk
"Henk
"Henk
"Henk
"Henny"
"Henny"
"Henny"
"Henny"
"Henny"
"Henny"
"Henny"
"Henny"
"Henny"
"Henny"
"Henny"
"Ingrid"
"Ingrid"
"Ingrid"
"Ingrid"
"Ingrid"
"Irma"
"Irma"
"Irma"
"Irma"
"Jaap"
"Jaap"
"Jada"
"Jada"
"Jada"
"Jada"
"Jada"
"Jada"
"Jada"
"Jada"
"Jada"
"Jada"
"Jada"
"Jada"
"Jada"
"Jada"
"Jada"
"Jada"
"Jada"
"Jael"
"Janine"
"Janine"
"Jeffy"
"Jeffy"
"Jeffy"
"Jeffy"
"Jeffy"
"Jeffy"
"Jeffy"
"Jeffy"
"Jeffy"
"Jet"
"Jet"
"Jet"
"Jet"
"Jet"
"Jet"
"Jet"
"Jet"
"Jet"
"Jet"
"Jet"
"Jet"
"Jet"
"Jet"
"Jet"
"Jet"
"Jet"
"Jet"
"Jet"
"Jet"
"Jet"
"Jet"
"Jet"
"Jet"
"Jet"
"Jet"
"Jet"
"Jet"
"Jet"
"Jet"
"Jet"
rJet"
"Judith"
"Judith"
"Judith"
"Kaatje"
"Kaatje"
"Kaatje"
"Kaatje"
"Kaatje"
"Kaatje"
"Kaatje"
"Kaatje"
"Kaatje"
"Kaatje"
"Kaatje"
"Kevin"
"Kevin"
"Madama"
"Madama"
"Margareth"
"Margareth"
"Margareth"
"Margareth"
"Margareth"
"Margareth"
"Margareth"
"Margareth"
"Margareth"
"Margareth"
"Margareth"
"Margareth"
"Margareth"
"Margareth"
"Margareth"
"Margareth"
"Margareth"
"Margareth"
"Margareth"
"Margareth"
"Margareth"
"Margareth"
"Margareth"
"Margareth"
"Margareth"
"Margareth"
"Margareth"
"Margareth"
"Margareth"
"Margareth"
"Margareth"
"Margareth"
"Margareth"
"Margareth"
"Maria"
"Maria"
"Maria"
"Maria"
"Maria"
"Maria"
"Maria"
"Maria"
"Maria"
"Maria"
"Maria"
"Maria"
"Maria"
"Maria"
"Maria"
"Maria"
"Maria"
"Maria"
"Maria"
"Maria"
"Maria"
"Marianne"
"Marianne"
"Marianne"
"Marianne"
"Marianne"
"Marianne"
"Marianne"
"Marianne"
"Marianne"
"Marianne"
"Marianne"
"Marianne"
"Marianne"
"Marianne"
"Marianne"
"Marianne"
"Marianne"
"Marianne"
"Marianne"
"Marianne"
"Marianne"
"Marianne"
"Marianne"
"Marianne"
"Marianne"
"Marianne"
"Marianne"
"Marianne"
"Marianne"
"Marianne"
"Marianne"
"Marianne"
"Marianne"
"Marianne"
"Marianne"
"Marianne"
"Marianne"
"Marianne"
"Marianne"
"Marianne"
"Marianne"
"Marianne"
"Marianne"
"Marianne"
"Marianne"
"Marianne"
"Marianne"
"Marianne"
"Marianne"
"Marianne"
"Marianne"
"Marianne"
"Marianne"
"Marianne"
"Mariëlle"
"Mariëlle"
"Mariëlle"
"Mariëlle"
"Mariëlle"
"Marja"
"Mark"
"Mark"
"Mark"
"Max"
"Max"
"Max"
"Max"
"Max"
"Natasja"
"Natasja"
"Natasja"
"Natasja"
"Natasja"
"Natasja"
"Natasja"
"Natasja"
"Natasja"
"Natasja"
"Natasja"
"Natasja"
"Natasja"
"Natasja"
"Natasja"
"Natasja"
"Natasja"
"Natasja"
"Natasja"
"Natasja"
"Natasja"
"Natasja"
"Natasja"
"Natasja"
"Natasja"
"Natasja"
"Natasja"
"Natasja"
"Natasja"
"Natasja"
"Natasja"
"Natasja"
"Natasja"
"Natasja"
"Natasja"
"Natasja"
"Natasja"
"Natasja"
"Natasja"
"Natasja"
"Natasja"
"Natasja"
"Quiny"
"Quiny"
"Quiny"
"Quiny"
"Quiny"
"Quiny"
"Quiny"
"Quiny"
"Quiny"
"Quiny"
"Ragh"
"Ragh"
"Ragh"
"Ragh"
"Ragh"
"Richard"
"Richard"
"Richard"
"Richard"
"Richard"
"Richard"
"Richard"
"Richard"
"Richard"
"Richard"
"Richard"
"Richard"
"Richard"
"Richard"
"Richard"
"Richard"
"Richard"
"Richard"
"Richard"
"Richard"
"Richard"
"Richard"
"Richard"
"Sandhya"
"Sandhya"
"Sandhya"
"Shanna"
"Shanna"
"Shanna"
"Shanna"
"Shanna"
"Shanna"
"Shanna"
"Shanna"
"Shanna"
"Shanna"
"Shanna"
"Shanna"
"Shanna"
"Shanna"
"Shanna"
"Shanna"
"Shanna"
"Shanna"
"Shanna"
"Shanna"
"Shanna"
"Shanna"
"Shanna"
"Shanna"
"Shanna"
"Shanna"
"Shanna"
"Shanna"
"Shanna"
"Shanna"
"Shanna"
"Shanna"
"Shanna"
"Shanna"
"Shanna"
"Shanna"
"Shanna"
"Shanna"
"Shanna"
"Shanna"
"Shanna"
"Shanna"
"Shanna"
"Shanna"
"Shanna"
"Shanna"
"Shanna"
"Shanna"
"Shanna"
"Shanna"
"Shanna"
"Shanna"
"Shanna"
"Shanna"
"Shanna"
"Shanna"
"Shanna"
"Shanna"
"Shanna"
"Shanna"
"Shanna"
"Shanna"
"Shanna"
"Shanna"
"Shanna"
"Shanna"
"Shanna"
"Shanna"
"Shanna"
"Shanna"
"Shanna"
"Shanna"
"Shanna"
"Shanna"
"Shanna"
"Shanna"
"Shanna"
"Shanna"
"Shanna"
"Shanna"
"Shanna"
"Shanna"
"Shanna"
"Shanna"
"Shanna"
"Sharda"
"Sharda"
"Sharda"
"Sharda"
"Sharda"
"Sharda"
"Sharda"
"Sharda"
"Sharda"
"Sharda"
"Sharda"
"Sharda"
"Sharda"
"Sharda"
"Sharda"
"Sharda"
"Sharda"
"Shay"
"Sonja"
"Sonja"
"Sonja"
"Sonja"
"Sonja"
"Sonja"
"Sonja"
"Sonja"
"Sonja"
"Sonja"
"Sonja"
"Sonja"
"Sonja"
"Sonja"
"Sonja"
"Sonja"
"Sonja"
"Sonja"
"Sonja"
"Sonja"
"Sonja"
"Sonja"
"Sonja"
"Sonja"
"Sterre"
"Sterre"
"Sterre"
"Sterre"
"Sterre"
"Sterre"
"Sterre"
"Vanessa"
"Vanessa"
"Vanessa"
"Vanessa"
"Vanessa"
"Vanessa"
"Vanessa"
"Vanessa"
"Vanessa"
"Wiena"
"Wiena"
"Wiena"
"Wiena"
"Yoanna"
"kris"
"kris"
"kris"
"kris"
"shirley"
"ॐ
"ॐ
"ॐ
"ॐ
"ॐ
"ॐ
"ॐ
"ॐ
"ॐ
"ॐ
"ॐ
"ॐ
"ॐ
"ॐ
"ॐ
"ॐ
"ॐ
"ॐ
"ॐ
"ॐ
"ॐ
"ॐ
"ॐ
"ॐ
"ॐ
"ॐ
"ॐ
"ॐ
"ॐ
"ॐ
"ॐ
"ॐ
"ॐ
"ॐ
"ॐ
"ॐ
"ॐ
"ॐ
"ॐ
"ॐ
"ॐ
"ॐ
"ॐ
"ॐ
"ॐ
"ॐ
"☥C☥JAH☥"
"☥C☥JAH☥"
"☥C☥JAH☥"
"☥C☥JAH☥"
"☥C☥JAH☥"
"☥C☥JAH☥"
"☥C☥JAH☥"
"☥C☥JAH☥"
"☥C☥JAH☥"
"☥C☥JAH☥"
"☥C☥JAH☥"
"☥C☥JAH☥"
0:00:01
0:00:01
0:15:02
0:15:02
0:30:01
0:30:01
0:45:02
0:45:02
10:00:01
10:00:02
10:15:01
10:15:02
10:30:01
10:30:02
10:45:01
10:45:02
10:58:59
11:00:01
11:00:02
11:04:02
11:05:16
11:15:01
11:15:02
11:30:01
11:30:02
11:45:01
11:45:02
12
12
12
12
12
12
12
12
12
12
12
12
12
12
12
12
12
12
12
12
12
12
12
12
12
12
12
12
12
12
12
12
12
12
12
12
12
12
12
12
12
12
12
12
12
12
12
12
12
12
12
12
12
12
12
12
12
12
12
12
12
12
12
12
12
12
12
12
12
12
12
12
12
12
12
12
12
12
12
12
12
12
12
12
12
12
12
12
12
12
12
12
12
12
12
12
12
12
12:00:02
12:00:02
12:15:02
12:15:02
12:30:01
12:30:02
12:45:01
12:45:02
13
13
13
13
13
13
13
13
13
13
13
13
13
13
13
13
13
13
13
13
13
13
13
13
13
13
13
13
13
13
13
13
13
13
13
13
13
13
13
13
13
13
13
13
13
13
13
13
13
13
13
13
13
13
13
13
13
13
13
13
13
13
13
13
13
13
13
13
13
13
13
13
13
13
13
13
13
13
13
13
13
13
13
13
13
13
13
13
13
13
13
13
13
13
13
13
13:00:01
13:00:02
13:15:01
13:15:02
13:30:01
13:30:02
13:45:01
13:45:03
14
14
14
14
14
14:00:01
14:00:02
14:15:01
14:15:03
14:30:01
14:30:02
14:45:01
14:45:02
15:00:01
15:00:02
15:15:01
15:15:02
15:30:02
15:30:02
15:45:01
15:45:01
16:00:02
16:00:02
16:15:01
16:15:01
16:30:02
16:30:02
16:45:01
16:45:01
17:00:02
17:00:02
17:15:01
17:15:01
17:30:02
17:30:02
17:45:01
17:45:01
18:00:02
18:00:02
18:15:01
18:15:01
18:30:02
18:30:02
18:45:01
18:45:02
19:00:02
19:00:02
19:15:01
19:15:01
19:30:01
19:30:02
19:45:01
19:45:02
1:00:01
1:00:02
1:15:02
1:30:02
1:34:01
1:35:49
1:37:22
1:45:01
1:45:02
1:49:10
1:52:02
1:55:01
2019
2019
2019
2019
2019
2019
2019
2019
2019
2019
2019
2019
2019
2019
2019
2019
2019
2019
2019
2019
2019
2019
2019
2019
2019
2019
2019
2019
2019
2019
2019
2019
2019
2019
2019
2019
2019
2019
2019
2019
2019
2019
2019
2019
2019
2019
2019
2019
2019
2019
2019
2019
2019
2019
2019
2019
2019
2019
2019
2019
2019
2019
2019
2019
2019
2019
2019
2019
2019
2019
2019
2019
2019
2019
2019
2019
2019
2019
2019
2019
2019
2019
2019
2019
2019
2019
2019
2019
2019
2019
2019
2019
2019
2019
2019
2019
2019
2019
2019
2019
2019
2019
2019
2019
2019
2019
2019
2019
2019
2019
2019
2019
2019
2019
2019
2019
2019
2019
2019
2019
2019
2019
2019
2019
2019
2019
2019
2019
2019
2019
2019
2019
2019
2019
2019
2019
2019
2019
2019
2019
2019
2019
2019
2019
2019
2019
2019
2019
2019
2019
2019
2019
2019
2019
2019
2019
2019
2019
2019
2019
2019
2019
2019
2019
2019
2019
2019
2019
2019
2019
2019
2019
2019
2019
2019
2019
2019
2019
2019
2019
2019
2019
2019
2019
2019
2019
2019
2019
2019
2019
2019
2019
2019
2019
2019
2019
2019
2019
2019
20:00:01
20:00:02
20:15:01
20:15:02
20:30:01
20:30:02
20:45:01
20:45:02
21:00:01
21:00:02
21:15:01
21:15:02
21:30:01
21:30:02
21:45:01
21:45:01
22:00:02
22:00:02
22:15:01
22:15:01
22:30:02
22:30:02
22:45:01
22:45:02
23:00:02
23:00:02
23:15:02
23:15:02
23:30:01
23:30:01
23:45:02
23:45:02
2:00:01
2:00:01
2:15:02
2:15:02
2:30:01
2:30:01
2:45:02
2:45:02
3:00:01
3:00:01
3:15:02
3:15:06
3:30:01
3:30:02
3:45:02
3:45:02
4:00:01
4:00:01
4:15:01
4:15:02
4:30:01
4:30:02
4:45:02
4:45:02
5:00:01
5:00:01
5:15:02
5:15:02
5:30:01
5:30:01
5:45:02
5:45:02
6:00:01
6:00:01
6:15:02
6:15:02
6:30:01
6:30:01
6:45:02
6:45:02
7:00:01
7:00:01
7:15:02
7:15:02
7:30:01
7:30:01
7:45:02
7:45:02
8:00:01
8:00:01
8:15:02
8:15:02
8:30:01
8:30:01
8:45:01
8:45:02
9:00:01
9:00:02
9:15:01
9:15:02
9:30:01
9:30:02
9:45:02
9:45:02
CEST
CEST
CEST
CEST
CEST
CEST
CEST
CEST
CEST
CEST
CEST
CEST
CEST
CEST
CEST
CEST
CEST
CEST
CEST
CEST
CEST
CEST
CEST
CEST
CEST
CEST
CEST
CEST
CEST
CEST
CEST
CEST
CEST
CEST
CEST
CEST
CEST
CEST
CEST
CEST
CEST
CEST
CEST
CEST
CEST
CEST
CEST
CEST
CEST
CEST
CEST
CEST
CEST
CEST
CEST
CEST
CEST
CEST
CEST
CEST
CEST
CEST
CEST
CEST
CEST
CEST
CEST
CEST
CEST
CEST
CEST
CEST
CEST
CEST
CEST
CEST
CEST
CEST
CEST
CEST
CEST
CEST
CEST
CEST
CEST
CEST
CEST
CEST
CEST
CEST
CEST
CEST
CEST
CEST
CEST
CEST
CEST
CEST
CEST
CEST
CEST
CEST
CEST
CEST
CEST
CEST
CEST
CEST
CEST
CEST
CEST
CEST
CEST
CEST
CEST
CEST
CEST
CEST
CEST
CEST
CEST
CEST
CEST
CEST
CEST
CEST
CEST
CEST
CEST
CEST
CEST
CEST
CEST
CEST
CEST
CEST
CEST
CEST
CEST
CEST
CEST
CEST
CEST
CEST
CEST
CEST
CEST
CEST
CEST
CEST
CEST
CEST
CEST
CEST
CEST
CEST
CEST
CEST
CEST
CEST
CEST
CEST
CEST
CEST
CEST
CEST
CEST
CEST
CEST
CEST
CEST
CEST
CEST
CEST
CEST
CEST
CEST
CEST
CEST
CEST
CEST
CEST
CEST
CEST
CEST
CEST
CEST
CEST
CEST
CEST
CEST
CEST
CEST
CEST
CEST
CEST
CEST
CEST
CEST
Gert
Gert
Gert
Gert
Gert
Gert
Gert
Gert
Gert
Gert
Gert
Gert
Gert
Gert
Gert
Gert
Gert
Gert
Gert
Gert
Gert
Gert
Gert
Gert
Gert
Gert
Gert
Gert
Gert
Gert
Gert
Gert
Gert
Gert
Gert
Gert
Gert
Gert
Gert
Gert
Gert
Gert
Gert
Gert
Gert
Gert
Jan"
Jan"
Jan"
Jan"
Jan"
Jan"
Jan"
Jan"
Jan"
Jan"
Jan"
ma
ma
ma
ma
ma
okt
okt
okt
okt
okt
okt
okt
okt
okt
okt
okt
okt
okt
okt
okt
okt
okt
okt
okt
okt
okt
okt
okt
okt
okt
okt
okt
okt
okt
okt
okt
okt
okt
okt
okt
okt
okt
okt
okt
okt
okt
okt
okt
okt
okt
okt
okt
okt
okt
okt
okt
okt
okt
okt
okt
okt
okt
okt
okt
okt
okt
okt
okt
okt
okt
okt
okt
okt
okt
okt
okt
okt
okt
okt
okt
okt
okt
okt
okt
okt
okt
okt
okt
okt
okt
okt
okt
okt
okt
okt
okt
okt
okt
okt
okt
okt
okt
okt
okt
okt
okt
okt
okt
okt
okt
okt
okt
okt
okt
okt
okt
okt
okt
okt
okt
okt
okt
okt
okt
okt
okt
okt
okt
okt
okt
okt
okt
okt
okt
okt
okt
okt
okt
okt
okt
okt
okt
okt
okt
okt
okt
okt
okt
okt
okt
okt
okt
okt
okt
okt
okt
okt
okt
okt
okt
okt
okt
okt
okt
okt
okt
okt
okt
okt
okt
okt
okt
okt
okt
okt
okt
okt
okt
okt
okt
okt
okt
okt
okt
okt
okt
okt
okt
okt
okt
okt
okt
okt
okt
okt
okt
okt
okt
okt
okt
okt
okt
okt
okt
za
za
za
za
za
za
za
za
za
za
za
za
za
za
za
za
za
za
za
za
za
za
za
za
za
za
za
za
za
za
za
za
za
za
za
za
za
za
za
za
za
za
za
za
za
za
za
za
za
za
za
za
za
za
za
za
za
za
za
za
za
za
za
za
za
za
za
za
za
za
za
za
za
za
za
za
za
za
za
za
za
za
za
za
za
za
za
za
za
za
za
za
za
za
za
za
za
za
zo
zo
zo
zo
zo
zo
zo
zo
zo
zo
zo
zo
zo
zo
zo
zo
zo
zo
zo
zo
zo
zo
zo
zo
zo
zo
zo
zo
zo
zo
zo
zo
zo
zo
zo
zo
zo
zo
zo
zo
zo
zo
zo
zo
zo
zo
zo
zo
zo
zo
zo
zo
zo
zo
zo
zo
zo
zo
zo
zo
zo
zo
zo
zo
zo
zo
zo
zo
zo
zo
zo
zo
zo
zo
zo
zo
zo
zo
zo
zo
zo
zo
zo
zo
zo
zo
zo
zo
zo
zo
zo
zo
zo
zo
zo
zo
ॐ"
ॐ"
ॐ"
ॐ"
ॐ"
ॐ"
ॐ"
ॐ"
ॐ"
ॐ"
ॐ"
ॐ"
ॐ"
ॐ"
ॐ"
ॐ"
ॐ"
ॐ"
ॐ"
ॐ"
ॐ"
ॐ"
ॐ"
ॐ"
ॐ"
ॐ"
ॐ"
ॐ"
ॐ"
ॐ"
ॐ"
ॐ"
ॐ"
ॐ"
ॐ"
ॐ"
ॐ"
ॐ"
ॐ"
ॐ"
ॐ"
ॐ"
ॐ"
ॐ"
ॐ"
ॐ"
ma 14 okt 2019 1:15:02 CEST
ma 14 okt 2019 1:30:01 CEST
ma 14 okt 2019 1:45:01 CEST
ma 14 okt 2019 2:00:02 CEST "Shanna"
ma 14 okt 2019 2:15:01 CEST
ma 14 okt 2019 2:30:02 CEST
ma 14 okt 2019 2:45:01 CEST
ma 14 okt 2019 3:00:02 CEST
ma 14 okt 2019 3:15:01 CEST
ma 14 okt 2019 3:30:02 CEST
ma 14 okt 2019 3:45:01 CEST
ma 14 okt 2019 4:00:02 CEST
ma 14 okt 2019 4:15:01 CEST
ma 14 okt 2019 4:30:02 CEST
ma 14 okt 2019 4:45:01 CEST
ma 14 okt 2019 5:00:02 CEST
ma 14 okt 2019 5:15:01 CEST
ma 14 okt 2019 5:30:02 CEST
ma 14 okt 2019 5:45:01 CEST
ma 14 okt 2019 6:00:02 CEST
ma 14 okt 2019 6:15:01 CEST
ma 14 okt 2019 6:30:02 CEST
ma 14 okt 2019 6:45:01 CEST
ma 14 okt 2019 7:00:02 CEST
ma 14 okt 2019 7:15:01 CEST "Mark"
ma 14 okt 2019 7:30:02 CEST
ma 14 okt 2019 7:45:01 CEST
ma 14 okt 2019 8:00:02 CEST "Selina" "Eva"
ma 14 okt 2019 8:15:01 CEST "Selina" "Eva"
ma 14 okt 2019 8:30:02 CEST "Selina"
ma 14 okt 2019 8:45:02 CEST "Shay" "Jada" "Ann"
ma 14 okt 2019 9:00:01 CEST "Jada" "Ann"
ma 14 okt 2019 9:15:02 CEST "Jada" "Ann" "Ellen" "Selina" "kris"
ma 14 okt 2019 9:30:02 CEST "Jada" "Ann" "Selina" "Bianca" "Shanna"
ma 14 okt 2019 9:45:02 CEST "Shay" "Jada" "Brigitte" "Shanna"
ma 14 okt 2019 10:00:02 CEST "Shay" "Jada" "Ellen" "Danielle" "Shanna" "Max"
ma 14 okt 2019 10:15:01 CEST "Shay" "Jada" "Brigitte" "Selina" "Shanna" "Max"
ma 14 okt 2019 10:30:02 CEST "Shanna" "Max"
ma 14 okt 2019 10:45:02 CEST "Shay" "Kaatje" "Danielle" "Shanna" "Max"
ma 14 okt 2019 11:00:04 CEST "Kaatje" "Shay" "Danielle" "Shanna"
ma 14 okt 2019 11:15:02 CEST "Kaatje" "Brigitte" "Selina" "Danielle" "Maria" "Shanna" "Danny" "Iliana"
ma 14 okt 2019 11:30:06 CEST "Brigitte" "Selina" "Danielle" "Shanna" "Jeffy"
ma 14 okt 2019 11:45:01 CEST "Brigitte" "Shanna" "Jet"
ma 14 okt 2019 12:00:03 CEST "Kaatje" "Megh" "Maria" "Shanna" "Jet" "Sandra"
ma 14 okt 2019 12:15:01 CEST "Megh" "Maria" "Shanna" "Jet" "Sandra"
ma 14 okt 2019 12:30:02 CEST "Megh" "Maria" "Shanna" "Saul" "Sandra"
ma 14 okt 2019 12:45:01 CEST "Brigitte" "ॐ Gert ॐ" "Megh" "Maria" "Shanna" "Max" "Sandra"
ma 14 okt 2019 13:00:02 CEST "Kaatje" "ॐ Gert ॐ" "Megh" "Maria" "Shanna" "Max"
ma 14 okt 2019 13:15:02 CEST "Kaatje" "Ann" "Megh" "Shanna" "Max"
ma 14 okt 2019 13:30:02 CEST "Ann" "Shanna" "Max" "Sandra"
ma 14 okt 2019 13:45:02 CEST "ॐ Gert ॐ" "Shanna"
ma 14 okt 2019 14:00:02 CEST "Tracy" "ॐ Gert ॐ" "Shanna"
ma 14 okt 2019 14:15:02 CEST "Kaatje" "Tracy" "Maria" "Shanna" "Jeffy" "Iliana"
ma 14 okt 2019 14:30:06 CEST "Kaatje" "Tracy" "Maria" "Shanna" "Iliana"
ma 14 okt 2019 14:45:05 CEST "Tracy" "ॐ Gert ॐ" "Maria" "Shanna" "Berna" "❤ Maren ❤"
ma 14 okt 2019 15:00:06 CEST "Kaatje" "Henk Jan" "Tracy" "ॐ Gert ॐ" "Maria" "Shanna" "Margareth"
ma 14 okt 2019 15:15:07 CEST "Kaatje" "Tracy" "ॐ Gert ॐ" "Maria" "Shanna" "Chloë" "Jeffy" "Jet" "Lin"
ma 14 okt 2019 15:30:01 CEST "Tracy" "Maria" "Sharda" "Shanna" "Chloë" "Jet" "Cilia" "❤ Maren ❤" "Carine"
ma 14 okt 2019 15:45:02 CEST "Kaatje" "Tracy" "Maria" "Shanna" "Chloë" "❤ Maren ❤" "Carine"
ma 14 okt 2019 16:00:01 CEST "Kaatje" "ॐ Gert ॐ" "Shanna" "❤ Maren ❤"
ma 14 okt 2019 16:15:02 CEST "Kaatje" "Shanna"
ma 14 okt 2019 16:30:02 CEST "Kaatje" "Quiny" "Margareth" "Shanna" "Henny"
ma 14 okt 2019 16:45:01 CEST "Maria" "Margareth" "Shanna" "Chloë" "Jeffy"
ma 14 okt 2019 17:00:03 CEST "Quiny" "Eva" "Margareth" "Shanna" "Jeffy"
ma 14 okt 2019 17:15:01 CEST "Quiny" "Margareth"
ma 14 okt 2019 17:30:02 CEST "Henk Jan" "Quiny" "Margareth" "Sharda"
ma 14 okt 2019 17:45:02 CEST "Richard" "Judith" "Henk Jan" "Maria" "Margareth" "Sharda" "Chloë" "Danny" "❤ Maren ❤"
ma 14 okt 2019 18:00:03 CEST "Richard" "Maria" "Margareth" "Sharda"
ma 14 okt 2019 18:15:01 CEST "Maria" "Margareth" "Sharda" "Marianne" "❤ Maren ❤"
ma 14 okt 2019 18:30:02 CEST "Judith" "Maria" "Margareth" "Marianne" "Henny"
ma 14 okt 2019 18:45:02 CEST "Richard" "Amanda" "Maria" "Margareth" "Marianne" "Janine"
ma 14 okt 2019 19:00:02 CEST "Quiny" "Richard" "Amanda" "Maria" "Margareth" "Marianne" "Janine"
ma 14 okt 2019 19:15:02 CEST "Richard" "Amanda" "Maria" "Margareth" "Marianne" "Gina"
ma 14 okt 2019 19:30:02 CEST "Amanda" "Sonja" "Margareth" "Marianne"
ma 14 okt 2019 19:45:02 CEST "Richard" "Quiny" "Sonja" "Margareth" "Marianne"
ma 14 okt 2019 20:00:01 CEST "Richard" "Maria" "Margareth" "Marianne"
ma 14 okt 2019 20:15:01 CEST "Sijma" "Amanda" "☥C☥JAH☥" "Maria" "Margareth" "Marianne" "Lin"
ma 14 okt 2019 20:30:02 CEST "Mark" "Quiny" "Amanda" "☥C☥JAH☥" "Maria" "Margareth" "Marianne" "Lin"
ma 14 okt 2019 20:45:01 CEST "Quiny" "Sonja" "Amanda" "☥C☥JAH☥" "Maria" "Margareth" "Marianne" "Lin"
ma 14 okt 2019 21:00:02 CEST "Tracy" "☥C☥JAH☥" "Maria" "Margareth" "Marianne" "Gina"
ma 14 okt 2019 21:15:01 CEST "Natasja" "☥C☥JAH☥" "Margareth" "Marianne" "Jet" "Gina"
ma 14 okt 2019 21:30:02 CEST "Brigitte" "Natasja" "Tracy" "☥C☥JAH☥" "Margareth" "Marianne" "Gina" "Janine"
ma 14 okt 2019 21:45:01 CEST "Kaatje" "Natasja" "☥C☥JAH☥" "Margareth" "Marianne" "Gina"
ma 14 okt 2019 22:00:02 CEST "Kaatje" "Natasja" "Tracy" "☥C☥JAH☥" "Margareth" "Lin" "Marianne" "Gina"
ma 14 okt 2019 22:15:01 CEST "Kaatje" "Natasja" "Bianca" "☥C☥JAH☥" "Marianne" "Gina"
ma 14 okt 2019 22:30:02 CEST "Kaatje" "Natasja" "Sonja" "☥C☥JAH☥" "Maria" "Margareth" "Sharda" "Marianne" "Gina"
ma 14 okt 2019 22:45:02 CEST "Kaatje" "Sonja" "Marianne" "Gina"
ma 14 okt 2019 23:00:01 CEST "Kaatje" "Mark" "Tracy" "Maria" "Margareth" "Marianne" "Gina"
ma 14 okt 2019 23:15:02 CEST "Mark" "ॐ Gert ॐ" "Maria" "Margareth" "Marianne" "Lin"
ma 14 okt 2019 23:30:02 CEST "ॐ Gert ॐ" "Tracy" "Margareth" "Sharda" "Marianne" "Lin"
ma 14 okt 2019 23:45:01 CEST "Tracy" "Marianne" "Lin"
di 15 okt 2019 0:00:02 CEST "Vanessa" "Tracy" "Marianne" "Janine" "Kevin"
di 15 okt 2019 0:15:01 CEST "Tracy"
di 15 okt 2019 0:30:02 CEST "Tracy" "Chloë" "Gina"
di 15 okt 2019 0:45:01 CEST "Tracy"
di 15 okt 2019 1:00:02 CEST "Maria"
di 15 okt 2019 1:15:01 CEST "Maria"
di 15 okt 2019 1:30:02 CEST "Mark" "Maria"
di 15 okt 2019 1:45:01 CEST "Maria"
di 15 okt 2019 2:00:02 CEST "Maria"
di 15 okt 2019 2:15:01 CEST "Maria"
di 15 okt 2019 2:30:02 CEST "Maria"
di 15 okt 2019 2:45:01 CEST "Maria"
di 15 okt 2019 3:00:02 CEST "Maria"
di 15 okt 2019 3:15:01 CEST "Maria"
di 15 okt 2019 3:30:02 CEST "Maria"
di 15 okt 2019 3:45:01 CEST "Maria"
di 15 okt 2019 4:00:02 CEST "Maria"
di 15 okt 2019 4:15:01 CEST "Ragh"
di 15 okt 2019 4:30:02 CEST "Ragh"
di 15 okt 2019 4:45:01 CEST "Ragh"
di 15 okt 2019 5:00:02 CEST "Ragh"
di 15 okt 2019 5:15:02 CEST
di 15 okt 2019 5:30:01 CEST
di 15 okt 2019 5:45:02 CEST
di 15 okt 2019 6:00:01 CEST
di 15 okt 2019 6:15:01 CEST
di 15 okt 2019 6:30:02 CEST "Janine"
di 15 okt 2019 6:45:01 CEST
di 15 okt 2019 7:00:02 CEST
di 15 okt 2019 7:15:01 CEST
di 15 okt 2019 7:30:02 CEST
di 15 okt 2019 7:45:01 CEST
di 15 okt 2019 8:00:02 CEST "Selina"
di 15 okt 2019 8:15:01 CEST
di 15 okt 2019 8:30:02 CEST "Els" "Jada" "Ellen"
di 15 okt 2019 8:45:02 CEST "Els" "Jada" "Natasja" "Danielle" "Eva" "Ellen"
di 15 okt 2019 9:00:02 CEST "Jada" "Ellen" "Janine"
di 15 okt 2019 9:15:03 CEST "Jada" "Natasja" "Brigitte" "Ellen"
di 15 okt 2019 9:30:05 CEST "Jada" "Natasja" "Ellen"
di 15 okt 2019 9:45:02 CEST "Jada" "Natasja" "ॐ Gert ॐ"
di 15 okt 2019 10:00:02 CEST "Natasja" "ॐ Gert ॐ" "Ton"
di 15 okt 2019 10:15:03 CEST "Selina"
di 15 okt 2019 10:30:04 CEST "Jada"
di 15 okt 2019 10:45:06 CEST "Jada" "Ellen" "ॐ Gert ॐ" "Eva" "Cindy"
di 15 okt 2019 11:00:03 CEST "Gerda" "Brigitte" "Ellen" "Ellen" "Jet" "Nelly"
di 15 okt 2019 11:15:07 CEST "Kaatje" "Gerda" "Brigitte" "Ellen" "ॐ Gert ॐ" "Jet"
di 15 okt 2019 11:30:02 CEST "Gerda" "Kaatje"
di 15 okt 2019 11:45:02 CEST "Gerda" "Richard" "Brigitte" "Eva"
di 15 okt 2019 12:00:02 CEST "Brigitte" "ॐ Gert ॐ" "Madama" "Jet" "Shanna" "Sandra"
di 15 okt 2019 12:15:02 CEST "Brigitte" "ॐ Gert ॐ" "Madama"
di 15 okt 2019 12:30:02 CEST "Shanna" "Cindy"
di 15 okt 2019 12:45:06 CEST "Kaatje" "Jeffy"
di 15 okt 2019 13:00:02 CEST "Brigitte" "Jeffy"
di 15 okt 2019 13:15:02 CEST "Genova" "Tracy" "Maria" "Ellen" "Chloë"
di 15 okt 2019 13:30:02 CEST "Jael" "Genova" "Tracy" "Ellen" "Jeffy"
di 15 okt 2019 13:45:02 CEST "Genova" "Tracy" "Madama"
di 15 okt 2019 14:00:01 CEST "Madama" "Gina" "Carine"
di 15 okt 2019 14:15:02 CEST "Tracy" "Cindy" "Gina" "Carine"
di 15 okt 2019 14:30:02 CEST "Gerda" "Tracy" "Maria" "Berna" "Cindy" "Gina"
di 15 okt 2019 14:45:02 CEST "Tracy" "Gina"
di 15 okt 2019 15:00:02 CEST "Gerda" "Tracy" "Berna"
di 15 okt 2019 15:15:01 CEST "Kaatje" "Gerda" "Jaap" "Berna" "Gina" "Henny"
di 15 okt 2019 15:30:02 CEST "Gerda" "Judith" "Kaatje" "Richard" "Tracy" "Jaap" "Shanna" "Gina"
di 15 okt 2019 15:45:01 CEST "Judith" "Kaatje" "Gerda" "Tracy" "Madama" "Jaap" "Shanna" "❤ Maren ❤"
di 15 okt 2019 16:00:02 CEST "Judith" "Gerda" "Maria" "Shanna" "❤ Maren ❤"
di 15 okt 2019 16:15:02 CEST "Gerda" "Maria" "Shanna" "❤ Maren ❤"
di 15 okt 2019 16:30:02 CEST "Kaatje" "Richard" "Maria" "Sharda" "Shanna" "Janine"
di 15 okt 2019 16:45:01 CEST "Richard" "Kaatje" "Genova" "Maria" "Sharda" "Shanna"
di 15 okt 2019 17:00:02 CEST "Quiny" "Kaatje" "Brigitte" "ॐ Gert ॐ" "Shanna" "Janine" "Henny"
di 15 okt 2019 17:15:02 CEST "Kaatje" "ॐ Gert ॐ" "Shanna" "Janine"
di 15 okt 2019 17:30:01 CEST "Kaatje" "Danielle" "Brigitte" "Mark" "Shanna" "Janine"
di 15 okt 2019 17:45:01 CEST "Kaatje" "Danielle" "Quiny" "Shanna" "Janine"
di 15 okt 2019 18:00:02 CEST "Danielle" "Jet" "Janine"
di 15 okt 2019 18:15:01 CEST "Jet"
di 15 okt 2019 18:30:03 CEST "Quiny" "Danielle" "Mark" "Maria" "Funda" "Shanna" "Lin"
di 15 okt 2019 18:45:02 CEST "Danielle" "Mark" "Maria" "Funda" "Shanna"
di 15 okt 2019 19:00:02 CEST "Danielle" "Mark" "Maria" "Funda" "Jaap" "Henny"
di 15 okt 2019 19:15:02 CEST "Mark" "Maria" "Funda" "Berna"
di 15 okt 2019 19:30:01 CEST "Gerda" "Mark" "Maria" "Berna"
di 15 okt 2019 19:45:02 CEST "ॐ Gert ॐ" "Maria"
di 15 okt 2019 20:00:01 CEST "Maria" "Sonja"
di 15 okt 2019 20:15:02 CEST "Gerda" "Irma" "ॐ Gert ॐ" "☥C☥JAH☥" "Maria" "Sterre" "Gina"
di 15 okt 2019 20:30:01 CEST "Judith" "ॐ Gert ॐ" "☥C☥JAH☥" "Maria" "Sonja" "Gina"
di 15 okt 2019 20:45:02 CEST "Judith" "☥C☥JAH☥" "Sonja"
di 15 okt 2019 21:00:01 CEST "Judith" "Mark" "☥C☥JAH☥" "Maria" "Sharda" "Chloë" "Eef"
di 15 okt 2019 21:15:02 CEST "Judith" "Mark" "☥C☥JAH☥" "Maria" "Sonja" "Gina" "Lin"
di 15 okt 2019 21:30:01 CEST "Judith" "Irma" "ॐ Gert ॐ" "Bianca" "☥C☥JAH☥" "Eva" "Maria" "Sonja" "Sharda" "Gina" "Lin"
di 15 okt 2019 21:45:01 CEST "Mark" "☥C☥JAH☥" "Maria" "Lin"
di 15 okt 2019 22:00:02 CEST "ॐ Gert ॐ" "Maria" "Gina" "Lin"
di 15 okt 2019 22:15:01 CEST "ॐ Gert ॐ" "Maria" "Sharda" "Gina" "Max" "Lin"
di 15 okt 2019 22:30:02 CEST "ॐ Gert ॐ" "Eva" "Maria" "Vanessa" "Max" "Lin"
di 15 okt 2019 22:45:02 CEST "ॐ Gert ॐ" "Maria" "Margareth" "Sharda" "Max" "Lin"
di 15 okt 2019 23:00:01 CEST "Quiny" "Marianne" "Gina" "Lin" "Sijma"
di 15 okt 2019 23:15:02 CEST "ॐ Gert ॐ" "Lin"
di 15 okt 2019 23:30:01 CEST "ॐ Gert ॐ" "Gina" "Lin"
di 15 okt 2019 23:45:02 CEST "Richard" "Marianne" "Quiny" "ॐ Gert ॐ" "Lin"
wo 16 okt 2019 0:00:01 CEST "Quiny" "Lin"
wo 16 okt 2019 0:15:02 CEST "Lin"
wo 16 okt 2019 0:30:01 CEST "Lin"
wo 16 okt 2019 0:45:02 CEST "Lin"
wo 16 okt 2019 1:00:01 CEST "Lin"
wo 16 okt 2019 1:15:02 CEST "Lin"
wo 16 okt 2019 1:30:01 CEST "Lin"
wo 16 okt 2019 1:45:02 CEST "Lin"
wo 16 okt 2019 2:00:01 CEST "Ragh" "Lin"
wo 16 okt 2019 2:15:02 CEST "Ragh" "Lin"
wo 16 okt 2019 2:30:01 CEST "Lin"
wo 16 okt 2019 2:45:02 CEST "Lin"
wo 16 okt 2019 3:00:01 CEST "Lin"
wo 16 okt 2019 3:15:02 CEST "Lin"
wo 16 okt 2019 3:30:01 CEST "Lin"
wo 16 okt 2019 3:45:02 CEST "Lin"
wo 16 okt 2019 4:00:01 CEST "Lin"
wo 16 okt 2019 4:15:02 CEST "Lin"
wo 16 okt 2019 4:30:01 CEST "Lin"
wo 16 okt 2019 4:45:01 CEST "Lin"
wo 16 okt 2019 5:00:01 CEST "Ragh" "Lin"
wo 16 okt 2019 5:15:01 CEST "Ragh" "Lin"
wo 16 okt 2019 5:30:02 CEST "Ragh" "Lin"
wo 16 okt 2019 5:45:01 CEST "Ragh" "Lin"
wo 16 okt 2019 6:00:02 CEST "Ragh" "Lin"
wo 16 okt 2019 6:15:01 CEST "Ragh" "Lin"
wo 16 okt 2019 6:30:02 CEST "Ragh" "Lin"
wo 16 okt 2019 6:45:01 CEST "Ellen" "Lin"
wo 16 okt 2019 7:00:02 CEST "Lin"
wo 16 okt 2019 7:15:01 CEST "Lin"
wo 16 okt 2019 7:30:02 CEST "Lin"
wo 16 okt 2019 7:45:01 CEST "Ellen" "Lin"
wo 16 okt 2019 8:00:01 CEST "Lin"
wo 16 okt 2019 8:15:02 CEST "Ellen" "Lin"
wo 16 okt 2019 8:30:01 CEST "Els" "Jada" "Lin"
wo 16 okt 2019 8:45:10 CEST "Jada" "Irma" "Ellen" "Lin"
wo 16 okt 2019 9:00:06 CEST "Jada" "Ann" "Ellen" "Irma" "Eva" "Ellen" "Lin"
wo 16 okt 2019 9:15:01 CEST "Jada" "Ellen" "Eva" "Gina" "Lin"
wo 16 okt 2019 9:30:02 CEST "Els" "Jada" "Ellen" "Eva" "Ellen" "Lin"
wo 16 okt 2019 9:45:02 CEST "Jada" "Ellen"
wo 16 okt 2019 10:00:02 CEST "Anja" "Wendy" "Jada" "ॐ Gert ॐ" "Ellen"
wo 16 okt 2019 10:15:01 CEST "Wendy" "Jada" "ॐ Gert ॐ" "Eva" "Shanna" "Chloë" "Vanessa"
wo 16 okt 2019 10:30:02 CEST "Jada" "ॐ Gert ॐ" "Shanna" "Vanessa" "Jeffy"
wo 16 okt 2019 10:45:02 CEST "Jada" "ॐ Gert ॐ" "Ellen" "Shanna" "Vanessa" "Jeffy"
wo 16 okt 2019 11:00:01 CEST "Anja" "Jada" "Shanna" "Chloë" "Vanessa"
wo 16 okt 2019 11:15:03 CEST "Selina" "Ellen" "Shanna" "Jet" "Vanessa"
wo 16 okt 2019 11:30:06 CEST "Shanna" "Vanessa"
wo 16 okt 2019 11:45:02 CEST "ॐ Gert ॐ" "Ellen" "Shanna" "Jet" "Vanessa"
wo 16 okt 2019 12:00:02 CEST "Brigitte" "Genova" "Vanessa" "Sandra"
wo 16 okt 2019 12:15:02 CEST "Kaatje" "Ellen" "Vanessa"
wo 16 okt 2019 12:30:02 CEST "Kaatje" "Vanessa" "Sijma"
wo 16 okt 2019 12:45:02 CEST "Kaatje" "Brigitte" "Genova" "Vanessa"
wo 16 okt 2019 13:00:02 CEST "Gerda" "Kaatje" "Brigitte" "Genova" "Vanessa"
wo 16 okt 2019 13:15:01 CEST "Brigitte" "ॐ Gert ॐ" "Vanessa"
wo 16 okt 2019 13:30:02 CEST "Brigitte" "ॐ Gert ॐ" "Vanessa" "Sijma"
wo 16 okt 2019 13:45:02 CEST "Funda" "Shanna" "Vanessa"
wo 16 okt 2019 14:00:01 CEST "Richard" "Brigitte" "ॐ Gert ॐ" "Funda" "Vanessa"
wo 16 okt 2019 14:15:02 CEST "Richard" "Tracy" "ॐ Gert ॐ" "Sharda" "Funda"
wo 16 okt 2019 14:30:02 CEST "Ingrid" "Richard" "Carine"
wo 16 okt 2019 14:45:01 CEST "Gerda" "Marianne" "Brigitte" "Sharda" "Carine"
wo 16 okt 2019 15:00:02 CEST "Marianne" "Tracy" "Sharda"
wo 16 okt 2019 15:15:01 CEST "ॐ Gert ॐ"
wo 16 okt 2019 15:30:02 CEST "Brigitte" "ॐ Gert ॐ" "Maria"
wo 16 okt 2019 15:45:02 CEST "Gerda" "ॐ Gert ॐ" "Maria"
wo 16 okt 2019 16:00:01 CEST "ॐ Gert ॐ" "Maria" "Sharda"
wo 16 okt 2019 16:15:02 CEST "Marianne" "Genova" "ॐ Gert ॐ" "Maria" "Ingrid"
wo 16 okt 2019 16:30:01 CEST "Marianne" "Brigitte" "Genova" "ॐ Gert ॐ" "Maria"
wo 16 okt 2019 16:45:02 CEST "Kaatje" "Marianne" "Gerda" "Brigitte" "Maria" "Jaap"
wo 16 okt 2019 17:00:01 CEST "Kaatje" "Marianne" "ॐ Gert ॐ" "Maria" "Ingrid" "Jaap"
wo 16 okt 2019 17:15:02 CEST "Marianne" "Gerda" "Ann" "ॐ Gert ॐ" "Maria" "Ingrid"
wo 16 okt 2019 17:30:02 CEST "Marianne" "Maria" "Jaap"
wo 16 okt 2019 17:45:02 CEST "Marianne" "Maria"
wo 16 okt 2019 18:00:01 CEST "Marianne" "Maria" "Chloë"
wo 16 okt 2019 18:15:02 CEST "Marianne" "Maria" "Henny"
wo 16 okt 2019 18:30:01 CEST "Marianne" "Amanda" "Maria" "Gina" "Henny"
wo 16 okt 2019 18:45:02 CEST "Marianne" "Amanda" "Maria" "Gina" "Henny"
wo 16 okt 2019 19:00:01 CEST "Richard" "Amanda" "Maria"
wo 16 okt 2019 19:15:02 CEST "Richard" "Quiny" "Amanda" "Maria"
wo 16 okt 2019 19:30:01 CEST "Gerda" "Richard" "ॐ Gert ॐ" "Amanda" "Maria" "Gina"
wo 16 okt 2019 19:45:02 CEST "Richard" "Marianne" "Ann" "ॐ Gert ॐ" "Amanda"
wo 16 okt 2019 20:00:02 CEST "Marianne" "Irma" "Tracy" "ॐ Gert ॐ"
wo 16 okt 2019 20:15:01 CEST "Ann" "Irma" "Quiny" "Tracy" "Gina"
wo 16 okt 2019 20:30:02 CEST "Milan" "Marianne" "Gerda" "Ann" "Quiny" "Sterre" "Gina"
wo 16 okt 2019 20:45:01 CEST "Milan" "Anja" "Marianne" "Ann" "Quiny" "Bianca" "ॐ Gert ॐ" "Amanda" "Gina"
wo 16 okt 2019 21:00:02 CEST "Milan" "Marianne" "Ann" "Tracy" "ॐ Gert ॐ" "Gina"
wo 16 okt 2019 21:15:01 CEST "Marianne" "Anja" "Richard" "Milan" "Ann" "Quiny" "ॐ Gert ॐ" "Vanessa" "Margareth"
wo 16 okt 2019 21:30:02 CEST "Milan" "Therese" "Marianne" "Bianca" "Tracy" "Genova" "ॐ Gert ॐ" "Maria" "Vanessa" "Gina"
wo 16 okt 2019 21:45:01 CEST "Therese" "Gerda" "Richard" "Marianne" "Tracy" "Genova" "ॐ Gert ॐ" "Vanessa"
wo 16 okt 2019 22:00:02 CEST "Therese" "Genova" "ॐ Gert ॐ" "Vanessa" "Margareth" "Gina"
wo 16 okt 2019 22:15:01 CEST "Richard" "Gerda" "Maria" "Vanessa" "Margareth" "Gina" "Carine"
wo 16 okt 2019 22:30:02 CEST "Richard" "Genova" "Vanessa"
wo 16 okt 2019 22:45:01 CEST "Richard" "Marianne" "Anja" "Genova" "Chloë" "Gina"
wo 16 okt 2019 23:00:02 CEST "Richard" "Marianne" "Genova" "Maria" "Chloë" "Gina" "Carine"
wo 16 okt 2019 23:15:01 CEST "Marianne" "Bianca" "Genova" "Chloë" "Gina"
wo 16 okt 2019 23:30:02 CEST "Marianne" "Genova" "kris"
wo 16 okt 2019 23:45:02 CEST
do 17 okt 2019 0:00:02 CEST
do 17 okt 2019 0:15:01 CEST
do 17 okt 2019 0:30:02 CEST "Marianne"
do 17 okt 2019 0:45:01 CEST
do 17 okt 2019 1:00:02 CEST
do 17 okt 2019 1:15:01 CEST
do 17 okt 2019 1:30:01 CEST
do 17 okt 2019 1:45:02 CEST
do 17 okt 2019 2:00:01 CEST
do 17 okt 2019 2:15:02 CEST
do 17 okt 2019 2:30:01 CEST
do 17 okt 2019 2:45:02 CEST
do 17 okt 2019 3:00:01 CEST
do 17 okt 2019 3:15:02 CEST
do 17 okt 2019 3:30:01 CEST
do 17 okt 2019 3:45:02 CEST
do 17 okt 2019 4:00:01 CEST
do 17 okt 2019 4:15:02 CEST
do 17 okt 2019 4:30:01 CEST
do 17 okt 2019 4:45:02 CEST
do 17 okt 2019 5:00:01 CEST
do 17 okt 2019 5:15:02 CEST
do 17 okt 2019 5:30:01 CEST
do 17 okt 2019 5:45:02 CEST
do 17 okt 2019 6:00:01 CEST
do 17 okt 2019 6:15:02 CEST "Janine"
do 17 okt 2019 6:30:01 CEST
do 17 okt 2019 6:45:02 CEST
do 17 okt 2019 7:00:01 CEST "Ellen"
do 17 okt 2019 7:15:02 CEST "Ellen"
do 17 okt 2019 7:30:01 CEST "Ellen" "Ellen"
do 17 okt 2019 7:45:02 CEST "Ellen"
do 17 okt 2019 8:00:01 CEST "Therese" "Ellen" "Ellen" "Chloë" "Janine"
do 17 okt 2019 8:15:02 CEST "Therese" "Margareth"
do 17 okt 2019 8:30:01 CEST "Jada"
do 17 okt 2019 8:45:02 CEST "Jada" "Ellen"
do 17 okt 2019 9:00:02 CEST "Jada" "Danny"
do 17 okt 2019 9:15:01 CEST "Jada"
do 17 okt 2019 9:30:02 CEST "Brigitte"
do 17 okt 2019 9:45:02 CEST "Brigitte" "Maria"
do 17 okt 2019 10:00:02 CEST "Jada" "Brigitte" "Gina" "Nelly"
do 17 okt 2019 10:15:02 CEST "Jada" "Cindy" "Gina" "Nelly"
do 17 okt 2019 10:30:02 CEST "Brigitte" "ॐ Gert ॐ" "Nelly" "Sandra" "Carine"
do 17 okt 2019 10:45:02 CEST "Jada" "Ellen" "Brigitte" "ॐ Gert ॐ" "Nelly" "Carine"
do 17 okt 2019 11:00:02 CEST "Jada" "Ellen" "Brigitte" "Cindy" "Sijma" "Carine"
do 17 okt 2019 11:15:06 CEST "Kaatje" "Jada" "Jeffy" "Sijma"
do 17 okt 2019 11:30:02 CEST "Kaatje" "Jada" "Brigitte" "ॐ Gert ॐ" "Maria" "Sijma" "Sandra"
do 17 okt 2019 11:45:02 CEST "Kaatje" "Jada" "Brigitte" "ॐ Gert ॐ"
do 17 okt 2019 12:00:01 CEST "Jael"
do 17 okt 2019 12:15:02 CEST "Brigitte"
do 17 okt 2019 12:30:02 CEST "Brigitte" "Ingrid"
do 17 okt 2019 12:45:02 CEST "Jael" "Brigitte" "Maria" "Ingrid" "Sijma"
do 17 okt 2019 13:00:01 CEST "Jael" "Ingrid" "Danny" "Wiena"
do 17 okt 2019 13:15:02 CEST "Kaatje" "Brigitte" "Ingrid"
do 17 okt 2019 13:30:02 CEST "Brigitte" "Ellen" "Ingrid" "Iliana" "Jeffy"
do 17 okt 2019 13:45:02 CEST "Ellen" "Jeffy"
do 17 okt 2019 14:00:03 CEST "Jael" "Bianca" "Ellen" "Sharda" "Jet" "Jeffy" "Danny" "Sijma"
do 17 okt 2019 14:15:01 CEST "Jael" "Anja" "Bianca" "Sharda" "Jet" "Danny"
do 17 okt 2019 14:30:02 CEST "Anja" "Bianca" "Maria" "Ellen" "Sharda"
do 17 okt 2019 14:45:02 CEST "Anja" "Maria" "Sharda"
do 17 okt 2019 15:00:02 CEST "Jael" "Therese" "Anja" "Jet"
do 17 okt 2019 15:15:06 CEST "Anja"
do 17 okt 2019 15:30:01 CEST "Anja" "Therese" "Henny"
do 17 okt 2019 15:45:02 CEST "Anja" "Maria" "Henny" "John"
do 17 okt 2019 16:00:02 CEST "Gerda" "Anja" "ॐ Gert ॐ" "Henny"
do 17 okt 2019 16:15:01 CEST "linda" "ॐ Gert ॐ" "Henny"
do 17 okt 2019 16:30:02 CEST "Anja"
do 17 okt 2019 16:45:01 CEST "Therese" "Anja" "Ann" "ॐ Gert ॐ"
do 17 okt 2019 17:00:02 CEST "Therese" "ॐ Gert ॐ"
do 17 okt 2019 17:15:01 CEST "Judith" "Therese" "ॐ Gert ॐ" "Shanna"
do 17 okt 2019 17:30:02 CEST "Natasja" "ॐ Gert ॐ" "Shanna"
do 17 okt 2019 17:45:01 CEST "Shanna" "Jeffy"
do 17 okt 2019 18:00:02 CEST "Ann" "Sonja" "Shanna" "Chloë" "Margareth" "❤ Maren ❤"
do 17 okt 2019 18:15:01 CEST "Natasja" "Sonja" "Shanna" "Margareth"
do 17 okt 2019 18:30:02 CEST "Natasja" "Sonja"
do 17 okt 2019 18:45:01 CEST "Marianne" "Anja" "Natasja"
do 17 okt 2019 19:00:02 CEST "Marianne" "Natasja"
do 17 okt 2019 19:15:01 CEST "Anja" "Natasja" "Sonja" "Ingrid"
do 17 okt 2019 19:30:02 CEST "Anja" "Therese" "Natasja"
do 17 okt 2019 19:45:02 CEST "Marianne" "Anja" "Therese" "Natasja" "Sonja" "Gina" "Sijma"
do 17 okt 2019 20:00:01 CEST "Marianne" "Therese" "Natasja" "Maria" "Sonja" "Sharda" "Ingrid" "Sijma"
do 17 okt 2019 20:15:02 CEST "Therese" "Natasja" "Tracy" "ॐ Gert ॐ" "Funda"
do 17 okt 2019 20:30:01 CEST "Therese" "Marianne" "Natasja" "Janine"
do 17 okt 2019 20:45:02 CEST "Marianne" "Natasja" "Janine" "Gina"
do 17 okt 2019 21:00:01 CEST "Therese" "Natasja" "ॐ Gert ॐ" "☥C☥JAH☥" "Chloë" "Janine" "Gina"
do 17 okt 2019 21:15:02 CEST "Marianne" "Therese" "Natasja" "ॐ Gert ॐ" "☥C☥JAH☥" "Funda" "Chloë" "Gina"
do 17 okt 2019 21:30:02 CEST "Therese" "Marianne" "Natasja" "ॐ Gert ॐ" "☥C☥JAH☥" "Sharda" "Chloë" "Gina"
do 17 okt 2019 21:45:01 CEST "Marianne" "Therese" "Natasja" "Bianca" "Irma" "Tracy" "ॐ Gert ॐ" "Mark" "☥C☥JAH☥" "Sharda" "Gina" "kris"
do 17 okt 2019 22:00:02 CEST "Therese" "Anja" "Marianne" "Natasja" "Bianca" "Irma" "Tracy" "ॐ Gert ॐ" "Mark" "☥C☥JAH☥" "Eva" "Sharda" "Chloë"
do 17 okt 2019 22:15:01 CEST "Anja" "Natasja" "Bianca" "Tracy" "ॐ Gert ॐ" "☥C☥JAH☥" "Eva" "Chloë"
do 17 okt 2019 22:30:02 CEST "Gerda" "Marianne" "Natasja" "Bianca" "Tracy" "ॐ Gert ॐ" "☥C☥JAH☥" "Eva" "Sharda" "Chloë"
do 17 okt 2019 22:45:01 CEST "Gerda" "Natasja" "Tracy" "ॐ Gert ॐ" "Maria" "Sharda"
do 17 okt 2019 23:00:02 CEST "Kaatje" "ॐ Gert ॐ"
do 17 okt 2019 23:15:02 CEST "Kaatje" "Marianne" "Therese" "Tracy" "ॐ Gert ॐ" "Gina"
do 17 okt 2019 23:30:01 CEST "Marianne" "Kaatje" "Therese" "Tracy" "ॐ Gert ॐ" "Maria" "Gina"
do 17 okt 2019 23:45:01 CEST "Therese" "Kaatje" "Ragh" "Tracy" "ॐ Gert ॐ"
vr 18 okt 2019 0:00:02 CEST "Kaatje" "Ragh" "Tracy" "ॐ Gert ॐ" "Chloë"
vr 18 okt 2019 0:15:01 CEST "Kaatje" "Ragh" "Chloë"
vr 18 okt 2019 0:30:02 CEST "Ragh" "Eva" "Chloë"
vr 18 okt 2019 0:45:01 CEST "Tracy"
vr 18 okt 2019 1:00:02 CEST
vr 18 okt 2019 1:15:02 CEST
vr 18 okt 2019 1:30:01 CEST
vr 18 okt 2019 1:45:01 CEST
vr 18 okt 2019 2:00:02 CEST
vr 18 okt 2019 2:15:01 CEST
vr 18 okt 2019 2:30:02 CEST
vr 18 okt 2019 2:45:01 CEST
vr 18 okt 2019 3:00:02 CEST
vr 18 okt 2019 3:15:01 CEST
vr 18 okt 2019 3:30:02 CEST
vr 18 okt 2019 3:45:01 CEST
vr 18 okt 2019 4:00:02 CEST
vr 18 okt 2019 4:15:01 CEST
vr 18 okt 2019 4:30:02 CEST
vr 18 okt 2019 4:45:01 CEST
vr 18 okt 2019 5:00:02 CEST
vr 18 okt 2019 5:15:01 CEST
vr 18 okt 2019 5:30:02 CEST
vr 18 okt 2019 5:45:01 CEST
vr 18 okt 2019 6:00:02 CEST
vr 18 okt 2019 6:15:01 CEST
vr 18 okt 2019 6:30:02 CEST
vr 18 okt 2019 6:45:01 CEST
vr 18 okt 2019 7:00:01 CEST
vr 18 okt 2019 7:15:01 CEST
vr 18 okt 2019 7:30:01 CEST "Amanda" "Ellen"
vr 18 okt 2019 7:45:02 CEST "Amanda"
vr 18 okt 2019 8:00:01 CEST "Ellen"
vr 18 okt 2019 8:15:02 CEST "Janine"
vr 18 okt 2019 8:30:02 CEST "Amanda" "Janine"
vr 18 okt 2019 8:45:01 CEST "linda" "Jada"
vr 18 okt 2019 9:00:02 CEST "Jada" "Amanda"
vr 18 okt 2019 9:15:02 CEST "Jada" "Amanda" "Marianne" "Vanessa"
vr 18 okt 2019 9:30:02 CEST "Jada" "Ann" "Amanda" "Marianne" "Vanessa"
vr 18 okt 2019 9:45:02 CEST "Ann" "Amanda" "Sonja" "Vanessa"
vr 18 okt 2019 10:00:02 CEST "Jada" "Ann" "Sonja" "Marianne"
vr 18 okt 2019 10:15:03 CEST "ॐ Gert ॐ" "Marianne" "Jet" "Chloë"
vr 18 okt 2019 10:30:02 CEST "ॐ Gert ॐ" "Selina" "Amanda" "Marianne" "Jet"
vr 18 okt 2019 10:45:02 CEST "Gerda" "Jada" "ॐ Gert ॐ" "Sonja" "Marianne" "Sijma"
vr 18 okt 2019 11:00:02 CEST "Jada" "ॐ Gert ॐ" "Sonja" "Marianne" "Sijma"
vr 18 okt 2019 11:15:02 CEST "ॐ Gert ॐ" "Marianne" "Gina"
vr 18 okt 2019 11:30:02 CEST "Wim" "Gerda" "ॐ Gert ॐ" "Amanda" "Marianne"
vr 18 okt 2019 11:45:01 CEST "Gerda" "Amanda" "Maria" "Marianne" "Max"
vr 18 okt 2019 12:03:05 CEST "Amanda" "Marianne"
za 19 okt 2019 1:30:02 CEST "Marianne" "ॐ Gert ॐ" "Kevin"
za 19 okt 2019 9:30:01 CEST "Jada" "Marianne" "ॐ Gert ॐ" "Kevin"
za 19 okt 2019 9:45:02 CEST "Jada" "ॐ Gert ॐ" "Kevin"
za 19 okt 2019 10:00:02 CEST "Jada" "ॐ Gert ॐ" "Kevin" "Gina" "Margareth"
za 19 okt 2019 10:15:02 CEST "Jada" "Marianne" "ॐ Gert ॐ" "Margareth"
za 19 okt 2019 10:30:02 CEST "Jada" "ॐ Gert ॐ" "Margareth"
za 19 okt 2019 10:45:02 CEST "Jada" "ॐ Gert ॐ" "Margareth" "Carine"
za 19 okt 2019 11:00:02 CEST "Jada" "Gina" "Margareth" "Carine"
za 19 okt 2019 11:15:03 CEST "Natasja" "Shanna" "Chloë" "Jeffy" "Gina" "Margareth"
za 19 okt 2019 11:30:02 CEST "ॐ Gert ॐ" "Amanda" "Shanna" "Chloë" "Gina" "Margareth"
za 19 okt 2019 11:45:02 CEST "Kaatje" "Natasja" "Marianne" "Amanda" "Chloë" "Gina" "Margareth"
za 19 okt 2019 12:00:02 CEST "Kaatje" "Natasja" "Marianne" "ॐ Gert ॐ" "Amanda" "Sterre" "Gina" "Margareth"
za 19 okt 2019 12:15:02 CEST "Kaatje" "Natasja" "Marianne" "Amanda" "Gina" "Margareth"
za 19 okt 2019 12:30:02 CEST "Natasja" "Ellen" "Marianne" "ॐ Gert ॐ" "Gina" "Margareth" "Max"
za 19 okt 2019 12:45:02 CEST "Natasja" "Ellen" "Marianne" "Amanda" "Gina" "Margareth"
za 19 okt 2019 13:00:02 CEST "Natasja" "Marianne" "ॐ Gert ॐ" "Amanda" "Gina" "Margareth"
za 19 okt 2019 13:15:02 CEST "Natasja" "ॐ Gert ॐ" "Amanda" "Gina" "Margareth"
za 19 okt 2019 13:30:02 CEST "Natasja" "ॐ Gert ॐ" "Gina" "Margareth"
za 19 okt 2019 13:45:03 CEST "Natasja" "Marianne" "ॐ Gert ॐ" "Gina" "Margareth" "Lin"
za 19 okt 2019 14:00:02 CEST "Natasja" "Marianne" "ॐ Gert ॐ" "Berna" "Gina" "Margareth"
za 19 okt 2019 14:15:02 CEST "Natasja" "Marianne" "ॐ Gert ॐ" "Kevin" "Gina"
za 19 okt 2019 14:30:02 CEST "Natasja" "ॐ Gert ॐ" "Berna" "Kevin" "Gina"
za 19 okt 2019 14:45:03 CEST "Natasja" "ॐ Gert ॐ" "Berna" "Gina" "Lin"
za 19 okt 2019 15:00:02 CEST "Natasja" "ॐ Gert ॐ" "Kevin" "Gina"
za 19 okt 2019 15:15:03 CEST "Natasja" "ॐ Gert ॐ" "Amanda" "Kevin" "Gina"
za 19 okt 2019 15:30:02 CEST "Natasja" "ॐ Gert ॐ" "Shanna" "Kevin" "Gina"
za 19 okt 2019 15:45:03 CEST "Natasja" "ॐ Gert ॐ" "Berna" "Kevin" "Gina"
za 19 okt 2019 16:00:02 CEST "Kaatje" "Natasja" "ॐ Gert ॐ" "Kevin" "Gina" "Lin"
za 19 okt 2019 16:15:02 CEST "Natasja" "ॐ Gert ॐ" "Kevin" "Gina"
za 19 okt 2019 16:30:02 CEST "Natasja" "ॐ Gert ॐ" "Kevin" "Gina"
za 19 okt 2019 16:45:02 CEST "Henk Jan" "Ann" "Natasja" "ॐ Gert ॐ" "Funda" "Kevin" "Gina"
za 19 okt 2019 17:00:02 CEST "Henk Jan" "Natasja" "ॐ Gert ॐ" "Funda" "Kevin" "Gina"
za 19 okt 2019 17:15:02 CEST "Kaatje" "Ann" "Natasja" "Tracy" "Chloë" "Kevin" "Gina"
za 19 okt 2019 17:30:02 CEST "Natasja" "Marianne" "Henk Jan" "Kevin" "Gina"
za 19 okt 2019 17:45:02 CEST "Natasja" "Tracy" "Marianne" "Henk Jan" "Kevin" "Gina"
za 19 okt 2019 18:00:03 CEST "Kaatje" "Natasja" "Tracy" "Marianne" "Henk Jan" "Kevin" "Gina"
za 19 okt 2019 18:15:02 CEST "Milan" "Kaatje" "Natasja" "Maria" "Kevin" "Gina"
za 19 okt 2019 18:30:01 CEST "Milan" "Natasja" "Marianne" "Kevin" "Gina"
za 19 okt 2019 18:45:03 CEST "Milan" "Natasja" "Kevin" "Gina"
za 19 okt 2019 19:00:02 CEST "Milan" "Kaatje" "Natasja" "Maria" "Kevin" "Lin"
za 19 okt 2019 19:15:02 CEST "Kaatje" "Milan" "Natasja" "Chloë" "Kevin"
za 19 okt 2019 19:30:02 CEST "Milan" "Natasja" "Kevin" "Gina" "Lin"
za 19 okt 2019 19:45:02 CEST "Milan" "Natasja" "Genova" "Kevin" "Iliana" "Margareth" "Gina"
za 19 okt 2019 20:00:02 CEST "Milan" "Natasja" "Kevin" "Iliana" "Gina" "Henny"
za 19 okt 2019 20:15:02 CEST "Natasja" "Tracy" "Genova" "Maria" "Chloë" "Kevin" "Margareth" "Gina"
za 19 okt 2019 20:30:02 CEST "Natasja" "Genova" "Megh" "Chloë" "Kevin" "Margareth" "Lin"
za 19 okt 2019 20:45:02 CEST "Danielle" "Natasja" "Genova" "Megh" "ॐ Gert ॐ" "Kevin" "Max" "Lin"
za 19 okt 2019 21:00:02 CEST "Natasja" "Tracy" "Irma" "Megh" "Kevin" "Lin"
za 19 okt 2019 21:15:02 CEST "Natasja" "Megh" "Kevin" "Lin"
za 19 okt 2019 21:30:02 CEST "Shay" "Irma" "Natasja" "Marianne" "Megh" "Kevin" "Sonja" "kris" "Lin"
za 19 okt 2019 21:45:02 CEST "Irma" "Natasja" "Megh" "Kevin" "Henny"
za 19 okt 2019 22:00:02 CEST "Natasja" "Tracy" "Maria" "Kevin" "Gina"
za 19 okt 2019 22:15:02 CEST "Natasja" "Funda" "Chloë" "Kevin" "Gina"
za 19 okt 2019 22:30:02 CEST "Natasja" "Chloë" "Kevin" "Gina"
za 19 okt 2019 22:45:02 CEST "Natasja" "Marianne" "Kevin" "Gina"
za 19 okt 2019 23:00:02 CEST "Natasja" "Maria" "Kevin" "Gina"
za 19 okt 2019 23:15:03 CEST "Danielle" "Natasja" "ॐ Gert ॐ" "Kevin" "Gina"
za 19 okt 2019 23:30:01 CEST "Danielle" "Natasja" "Tracy" "Marianne"
za 19 okt 2019 23:45:02 CEST "Danielle" "Natasja" "Kevin" "Gina"
zo 20 okt 2019 0:00:02 CEST "Natasja" "Marianne" "Kevin" "Gina"
zo 20 okt 2019 0:15:03 CEST "Natasja" "Marianne" "Kevin" "Gina"
zo 20 okt 2019 0:30:02 CEST "Natasja" "Tracy" "Marianne" "Kevin" "Gina"
zo 20 okt 2019 0:45:02 CEST "Natasja" "Tracy" "Gina"
zo 20 okt 2019 1:00:02 CEST "Natasja" "Kevin" "Gina"
zo 20 okt 2019 1:15:02 CEST "Natasja" "Shanna"
zo 20 okt 2019 1:30:02 CEST "Natasja" "Shanna"
zo 20 okt 2019 1:45:02 CEST "Natasja" "Shanna"
zo 20 okt 2019 9:30:02 CEST "Ann" "Natasja"
zo 20 okt 2019 9:45:02 CEST "Natasja"
zo 20 okt 2019 10:00:02 CEST "Natasja" "Amanda" "Max"
zo 20 okt 2019 10:15:02 CEST "Natasja" "Amanda" "Sharda" "Max"
zo 20 okt 2019 10:30:06 CEST "Natasja" "Amanda" "Sharda" "Gina"
zo 20 okt 2019 10:45:02 CEST "Therese" "Wim" "Ann" "Natasja" "Sharda"
zo 20 okt 2019 11:00:02 CEST "Wim" "Therese" "Natasja" "Gina"
zo 20 okt 2019 11:15:01 CEST "Wim" "Irma" "Natasja" "Iliana" "Gina"
zo 20 okt 2019 11:30:02 CEST "Irma" "Wim" "Natasja" "Lin"
zo 20 okt 2019 11:45:03 CEST "Kaatje" "Natasja" "Amanda" "Jet" "Sonja" "Gina" "Max" "Carine"
zo 20 okt 2019 12:00:01 CEST "Kaatje" "Ann" "Natasja" "Amanda" "Gina" "Max" "Carine"
zo 20 okt 2019 12:15:02 CEST "Kaatje" "Natasja" "Genova" "ॐ Gert ॐ" "Amanda" "Gina" "Max"
zo 20 okt 2019 12:30:03 CEST "Danielle" "Kaatje" "ॐ Gert ॐ" "Amanda" "Gina" "Lin"
zo 20 okt 2019 12:45:02 CEST "Kaatje" "Mark" "ॐ Gert ॐ" "Natasja" "Amanda" "Jet" "Gina" "Lin"
zo 20 okt 2019 13:00:01 CEST "Genova" "ॐ Gert ॐ" "Natasja" "Amanda" "Gina" "Lin"
zo 20 okt 2019 13:15:02 CEST "Danielle" "Genova" "ॐ Gert ॐ" "Natasja" "Sonja" "Gina"
zo 20 okt 2019 13:30:02 CEST "Genova" "Natasja" "Chloë" "Sonja" "Gina"
zo 20 okt 2019 13:45:02 CEST "Kaatje" "Natasja" "Gina" "Lin"
zo 20 okt 2019 14:00:03 CEST "Marianne" "Natasja" "Gina"
zo 20 okt 2019 14:15:02 CEST "Natasja" "Gina"
zo 20 okt 2019 14:30:02 CEST "Genova" "ॐ Gert ॐ" "Berna" "Amanda" "Sonja" "Gina"
zo 20 okt 2019 14:45:03 CEST "Jael" "ॐ Gert ॐ" "Berna" "Jeffy" "Danny" "Gina"
zo 20 okt 2019 15:00:03 CEST "Kaatje" "Natasja" "Amanda" "Jet" "Gina"
zo 20 okt 2019 15:15:02 CEST "Natasja" "Amanda" "Jet" "Jeffy" "Gina"
zo 20 okt 2019 15:30:02 CEST "Kaatje" "Mark" "Natasja" "Amanda" "Jet" "Sonja"
zo 20 okt 2019 15:45:02 CEST "Kaatje" "Tracy" "ॐ Gert ॐ" "Natasja" "Maria" "Amanda" "Jet" "Sonja"
zo 20 okt 2019 16:00:02 CEST "Kaatje" "Tracy" "Natasja" "Mariëlle" "Amanda" "Jet" "Sonja" "Yoanna"
zo 20 okt 2019 16:15:02 CEST "Tracy" "Natasja" "Mariëlle" "Ingrid" "Jet" "Yoanna"
zo 20 okt 2019 16:30:02 CEST "Tracy" "Natasja" "Mariëlle" "Amanda" "Jaap" "Gina" "Yoanna"
zo 20 okt 2019 16:45:02 CEST "Tracy" "Natasja" "ॐ Gert ॐ" "Mariëlle" "Amanda" "Yoanna"
zo 20 okt 2019 17:00:02 CEST "Tracy" "Natasja" "ॐ Gert ॐ" "Mariëlle" "Amanda" "Yoanna"
zo 20 okt 2019 17:15:03 CEST "Natasja" "Mariëlle" "Ingrid" "Amanda" "Max" "Yoanna"
zo 20 okt 2019 17:30:02 CEST "Therese" "Natasja" "Mariëlle" "Ingrid" "Amanda" "Jeffy" "Yoanna"
zo 20 okt 2019 17:45:02 CEST "Marianne" "Natasja" "Maria" "ॐ Gert ॐ" "Mariëlle" "Ingrid" "Yoanna"
zo 20 okt 2019 18:00:02 CEST "Marja" "Marianne" "Natasja" "ॐ Gert ॐ" "Mariëlle" "Ingrid" "Jeffy" "Yoanna"
zo 20 okt 2019 18:15:01 CEST "Kaatje" "Marianne" "Natasja" "Mariëlle" "Ingrid" "Henny" "Yoanna"
zo 20 okt 2019 18:30:03 CEST "Kaatje" "Mark" "Natasja" "Mariëlle" "Ingrid" "Margareth" "Henny" "Yoanna"
zo 20 okt 2019 18:45:02 CEST "Therese" "Kaatje" "Mark" "Natasja" "Mariëlle" "Ingrid" "Sonja" "Margareth" "Gina" "Henny" "Yoanna"
zo 20 okt 2019 19:00:02 CEST "Therese" "Ann" "Mariëlle" "Ingrid" "Margareth" "Gina" "Yoanna"
zo 20 okt 2019 19:15:02 CEST "Therese" "Quiny" "Maria" "Mariëlle" "Ingrid" "Margareth" "Yoanna"
zo 20 okt 2019 19:30:02 CEST "Therese" "Maria" "Mariëlle" "Ingrid" "Margareth" "Lin" "Sijma" "Yoanna"
zo 20 okt 2019 19:45:02 CEST "Maria" "Mariëlle" "Ingrid" "Sonja" "Sijma" "Yoanna"
zo 20 okt 2019 20:00:03 CEST "Therese" "Quiny" "Marianne" "Maria" "Mariëlle" "Ingrid" "Sonja" "Gina" "Yoanna"
zo 20 okt 2019 20:15:02 CEST "Therese" "Quiny" "Maria" "Mariëlle" "Ingrid" "Kevin" "Sharda" "Janine" "Gina" "Yoanna"
zo 20 okt 2019 20:30:02 CEST "Richard" "Tracy" "Mariëlle" "Kevin" "Sharda" "Janine" "Yoanna"
zo 20 okt 2019 20:45:02 CEST "Therese" "Richard" "Marja" "Tracy" "Marianne" "Mariëlle" "Kevin" "Sharda" "Janine" "Gina" "Lin" "Yoanna"
zo 20 okt 2019 21:00:02 CEST "Danielle" "Richard" "Tracy" "Marianne" "ॐ Gert ॐ" "Mariëlle" "Kevin" "Sharda" "Henny" "Yoanna"
zo 20 okt 2019 21:15:02 CEST "Therese" "Richard" "Wim" "Tracy" "Quiny" "Mariëlle" "Kevin" "Sharda" "Lin" "Yoanna"
zo 20 okt 2019 21:30:02 CEST "Danielle" "Wim" "Therese" "Tracy" "Maria" "Mariëlle" "Kevin" "Sharda" "Lin" "Henny" "Yoanna"
zo 20 okt 2019 21:45:02 CEST "Therese" "Danielle" "Wim" "Tracy" "Marianne" "ॐ Gert ॐ" "Mariëlle" "Kevin" "Sharda" "Yoanna"
zo 20 okt 2019 22:00:02 CEST "Danielle" "Wim" "Quiny" "Marianne" "Mariëlle" "Kevin" "Yoanna"
zo 20 okt 2019 22:15:02 CEST "Therese" "Mariëlle" "Kevin" "Yoanna"
zo 20 okt 2019 22:30:02 CEST "Therese" "Mariëlle" "Yoanna"
zo 20 okt 2019 22:45:04 CEST "Kaatje" "Tracy" "Mark" "Mariëlle" "Yoanna"
zo 20 okt 2019 23:00:03 CEST "Tracy" "Maria" "Mariëlle" "Gina" "Yoanna"
zo 20 okt 2019 23:15:03 CEST "Tracy" "Mariëlle" "Gina" "Yoanna"
zo 20 okt 2019 23:30:02 CEST "Danielle" "Mariëlle" "Chloë" "Gina" "Yoanna"
zo 20 okt 2019 23:45:02 CEST "Tracy" "Marianne" "Mariëlle" "Chloë" "Gina" "Yoanna"
ma 21 okt 2019 0:00:02 CEST "Mariëlle" "Yoanna"
ma 21 okt 2019 0:15:02 CEST "Mariëlle" "Yoanna"
ma 21 okt 2019 0:30:02 CEST "Mariëlle" "Yoanna"
ma 21 okt 2019 0:45:02 CEST "Mariëlle" "Kevin" "Janine" "Yoanna"
ma 21 okt 2019 1:00:02 CEST "Mariëlle" "Kevin" "Janine" "Yoanna"
ma 21 okt 2019 1:15:02 CEST "Mariëlle" "Kevin" "Janine" "Yoanna"
ma 21 okt 2019 9:30:02 CEST "Mariëlle" "Nelly" "Yoanna" "Janette"
ma 21 okt 2019 9:45:02 CEST "Jada" "Brigitte" "Mariëlle" "Chloë" "Jet" "Nelly" "Yoanna" "Janette"
ma 21 okt 2019 10:00:02 CEST "Jada" "Brigitte" "Mariëlle" "Yoanna"
ma 21 okt 2019 10:15:01 CEST "Jada" "Mariëlle" "Amanda" "Gina" "Max" "Yoanna"
ma 21 okt 2019 10:30:02 CEST "Jada" "Brigitte" "Mariëlle" "Jet" "Max" "Yoanna"
ma 21 okt 2019 10:45:02 CEST "Jada" "Brigitte" "Selina" "Mariëlle" "Amanda" "Gina" "Max" "Yoanna"
ma 21 okt 2019 11:00:02 CEST "ॐ Gert ॐ" "Mariëlle" "Gina" "Yoanna"
ma 21 okt 2019 11:15:02 CEST "Ann" "ॐ Gert ॐ" "Mariëlle" "Shanna" "Gina" "Yoanna"
ma 21 okt 2019 11:30:02 CEST "Brigitte" "Mariëlle" "Shanna" "Gina" "Yoanna"
ma 21 okt 2019 11:45:02 CEST "Richard" "Jada" "Mariëlle" "Gina" "Yoanna"
ma 21 okt 2019 12:00:04 CEST "Jada" "Mariëlle" "Kevin" "Gina" "Yoanna"
ma 21 okt 2019 12:15:02 CEST "Richard" "Ellen" "Mariëlle" "Amanda" "Gina" "Yoanna"
ma 21 okt 2019 12:30:02 CEST "Brigitte" "Mariëlle" "Danny" "Gina" "Yoanna"
ma 21 okt 2019 12:45:01 CEST "Kaatje" "Brigitte" "Mariëlle" "Amanda" "Gina" "Yoanna"
ma 21 okt 2019 13:00:02 CEST "Mariëlle" "Amanda" "Gina" "Yoanna"
ma 21 okt 2019 13:15:02 CEST "Mariëlle" "Amanda" "Kevin" "Yoanna" "Carine"
ma 21 okt 2019 13:30:02 CEST "ॐ Gert ॐ" "Mariëlle" "Kevin" "Yoanna"
ma 21 okt 2019 13:45:02 CEST "Gerda" "ॐ Gert ॐ" "Mariëlle" "Amanda" "Kevin" "Gina" "Yoanna"
ma 21 okt 2019 14:00:02 CEST "Gerda" "ॐ Gert ॐ" "Amanda" "Kevin" "Yoanna"
ma 21 okt 2019 14:15:02 CEST "Gerda" "Jet" "Kevin"
ma 21 okt 2019 14:30:02 CEST "Kaatje" "Amanda" "Kevin"
ma 21 okt 2019 14:45:02 CEST "Ellen" "Genova" "Amanda" "Kevin" "Gina" "Max"
ma 21 okt 2019 15:00:03 CEST "Ellen" "Amanda" "Kevin" "Iliana" "Gina" "Max"
ma 21 okt 2019 15:15:02 CEST "Genova" "ॐ Gert ॐ" "Amanda" "Kevin" "Jet" "Lin" "Saul"
ma 21 okt 2019 15:30:03 CEST "Gerda" "Kevin" "Saul" "Henny"
ma 21 okt 2019 15:45:02 CEST "Lin" "Saul"
ma 21 okt 2019 16:00:02 CEST "Amanda" "Saul"
ma 21 okt 2019 16:15:03 CEST "Kaatje" "Gerda" "Brigitte" "Saul"
ma 21 okt 2019 16:30:02 CEST "Gerda" "Tracy" "Amanda" "Saul"
ma 21 okt 2019 16:45:03 CEST "Richard" "Gerda" "Kaatje" "Tracy" "❤ Maren ❤" "Saul" "Henny"
ma 21 okt 2019 17:00:02 CEST "Wim" "Gerda" "Tracy" "Saul" "Henny"
ma 21 okt 2019 17:15:02 CEST "Gerda" "Tracy" "Brigitte" "ॐ Gert ॐ" "Marianne" "Saul"
ma 21 okt 2019 17:30:02 CEST "Ellen" "Tracy" "Marianne" "Saul"
ma 21 okt 2019 17:45:02 CEST "Kaatje" "Ellen" "Lin" "Saul"
ma 21 okt 2019 18:00:02 CEST "Ellen" "Saul"
ma 21 okt 2019 18:15:02 CEST "Kaatje" "Amanda" "Sonja" "Saul" "Sandra"
ma 21 okt 2019 18:30:02 CEST "Kaatje" "Amanda" "Sonja" "Lin" "Saul"
ma 21 okt 2019 18:45:02 CEST "Amanda" "Shanna" "Lin" "Saul"
ma 21 okt 2019 19:00:02 CEST "Kaatje" "Sterre" "Sharda" "Gina" "Saul"
ma 21 okt 2019 19:15:03 CEST "Richard" "Kaatje" "Berna" "Marianne" "Amanda" "Jet" "Shanna" "Saul"
ma 21 okt 2019 19:30:01 CEST "Kaatje" "Amanda" "Shanna" "Lin" "Saul"
ma 21 okt 2019 19:45:02 CEST "Amanda" "Gina" "Saul"
ma 21 okt 2019 20:00:02 CEST "Amanda" "Jet" "Sharda" "Janine" "Saul"
ma 21 okt 2019 20:15:02 CEST "Genova" "☥C☥JAH☥" "Shanna" "Sharda" "Janine" "Saul"
ma 21 okt 2019 20:30:03 CEST "Genova" "☥C☥JAH☥" "ॐ Gert ॐ" "Shanna" "Sharda" "Janine" "Saul"
ma 21 okt 2019 20:45:02 CEST "Anja" "Wim" "Genova" "☥C☥JAH☥" "ॐ Gert ॐ" "Janine" "Saul"
ma 21 okt 2019 21:00:03 CEST "Wim" "Genova" "☥C☥JAH☥" "ॐ Gert ॐ" "Saul"
ma 21 okt 2019 21:15:02 CEST "Danielle" "Wim" "Kaatje" "Genova" "☥C☥JAH☥" "ॐ Gert ॐ" "Sterre" "Shanna" "Saul"
ma 21 okt 2019 21:30:02 CEST "Kaatje" "Tracy" "Genova" "☥C☥JAH☥" "ॐ Gert ॐ" "Shanna" "Gina" "Saul" "Sandra"
ma 21 okt 2019 21:45:03 CEST "Richard" "Kaatje" "Tracy" "☥C☥JAH☥" "ॐ Gert ॐ" "Shanna" "Saul" "Sandra"
ma 21 okt 2019 22:00:02 CEST "Danielle" "Wim" "Richard" "Tracy" "Bianca" "☥C☥JAH☥" "ॐ Gert ॐ" "Sterre" "Shanna" "Gina" "Saul" "Sandra"
ma 21 okt 2019 22:15:02 CEST "Wim" "Richard" "Danielle" "Tracy" "Bianca" "ॐ Gert ॐ" "Kevin" "Shanna" "Gina" "Margareth" "Saul" "Sandra"
ma 21 okt 2019 22:30:02 CEST "Danielle" "Richard" "Tracy" "ॐ Gert ॐ" "Marianne" "Kevin" "Shanna" "Gina" "Margareth" "Lin" "Saul" "Sandra"
ma 21 okt 2019 22:45:02 CEST "Richard" "Danielle" "Tracy" "ॐ Gert ॐ" "Marianne" "Kevin" "Gina" "Margareth" "Saul" "Sandra"
ma 21 okt 2019 23:00:02 CEST "Danielle" "Richard" "Milan" "Kaatje" "Tracy" "ॐ Gert ॐ" "Margareth" "Saul" "Sandra"
ma 21 okt 2019 23:15:02 CEST "Danielle" "Richard" "Tracy" "Marianne" "ॐ Gert ॐ" "Gina" "Saul" "Sandra"
ma 21 okt 2019 23:30:02 CEST "Tracy" "Marianne" "Kevin" "Gina" "Saul" "Sandra"
ma 21 okt 2019 23:45:02 CEST "Tracy" "Kevin" "Gina" "Saul" "Sandra"
di 22 okt 2019 0:00:02 CEST "Tracy" "Marianne" "Gina" "Saul" "Sandra"
di 22 okt 2019 0:15:02 CEST "Marianne" "Gina" "Saul" "Sandra"
di 22 okt 2019 0:30:03 CEST "Tracy" "Marianne" "Saul" "Sandra"
di 22 okt 2019 0:45:02 CEST "Saul" "Sandra"
di 22 okt 2019 1:00:02 CEST "Marianne" "Saul" "Sandra"
di 22 okt 2019 1:15:02 CEST "Saul" "Sandra"
di 22 okt 2019 1:30:02 CEST "Saul" "Sandra"
di 22 okt 2019 1:45:02 CEST "Saul" "Sandra"
di 22 okt 2019 9:30:03 CEST "Anja" "Yasemin" "Margareth" "Saul" "Sandra"
di 22 okt 2019 9:45:02 CEST "Brigitte" "Yasemin" "Selina" "Margareth" "Saul" "Sandra"
di 22 okt 2019 10:00:02 CEST "Anja" "Brigitte" "Selina" "Jet" "Margareth" "Saul" "Sandra"
di 22 okt 2019 10:15:01 CEST "Anja" "Brigitte" "Selina" "Marianne" "Jeffy" "Danny" "Margareth" "Saul" "Sandra"
di 22 okt 2019 10:30:02 CEST "Anja" "Ann" "Ellen" "Brigitte" "Selina" "Ellen" "Jet" "Ton" "Margareth" "Saul" "Sandra"
di 22 okt 2019 10:45:02 CEST "Ann" "Anja" "Brigitte" "Yasemin" "Marianne" "Jet" "Ton" "Margareth" "Saul" "Sandra"
di 22 okt 2019 11:00:02 CEST "Brigitte" "ॐ Gert ॐ" "Marianne" "Ton" "Margareth" "Saul" "Sandra"
di 22 okt 2019 11:15:03 CEST "Anja" "Maria" "Marianne" "Selina" "Margareth" "Saul" "Sandra"
di 22 okt 2019 11:30:02 CEST "Maria" "ॐ Gert ॐ" "Marianne" "Selina" "Margareth" "Saul" "Sandra"
di 22 okt 2019 11:45:02 CEST "Anja" "Maria" "Marianne" "Selina" "Jet" "Margareth" "Saul" "Sandra"
di 22 okt 2019 12:00:02 CEST "Anja" "Brigitte" "Marianne" "Jet" "Margareth" "Saul" "Sandra"
zo 27 sep 2020 15:41:44 CEST ["Familie-Vrienden" ["Carriere-werk" ["Liefde-Relatie" ["Liefde-Relatie" ["Familie-Vrienden" ["Carriere-werk" ["Carriere-werk" ["Carriere-werk" ["Droomverklaring" ["Droomverklaring" ["Familie-Vrienden"
