ma 23 mrt 2020 14:00:26 CET , [Liefde-Relatie,[Liefde-Relatie,[Carriere-werk,[Carriere-werk,[Carriere-werk,[Financien-welvaart,[Carriere-werk,[Carriere-werk,[Carriere-werk,[Droomverklaring,[Carriere-werk,[Liefde-Relatie,[Carriere-werk,[Familie-Vrienden,[Financien-welvaart,[Carriere-werk
ma 23 mrt 2020 14:15:01 CET , [Carriere-werk,[Liefde-Relatie,[Liefde-Relatie,[Liefde-Relatie,[Carriere-werk,[Carriere-werk,[Carriere-werk,[Carriere-werk,[Carriere-werk,[Financien-welvaart,[Droomverklaring,[Liefde-Relatie,[Liefde-Relatie,[Carriere-werk,[Familie-Vrienden,[Financien-welvaart,[Carriere-werk
za 28 mrt 2020 0:52:49 CET , [Financien-welvaart,[Carriere-werk
za 28 mrt 2020 9:15:30 CET , [Carriere-werk,[Liefde-Relatie,[Droomverklaring,[Huisdieren,[Carriere-werk,[Droomverklaring,[Liefde-Relatie,[Droomverklaring,[Carriere-werk,[Liefde-Relatie,[Liefde-Relatie,[Carriere-werk
za 28 mrt 2020 9:16:36 CET , [Carriere-werk,[Liefde-Relatie,[Droomverklaring,[Huisdieren,[Carriere-werk,[Droomverklaring,[Liefde-Relatie,[Droomverklaring,[Carriere-werk,[Liefde-Relatie,[Liefde-Relatie,[Carriere-werk
za 28 mrt 2020 9:30:02 CET , [Liefde-Relatie,[Droomverklaring,[Huisdieren,[Carriere-werk,[Droomverklaring,[Liefde-Relatie,[Droomverklaring,[Liefde-Relatie,[Carriere-werk
za 28 mrt 2020 9:45:02 CET , [Liefde-Relatie,[Liefde-Relatie,[Droomverklaring,[Huisdieren,[Droomverklaring,[Carriere-werk,[Liefde-Relatie,[Carriere-werk
za 28 mrt 2020 10:00:01 CET , [Carriere-werk,[Liefde-Relatie,[Carriere-werk,[Liefde-Relatie,[Droomverklaring,[Huisdieren,[Droomverklaring,[Carriere-werk,[Liefde-Relatie
za 28 mrt 2020 10:15:02 CET , [Carriere-werk,[Liefde-Relatie,[Droomverklaring,[Huisdieren,[Carriere-werk,[Carriere-werk,[Carriere-werk,[Droomverklaring,[Carriere-werk,[Liefde-Relatie,[Carriere-werk
za 28 mrt 2020 10:30:02 CET , [Carriere-werk,[Liefde-Relatie,[Liefde-Relatie,[Huisdieren,[Carriere-werk,[Carriere-werk,[Carriere-werk,[Droomverklaring,[Liefde-Relatie,[Carriere-werk
za 28 mrt 2020 10:45:02 CET , [Carriere-werk,[Liefde-Relatie,[Liefde-Relatie,[Huisdieren,[Carriere-werk,[Carriere-werk,[Droomverklaring,[Carriere-werk,[Carriere-werk,[Liefde-Relatie,[Carriere-werk
za 28 mrt 2020 11:00:01 CET , [Liefde-Relatie,[Carriere-werk,[Liefde-Relatie,[Huisdieren,[Carriere-werk,[Carriere-werk,[Carriere-werk,[Droomverklaring,[Liefde-Relatie,[Carriere-werk,[Carriere-werk,[Liefde-Relatie,[Carriere-werk,[Carriere-werk
za 28 mrt 2020 11:15:02 CET , [Liefde-Relatie,[Liefde-Relatie,[Liefde-Relatie,[Huisdieren,[Carriere-werk,[Carriere-werk,[Droomverklaring,[Liefde-Relatie,[Carriere-werk,[Liefde-Relatie,[Carriere-werk,[Carriere-werk
za 28 mrt 2020 11:30:02 CET , [Liefde-Relatie,[Liefde-Relatie,[Huisdieren,[Carriere-werk,[Carriere-werk,[Carriere-werk,[Liefde-Relatie,[Carriere-werk,[Liefde-Relatie,[Carriere-werk,[Carriere-werk
za 28 mrt 2020 11:45:01 CET , [Liefde-Relatie,[Liefde-Relatie,[Huisdieren,[Carriere-werk,[Carriere-werk,[Carriere-werk,[Carriere-werk,[Liefde-Relatie,[Carriere-werk,[Liefde-Relatie,[Carriere-werk
za 28 mrt 2020 12:00:02 CET , [Carriere-werk,[Carriere-werk,[Carriere-werk,[Liefde-Relatie,[Familie-Vrienden,[Carriere-werk,[Liefde-Relatie,[Carriere-werk
za 28 mrt 2020 12:15:02 CET , [Carriere-werk,[Liefde-Relatie,[Carriere-werk,[Carriere-werk,[Liefde-Relatie,[Carriere-werk,[Liefde-Relatie,[Familie-Vrienden,[Familie-Vrienden,[Carriere-werk,[Liefde-Relatie,[Carriere-werk
za 28 mrt 2020 12:30:02 CET , [Carriere-werk,[Liefde-Relatie,[Liefde-Relatie,[Carriere-werk,[Carriere-werk,[Liefde-Relatie,[Carriere-werk,[Liefde-Relatie,[Carriere-werk,[Familie-Vrienden,[Familie-Vrienden,[Carriere-werk,[Carriere-werk
za 28 mrt 2020 12:45:01 CET , [Carriere-werk,[Liefde-Relatie,[Liefde-Relatie,[Liefde-Relatie,[Carriere-werk,[Carriere-werk,[Carriere-werk,[Liefde-Relatie,[Carriere-werk,[Liefde-Relatie,[Carriere-werk,[Familie-Vrienden,[Familie-Vrienden,[Carriere-werk,[Liefde-Relatie,[Carriere-werk
za 28 mrt 2020 13:00:02 CET , [Carriere-werk,[Liefde-Relatie,[Carriere-werk,[Carriere-werk,[Carriere-werk,[Financien-welvaart,[Liefde-Relatie,[Carriere-werk,[Liefde-Relatie,[Carriere-werk,[Familie-Vrienden,[Familie-Vrienden,[Carriere-werk,[Liefde-Relatie,[Liefde-Relatie,[Carriere-werk
za 28 mrt 2020 13:15:02 CET , [Carriere-werk,[Liefde-Relatie,[Liefde-Relatie,[Liefde-Relatie,[Carriere-werk,[Carriere-werk,[Financien-welvaart,[Carriere-werk,[Carriere-werk,[Liefde-Relatie,[Carriere-werk,[Familie-Vrienden,[Financien-welvaart,[Familie-Vrienden,[Carriere-werk,[Liefde-Relatie,[Liefde-Relatie,[Carriere-werk
za 28 mrt 2020 13:30:01 CET , [Carriere-werk,[Liefde-Relatie,[Liefde-Relatie,[Carriere-werk,[Financien-welvaart,[Liefde-Relatie,[Carriere-werk,[Liefde-Relatie,[Financien-welvaart,[Carriere-werk,[Liefde-Relatie,[Liefde-Relatie,[Carriere-werk
za 28 mrt 2020 13:45:01 CET , [Carriere-werk,[Liefde-Relatie,[Liefde-Relatie,[Carriere-werk,[Financien-welvaart,[Liefde-Relatie,[Carriere-werk,[Liefde-Relatie,[Carriere-werk,[Financien-welvaart,[Familie-Vrienden,[Carriere-werk,[Carriere-werk,[Liefde-Relatie,[Carriere-werk
za 28 mrt 2020 14:00:02 CET , [Carriere-werk,[Liefde-Relatie,[Liefde-Relatie,[Carriere-werk,[Carriere-werk,[Financien-welvaart,[Liefde-Relatie,[Carriere-werk,[Liefde-Relatie,[Carriere-werk,[Financien-welvaart,[Familie-Vrienden,[Carriere-werk,[Carriere-werk,[Carriere-werk,[Liefde-Relatie,[Liefde-Relatie,[Carriere-werk
za 28 mrt 2020 14:15:01 CET , [Carriere-werk,[Liefde-Relatie,[Liefde-Relatie,[Carriere-werk,[Financien-welvaart,[Liefde-Relatie,[Carriere-werk,[Liefde-Relatie,[Carriere-werk,[Financien-welvaart,[Carriere-werk,[Liefde-Relatie,[Carriere-werk
za 28 mrt 2020 14:30:02 CET , [Carriere-werk,[Liefde-Relatie,[Carriere-werk,[Liefde-Relatie,[Carriere-werk,[Liefde-Relatie,[Carriere-werk,[Financien-welvaart,[Carriere-werk,[Carriere-werk,[Liefde-Relatie,[Carriere-werk
za 28 mrt 2020 14:45:02 CET , [Carriere-werk,[Liefde-Relatie,[Liefde-Relatie,[Carriere-werk,[Carriere-werk,[Financien-welvaart,[Carriere-werk,[Liefde-Relatie,[Carriere-werk,[Financien-welvaart,[Carriere-werk,[Carriere-werk,[Liefde-Relatie,[Carriere-werk,[Liefde-Relatie,[Liefde-Relatie
za 28 mrt 2020 15:00:02 CET , [Carriere-werk,[Liefde-Relatie,[Carriere-werk,[Carriere-werk,[Financien-welvaart,[Carriere-werk,[Droomverklaring,[Liefde-Relatie,[Carriere-werk,[Liefde-Relatie,[Liefde-Relatie,[Liefde-Relatie
za 28 mrt 2020 15:15:01 CET , [Carriere-werk,[Liefde-Relatie,[Carriere-werk,[Financien-welvaart,[Carriere-werk,[Liefde-Relatie,[Familie-Vrienden,[Carriere-werk,[Liefde-Relatie,[Liefde-Relatie,[Liefde-Relatie
za 28 mrt 2020 15:30:02 CET , [Carriere-werk,[Liefde-Relatie,[Carriere-werk,[Carriere-werk,[Carriere-werk,[Liefde-Relatie,[Financien-welvaart,[Familie-Vrienden,[Carriere-werk,[Liefde-Relatie,[Liefde-Relatie
za 28 mrt 2020 15:45:02 CET , [Carriere-werk,[Liefde-Relatie,[Carriere-werk,[Carriere-werk,[Carriere-werk,[Carriere-werk,[Droomverklaring,[Carriere-werk,[Liefde-Relatie,[Liefde-Relatie,[Liefde-Relatie
za 28 mrt 2020 16:00:01 CET , [Carriere-werk,[Liefde-Relatie,[Familie-Vrienden,[Carriere-werk,[Carriere-werk,[Carriere-werk,[Financien-welvaart,[Carriere-werk,[Carriere-werk,[Liefde-Relatie,[Liefde-Relatie,[Liefde-Relatie
za 28 mrt 2020 16:15:02 CET , [Carriere-werk,[Liefde-Relatie,[Familie-Vrienden,[Carriere-werk,[Carriere-werk,[Carriere-werk,[Financien-welvaart,[Carriere-werk,[Liefde-Relatie,[Carriere-werk,[Liefde-Relatie,[Liefde-Relatie,[Carriere-werk
za 28 mrt 2020 16:30:01 CET , [Carriere-werk,[Familie-Vrienden,[Liefde-Relatie,[Carriere-werk,[Carriere-werk,[Financien-welvaart,[Familie-Vrienden,[Carriere-werk,[Liefde-Relatie,[Carriere-werk,[Liefde-Relatie,[Financien-welvaart,[Liefde-Relatie
za 28 mrt 2020 16:45:02 CET , [Carriere-werk,[Familie-Vrienden,[Carriere-werk,[Carriere-werk,[Liefde-Relatie,[Financien-welvaart,[Familie-Vrienden,[Carriere-werk,[Carriere-werk,[Financien-welvaart,[Liefde-Relatie,[Liefde-Relatie
za 28 mrt 2020 17:00:02 CET , [Carriere-werk,[Carriere-werk,[Liefde-Relatie,[Liefde-Relatie,[Familie-Vrienden,[Carriere-werk,[Carriere-werk,[Financien-welvaart,[Liefde-Relatie,[Liefde-Relatie
za 28 mrt 2020 17:15:01 CET , [Carriere-werk,[Carriere-werk,[Financien-welvaart,[Liefde-Relatie,[Financien-welvaart,[Familie-Vrienden,[Liefde-Relatie,[Liefde-Relatie,[Liefde-Relatie
za 28 mrt 2020 17:30:02 CET , [Familie-Vrienden,[Carriere-werk,[Carriere-werk,[Carriere-werk,[Familie-Vrienden,[Carriere-werk,[Liefde-Relatie,[Liefde-Relatie,[Liefde-Relatie,[Carriere-werk
za 28 mrt 2020 17:45:03 CET , [Carriere-werk,[Familie-Vrienden,[Carriere-werk,[Carriere-werk,[Liefde-Relatie,[Carriere-werk,[Liefde-Relatie,[Carriere-werk
za 28 mrt 2020 18:00:03 CET , [Carriere-werk,[Carriere-werk,[Familie-Vrienden,[Carriere-werk,[Liefde-Relatie,[Liefde-Relatie,[Carriere-werk
za 28 mrt 2020 18:15:01 CET , [Carriere-werk,[Familie-Vrienden,[Carriere-werk,[Liefde-Relatie,[Liefde-Relatie,[Carriere-werk
za 28 mrt 2020 18:30:02 CET , [Carriere-werk,[Familie-Vrienden,[Carriere-werk,[Carriere-werk,[Carriere-werk,[Liefde-Relatie,[Liefde-Relatie,[Carriere-werk
za 28 mrt 2020 18:45:02 CET , [Familie-Vrienden,[Carriere-werk,[Carriere-werk,[Carriere-werk,[Carriere-werk,[Carriere-werk,[Liefde-Relatie,[Liefde-Relatie,[Liefde-Relatie,[Liefde-Relatie,[Carriere-werk
za 28 mrt 2020 19:00:03 CET , [Carriere-werk,[Familie-Vrienden,[Carriere-werk,[Carriere-werk,[Carriere-werk,[Liefde-Relatie,[Liefde-Relatie,[Liefde-Relatie,[Liefde-Relatie,[Carriere-werk
za 28 mrt 2020 19:15:01 CET , [Familie-Vrienden,[Carriere-werk,[Carriere-werk,[Carriere-werk,[Liefde-Relatie,[Financien-welvaart,[Liefde-Relatie,[Liefde-Relatie,[Liefde-Relatie,[Carriere-werk
za 28 mrt 2020 19:30:02 CET , [Familie-Vrienden,[Carriere-werk,[Carriere-werk,[Carriere-werk,[Carriere-werk,[Liefde-Relatie,[Financien-welvaart,[Familie-Vrienden,[Liefde-Relatie,[Liefde-Relatie,[Financien-welvaart,[Liefde-Relatie,[Carriere-werk
za 28 mrt 2020 19:45:01 CET , [Familie-Vrienden,[Carriere-werk,[Carriere-werk,[Liefde-Relatie,[Carriere-werk,[Liefde-Relatie,[Financien-welvaart,[Familie-Vrienden,[Carriere-werk,[Liefde-Relatie,[Liefde-Relatie,[Liefde-Relatie,[Financien-welvaart,[Liefde-Relatie,[Carriere-werk
za 28 mrt 2020 20:00:02 CET , [Carriere-werk,[Carriere-werk,[Liefde-Relatie,[Liefde-Relatie,[Financien-welvaart,[Familie-Vrienden,[Carriere-werk,[Liefde-Relatie,[Liefde-Relatie,[Financien-welvaart,[Liefde-Relatie,[Carriere-werk
za 28 mrt 2020 20:15:02 CET , [Carriere-werk,[Carriere-werk,[Carriere-werk,[Liefde-Relatie,[Liefde-Relatie,[Financien-welvaart,[Familie-Vrienden,[Familie-Vrienden,[Liefde-Relatie,[Liefde-Relatie,[Financien-welvaart,[Liefde-Relatie,[Carriere-werk
za 28 mrt 2020 20:30:01 CET , [Carriere-werk,[Liefde-Relatie,[Carriere-werk,[Carriere-werk,[Liefde-Relatie,[Carriere-werk,[Liefde-Relatie,[Financien-welvaart,[Familie-Vrienden,[Carriere-werk,[Liefde-Relatie,[Liefde-Relatie,[Financien-welvaart,[Carriere-werk
za 28 mrt 2020 20:45:02 CET , [Carriere-werk,[Liefde-Relatie,[Carriere-werk,[Carriere-werk,[Carriere-werk,[Liefde-Relatie,[Carriere-werk,[Financien-welvaart,[Familie-Vrienden,[Carriere-werk,[Liefde-Relatie,[Liefde-Relatie,[Financien-welvaart,[Carriere-werk
za 28 mrt 2020 21:00:02 CET , [Carriere-werk,[Carriere-werk,[Carriere-werk,[Carriere-werk,[Carriere-werk,[Carriere-werk,[Liefde-Relatie,[Carriere-werk,[Liefde-Relatie,[Familie-Vrienden,[Liefde-Relatie,[Liefde-Relatie,[Financien-welvaart,[Carriere-werk
za 28 mrt 2020 21:15:01 CET , [Carriere-werk,[Carriere-werk,[Liefde-Relatie,[Carriere-werk,[Carriere-werk,[Carriere-werk,[Carriere-werk,[Liefde-Relatie,[Carriere-werk,[Liefde-Relatie,[Financien-welvaart,[Familie-Vrienden,[Carriere-werk,[Liefde-Relatie,[Liefde-Relatie,[Financien-welvaart,[Financien-welvaart,[Carriere-werk
za 28 mrt 2020 21:30:02 CET , [Carriere-werk,[Carriere-werk,[Liefde-Relatie,[Carriere-werk,[Liefde-Relatie,[Carriere-werk,[Financien-welvaart,[Familie-Vrienden,[Carriere-werk,[Liefde-Relatie,[Liefde-Relatie,[Financien-welvaart,[Financien-welvaart,[Carriere-werk
za 28 mrt 2020 21:45:03 CET , [Carriere-werk,[Carriere-werk,[Carriere-werk,[Liefde-Relatie,[Carriere-werk,[Financien-welvaart,[Familie-Vrienden,[Carriere-werk,[Liefde-Relatie,[Liefde-Relatie,[Financien-welvaart,[Financien-welvaart
za 28 mrt 2020 22:00:01 CET , [Carriere-werk,[Carriere-werk,[Carriere-werk,[Carriere-werk,[Carriere-werk,[Liefde-Relatie,[Carriere-werk,[Financien-welvaart,[Liefde-Relatie,[Financien-welvaart,[Financien-welvaart
za 28 mrt 2020 22:15:02 CET , [Carriere-werk,[Carriere-werk,[Carriere-werk,[Carriere-werk,[Carriere-werk,[Financien-welvaart,[Carriere-werk,[Liefde-Relatie,[Liefde-Relatie,[Financien-welvaart,[Financien-welvaart
za 28 mrt 2020 22:30:02 CET , [Carriere-werk,[Carriere-werk,[Carriere-werk,[Carriere-werk,[Carriere-werk,[Carriere-werk,[Financien-welvaart,[Carriere-werk,[Liefde-Relatie,[Financien-welvaart
za 28 mrt 2020 22:45:01 CET , [Carriere-werk,[Carriere-werk,[Carriere-werk,[Carriere-werk,[Financien-welvaart,[Carriere-werk,[Liefde-Relatie,[Financien-welvaart
za 28 mrt 2020 23:00:02 CET , [Liefde-Relatie,[Carriere-werk,[Carriere-werk,[Carriere-werk,[Carriere-werk,[Financien-welvaart
za 28 mrt 2020 23:15:01 CET , [Carriere-werk,[Carriere-werk,[Carriere-werk,[Financien-welvaart
za 28 mrt 2020 23:30:02 CET , [Liefde-Relatie,[Carriere-werk,[Carriere-werk,[Carriere-werk,[Financien-welvaart
za 28 mrt 2020 23:45:02 CET , [Carriere-werk,[Carriere-werk,[Carriere-werk,[Financien-welvaart
zo 29 mrt 2020 0:00:01 CET , [Carriere-werk,[Carriere-werk,[Carriere-werk,[Financien-welvaart,[Financien-welvaart
zo 29 mrt 2020 0:15:02 CET , [Carriere-werk,[Carriere-werk,[Financien-welvaart
zo 29 mrt 2020 0:30:01 CET , [Carriere-werk,[Carriere-werk,[Financien-welvaart,[Financien-welvaart
zo 29 mrt 2020 0:45:02 CET , [Carriere-werk,[Financien-welvaart
zo 29 mrt 2020 1:00:02 CET , [Carriere-werk,[Financien-welvaart
zo 29 mrt 2020 1:15:01 CET , [Carriere-werk
zo 29 mrt 2020 1:30:02 CET , [Droomverklaring,[Carriere-werk
zo 29 mrt 2020 1:45:02 CET , [Droomverklaring,[Carriere-werk
zo 29 mrt 2020 1:49:39 CET , Ragh,Amrendra
zo 29 mrt 2020 3:00:01 CEST , Ragh,Amrendra
zo 29 mrt 2020 10:00:02 CEST , Els,Veerle,Janine,Max,Nelly,Sterre,Eef
zo 29 mrt 2020 10:15:02 CEST , Els,Veerle,Max,Nelly,Sterre,Eef,Richard
zo 29 mrt 2020 10:30:01 CEST , Veerle,Janine,Max,Nelly,Sterre,Eef
zo 29 mrt 2020 10:45:02 CEST , Els,Sterre,Eef,Richard
zo 29 mrt 2020 11:00:01 CEST , Jet,Els,Sonja,Sterre,Eef
zo 29 mrt 2020 11:15:01 CEST , Jet,Els,Veerle,Gina,Sonja,Sterre,Eef,Richard
zo 29 mrt 2020 11:30:02 CEST , Jet,Veerle,Gina,ॐGertॐ,Max,Sterre,Eef,Richard
zo 29 mrt 2020 11:45:02 CEST , Brigitte,Bianca,Brigitte,Amanda,Sonja,Max,Sterre,Eef,Richard
zo 29 mrt 2020 12:00:01 CEST , Jet,Gina,ॐGertॐ,Mariëlle,Bianca,Brigitte,Amanda,Janine,Sonja,Max,Sterre,Eef,Richard
zo 29 mrt 2020 12:15:02 CEST , Jet,Brigitte,Veerle,Gina,Madama,Mariëlle,Bianca,Brigitte,Amanda,Maria,Sonja,Max,Sterre,Eef,Richard
zo 29 mrt 2020 12:30:01 CEST , Carine,Jet,Veerle,Madama,ॐGertॐ,Brigitte,Shanna,Vanessa,Bianca,Maria,Sonja,Max,Sterre,Eef,Richard
zo 29 mrt 2020 12:45:02 CEST , Carine,Veerle,Madama,ॐGertॐ,Mariëlle,Brigitte,Vanessa,Bianca,Amanda,Jeffy,Maria,Loes,Sterre,Eef,Richard
zo 29 mrt 2020 13:00:01 CEST , Carine,Ruby,Madama,ॐGertॐ,Shanna,Vanessa,Bianca,Amanda,Maria,Loes,Sterre,Eef,Richard
zo 29 mrt 2020 13:15:01 CEST , Carine,Brigitte,Ruby,Madama,Mariëlle,Vanessa,Bianca,Jeffy,Maria,Loes,Sterre,Eef,Richard
zo 29 mrt 2020 13:30:02 CEST , Carine,Kaatje,Ruby,Madama,ॐGertॐ,Mariëlle,Bianca,Jeffy,Danny,Sterre,Eef,Richard
zo 29 mrt 2020 13:45:01 CEST , Carine,Tracy,Brigitte,Genova,Kaatje,Ruby,Madama,Mariëlle,Marianne,Jeffy,Maria,Wim,Danny,Sterre,Eef,Richard
zo 29 mrt 2020 13:45:27 CEST , Carine,Tracy,Brigitte,Genova,Kaatje,Ruby,Madama,Mariëlle,Marianne,Jeffy,Maria,Wim,Danny,Sterre,Eef,Richard
zo 29 mrt 2020 14:00:02 CEST , Carine,Brigitte,Natascha,Genova,Iliana,Madama,ॐGertॐ,Mariëlle,Shanna,Marianne,Jeffy,Maria,Wim,Sterre,Eef,Richard
zo 29 mrt 2020 14:15:03 CEST , Carine,Genova,Iliana,ॐGertॐ,Marianne,Jeffy,Maria,Sonja,Danny,Wim,Nelly,Eef
zo 29 mrt 2020 14:30:01 CEST , Jet,Carine,Brigitte,Kaatje,Iliana,ॐGertॐ,Amrendra,Marianne,Jeffy,Maria,Sonja,Wim,Nelly,Sterre,Eef,Richard
zo 29 mrt 2020 14:45:02 CEST , Jet,Carine,Brigitte,Genova,Kaatje,Veerle,Iliana,Ruby,Berna,ॐGertॐ,Amrendra,Marianne,Jeffy,Janine,Maria,Sonja,Wim,Nelly,Sterre,Eef
zo 29 mrt 2020 15:00:02 CEST , Jet,Carine,Brigitte,Natascha,Genova,Kaatje,Veerle,Iliana,Gina,ॐGertॐ,Amrendra,Marianne,Amanda,Jeffy,Maria,Sonja,Wim,Max,Margareth,Nelly,Sterre,Eef
zo 29 mrt 2020 15:15:01 CEST , Carine,Jet,Brigitte,Genova,Veerle,Iliana,Gina,Ruby,ॐGertॐ,Marianne,Amanda,Jeffy,Maria,Sonja,Loes,Wim,Max,Margareth,Sterre,Eef
zo 29 mrt 2020 15:30:02 CEST , Jet,Carine,Genova,Iliana,Gina,Ruby,ॐGertॐ,Marianne,Amanda,Maria,Sonja,Wim,Max,Margareth,Sterre,Eef
zo 29 mrt 2020 15:45:02 CEST , Carine,Genova,Iliana,Ruby,Eva,Amanda,Maria,Sonja,Wim,Max,Margareth,Sterre,Eef
zo 29 mrt 2020 16:00:01 CEST , Carine,Natascha,Genova,Iliana,Gina,Ruby,Berna,Eva,Bianca,Amanda,Jeffy,Maria,Sonja,Loes,Max,Margareth,Nelly,Sterre,Eef
zo 29 mrt 2020 16:15:02 CEST , Carine,Natascha,Genova,Iliana,Gina,Ruby,Berna,ॐGertॐ,Eva,Shanna,Bianca,Amanda,Maria,Sonja,Max,Margareth,Nelly,Sterre,Eef,Richard
zo 29 mrt 2020 16:30:01 CEST , Carine,Genova,Iliana,Gina,ॐGertॐ,Eva,Shanna,Bianca,Amanda,Maria,Sonja,Loes,Max,Margareth,Nelly,Sterre,Eef,Richard
zo 29 mrt 2020 16:45:02 CEST , Judith,Carine,Genova,Kaatje,Iliana,Gina,Ruby,ॐGertॐ,Eva,Eugie,Shanna,Bianca,Amanda,Sonja,Max,Margareth,Nelly,Sterre,Eef
zo 29 mrt 2020 17:00:03 CEST , Judith,Carine,Genova,Kaatje,Malou,Iliana,Gina,Ruby,ॐGertॐ,Eva,Eugie,Shanna,Amanda,Sonja,Margareth,Nelly,Sterre,Henny,Eef
zo 29 mrt 2020 17:15:02 CEST , Carine,Natascha,Genova,Iliana,Gina,Ruby,Eva,Eugie,Shanna,Amanda,Sonja,Sterre,Henny,Eef
zo 29 mrt 2020 17:30:02 CEST , Carine,Natascha,Genova,Iliana,Gina,Ruby,Eva,Eugie,Shanna,Marianne,Jeffy,Sonja,Henny,Eef
zo 29 mrt 2020 17:45:02 CEST , Carine,Judith,Genova,Malou,Iliana,Gina,Eugie,Shanna,Bianca,Marianne,Jeffy,Sonja,Sterre,Henny,Eef
zo 29 mrt 2020 18:00:02 CEST , Carine,Natascha,Genova,Malou,Iliana,Eugie,Shanna,Bianca,Sonja,Sterre,Henny,Eef
zo 29 mrt 2020 18:15:02 CEST , Jet,Carine,Judith,Janette,Natascha,Genova,Malou,Iliana,Gina,Amrendra,Eugie,Mariëlle,Bianca,Brigitte,Amanda,Sonja,Sterre,Henny,Eef
zo 29 mrt 2020 18:30:01 CEST , Janette,Judith,Carine,Jet,Natascha,Iliana,Amrendra,Eugie,Mariëlle,Bianca,Brigitte,Amanda,Sonja,Sterre,Henny,Eef
zo 29 mrt 2020 18:45:02 CEST , Judith,Jet,Carine,Janette,Amrendra,Eugie,Mariëlle,Bianca,Marianne,Amanda,Sterre,Henny,Eef
zo 29 mrt 2020 19:00:02 CEST , Jet,Carine,Eva,Amrendra,Eugie,Mariëlle,Bianca,Marianne,Amanda,Sterre,Henny
zo 29 mrt 2020 19:15:01 CEST , Jet,Carine,Eva,Amrendra,Mariëlle,Bianca,Amanda,Sterre,Henny,Richard
zo 29 mrt 2020 19:30:02 CEST , Jet,Carine,Gina,Eva,Amrendra,Bianca,Maria,Henny,Richard
zo 29 mrt 2020 19:45:02 CEST , Carine,Jet,Sabrina,Eva,Amrendra,Eugie,Bianca,Brigitte,Amanda,Maria,Henny,Richard
zo 29 mrt 2020 20:00:01 CEST , Jet,Carine,Sabrina,Natascha,Veerle,Eva,Amrendra,Eugie,Mariëlle,Brigitte,Amanda,Maria,Max,Henny
zo 29 mrt 2020 20:15:03 CEST , Sabrina,Carine,Natascha,Veerle,Ruby,ॐGertॐ,Eva,Amrendra,Eugie,Vanessa,Bianca,Brigitte,Amanda,Maria,Max,Henny
zo 29 mrt 2020 20:30:02 CEST , Carine,Sabrina,Iliana,Veerle,Ruby,ॐGertॐ,Eva,Eugie,Vanessa,Bianca,Brigitte,Amanda,Janine,Maria,Iris,Max,Henny
zo 29 mrt 2020 20:45:01 CEST , Carine,Natascha,Veerle,Ruby,ॐGertॐ,Eugie,Vanessa,Bianca,Brigitte,Amanda,Janine,Maria,Max,Henny
zo 29 mrt 2020 21:00:02 CEST , Carine,Veerle,Gina,Ruby,ॐGertॐ,Eugie,Vanessa,Bianca,Brigitte,Janine,Maria,Max,Henny,Richard
zo 29 mrt 2020 21:15:01 CEST , Carine,Brigitte,Malou,Veerle,Gina,Ruby,ॐGertॐ,Amrendra,Eugie,Bianca,Brigitte,Maria,Max,Henny,Richard
zo 29 mrt 2020 21:30:02 CEST , Carine,Brigitte,Natascha,Iliana,Veerle,Ruby,Amrendra,Eugie,Bianca,Graciela,Brigitte,Maria,Max,Henny,Richard
zo 29 mrt 2020 21:45:02 CEST , Carine,Natascha,Malou,Gina,Ruby,Amrendra,Eugie,Bianca,Graciela,Brigitte,Maria,Max,Henny,Richard
zo 29 mrt 2020 22:00:01 CEST , Carine,Brigitte,Natascha,Iliana,Gina,Amrendra,Eugie,Bianca,Graciela,Brigitte,Maria,Iris,Max,Henny,Richard
zo 29 mrt 2020 22:15:02 CEST , Carine,Brigitte,Iliana,Veerle,ॐGertॐ,Eugie,Bianca,Graciela,Brigitte,Iris,Max,Richard
zo 29 mrt 2020 22:30:01 CEST , Carine,Natascha,Iliana,Gina,Ruby,Eugie,Graciela,Brigitte,Iris,Richard
zo 29 mrt 2020 22:45:02 CEST , Carine,Natascha,Gina,Eugie,Graciela,Brigitte,Richard
zo 29 mrt 2020 23:00:02 CEST , Carine,Gina,Graciela,Brigitte,Sharda,Richard
zo 29 mrt 2020 23:15:01 CEST , Carine,Amrendra,Graciela,Brigitte,Richard
zo 29 mrt 2020 23:30:03 CEST , Carine,Graciela
zo 29 mrt 2020 23:45:02 CEST , Carine,Amrendra,Graciela
ma 30 mrt 2020 0:00:01 CEST , Carine,Amrendra
ma 30 mrt 2020 0:15:02 CEST , Carine,Amrendra
ma 30 mrt 2020 0:30:02 CEST , Carine,Nikita,Amrendra,Shanna
ma 30 mrt 2020 0:45:01 CEST , Carine,Amrendra
ma 30 mrt 2020 1:00:02 CEST , Nikita
ma 30 mrt 2020 1:15:01 CEST , Carine,Nikita,Amrendra,Shanna
ma 30 mrt 2020 1:30:02 CEST , Carine,Nikita,Shanna
ma 30 mrt 2020 1:45:02 CEST , Nikita,Carine,Amrendra
ma 30 mrt 2020 2:00:01 CEST , Nikita,Amrendra
ma 30 mrt 2020 9:00:02 CEST , Els,Ellen,Bianca,Selina,Sonja,Max,Nelly
ma 30 mrt 2020 9:15:01 CEST , Els,Ellen,Gina,Bianca,Sonja,Max,Nelly
ma 30 mrt 2020 9:30:02 CEST , Ellen,Bianca,Selina,Sonja,Max,Nelly
ma 30 mrt 2020 9:45:02 CEST , Bianca,Selina,Sonja,Max,Nelly,Richard
ma 30 mrt 2020 10:00:01 CEST , Jada,Bianca,Selina,Sonja,Max,Richard
ma 30 mrt 2020 10:15:02 CEST , Mariëlle,Marianne,Selina,Sonja,Loes,Max,Richard
ma 30 mrt 2020 10:30:01 CEST , Malou,Eva,Mariëlle,Marianne,Jeffy,Selina,Sonja,Marianne,Loes,Max,Nelly,Richard
ma 30 mrt 2020 10:45:02 CEST , Danielle,Gina,Malou,Eva,Mariëlle,Marianne,Jeffy,Selina,Wim,Max,Nelly,Saul,Richard
ma 30 mrt 2020 11:00:02 CEST , Danielle,Brigitte,Kaatje,Iliana,Malou,Eva,Marianne,Jeffy,Selina,Wim,Max,Nelly,Saul,Richard
ma 30 mrt 2020 11:15:02 CEST , Carine,Danielle,Iliana,Malou,Eva,Eugie,Shanna,Marianne,Selina,Wim,Max,Nelly,Saul,Richard
ma 30 mrt 2020 11:30:01 CEST , Carine,Danielle,Kaatje,Iliana,Eva,Marianne,Jeffy,Amanda,Danny,Wim,Max,Nelly,Saul,Richard
ma 30 mrt 2020 11:45:02 CEST , Janette,Carine,Iliana,Eva,Marianne,Jeffy,Amanda,Selina,Danny,Wim,Max,Nelly,Saul,Richard
ma 30 mrt 2020 12:00:02 CEST , Janette,Carine,Malou,Eva,Shanna,Marianne,Selina,Janine,Jeffy,Danny,Wim,Max,Saul,Richard
ma 30 mrt 2020 12:15:01 CEST , Carine,Janette,Brigitte,Eva,Eugie,Shanna,Janine,Jeffy,Danny,Wim,Max,Richard
ma 30 mrt 2020 12:30:02 CEST , Janette,Brigitte,Kaatje,Iliana,Malou,Eugie,Bianca,Janine,Jeffy,Marianne,Wim,Max,Richard
ma 30 mrt 2020 12:45:02 CEST , Brigitte,Iliana,Malou,Eva,Eugie,Bianca,Shanna,Amanda,Jeffy,Danny,Wim,Max,Richard
ma 30 mrt 2020 13:00:01 CEST , Josefien,Iliana,Malou,Eva,Eugie,Bianca,Shanna,Jeffy,Brigitte,Danny,Max,Richard
ma 30 mrt 2020 13:15:02 CEST , Brigitte,Genova,Kaatje,Iliana,Malou,Eva,Bianca,Amanda,Jeffy,Brigitte,Danny,Max,Richard
ma 30 mrt 2020 13:30:02 CEST , Josefien,Brigitte,Iliana,Malou,Berna,Eva,Bianca,Jeffy,Brigitte,Danny,Max,Richard
ma 30 mrt 2020 13:45:01 CEST , Josefien,Iliana,Berna,Bianca,Jeffy,Maria,Danny,Max,Richard
ma 30 mrt 2020 14:00:03 CEST , Carine,Genova,Kaatje,Malou,Berna,Eva,Bianca,Maria,Jeffy,Danny,Richard
ma 30 mrt 2020 14:15:02 CEST , Carine,Tracy,Josefien,Kaatje,Gina,Malou,Berna,Eva,Bianca,Jeffy,Wim,Richard
ma 30 mrt 2020 14:30:03 CEST , Carine,Tracy,Josefien,Eva,Eugie,Bianca,Shanna,Marianne,Amanda,Jeffy,Marianne,Wim,Max,Richard
ma 30 mrt 2020 14:45:01 CEST , Carine,Kaatje,Malou,Amrendra,Eugie,Bianca,Marianne,Amanda,Maria,Marianne,Wim,Max,Richard
ma 30 mrt 2020 15:00:02 CEST , Carine,Jabba,Kaatje,Malou,Eva,Amrendra,Mariëlle,Eugie,Bianca,Shanna,Marianne,Maria,Jeffy,Marianne,Max,Sharda,Richard
ma 30 mrt 2020 15:15:01 CEST , Carine,Kaatje,Malou,Eva,Amrendra,Mariëlle,Eugie,Bianca,Shanna,Marianne,Maria,Jeffy,Marianne,Max,Sharda,Henny,Richard
ma 30 mrt 2020 15:30:02 CEST , Carine,Kaatje,Gina,Eva,Amrendra,Mariëlle,Eugie,Jaap,Bianca,Jeffy,Max,Henny,Richard
ma 30 mrt 2020 15:45:02 CEST , Carine,Mariëlle,Eugie,Jaap,Shanna,Jeffy,Max,Sharda,Richard
ma 30 mrt 2020 16:00:02 CEST , Carine,Gina,Eva,Mariëlle,Jaap,Jeffy,Max,Sandra,Henny
ma 30 mrt 2020 16:15:01 CEST , Carine,Gina,Eva,Mariëlle,Jaap,Loes,Max,Sandra
ma 30 mrt 2020 16:30:02 CEST , Carine,Veerle,Eva,Jaap,Jeffy,Max,Nelly,Sandra
ma 30 mrt 2020 16:45:02 CEST , Carine,Iliana,Veerle,Eva,Shanna,Jeffy,Max,Sandra
ma 30 mrt 2020 17:00:01 CEST , Carine,Iliana,Veerle,Gina,Mariëlle,Jaap,Shanna,Jeffy,Loes,Danny,Sharda,Sandra,Henny
ma 30 mrt 2020 17:15:02 CEST , Carine,Eugie,Jaap,Amanda,Sonja,Jeffy,Loes,Nelly,Sharda,Henny,Sandra
ma 30 mrt 2020 17:30:02 CEST , Janette,Carine,Kaatje,Iliana,Ruby,Eugie,Jaap,Sonja,Maria,Loes,Sharda,Sandra,Henny
ma 30 mrt 2020 17:45:02 CEST , Carine,Janette,Kaatje,Iliana,Gina,Ruby,Madama,Amrendra,Eugie,Sonja,Max,Sandra,Richard
ma 30 mrt 2020 18:00:01 CEST , Carine,Janette,Iliana,Veerle,Ruby,Amrendra,Eugie,Sonja,Max,Sterre,Sandra,Richard
ma 30 mrt 2020 18:15:02 CEST , Jet,Carine,Janette,Veerle,Ruby,Madama,Amrendra,Eugie,Amanda,Janine,Max,Sterre,Henny,Richard
ma 30 mrt 2020 18:30:02 CEST , Janette,Jet,Veerle,Gina,Madama,Amrendra,Carine,Sonja,Maria,Max,Sterre,Henny,Richard
ma 30 mrt 2020 18:45:01 CEST , Jet,Tracy,Janette,Veerle,Gina,Berna,Madama,Amrendra,Carine,Sonja,Janine,Maria,Max,Sterre,Richard
ma 30 mrt 2020 19:00:03 CEST , Tracy,Janette,Jet,Natascha,Madama,Amrendra,Carine,Sonja,Janine,Maria,Wim,Max,Sterre,Richard
ma 30 mrt 2020 19:15:02 CEST , Marijke,Jet,Janette,Natascha,Madama,Amrendra,Berna,Carine,Amanda,Sonja,Wim,Sterre,Henny,Richard
ma 30 mrt 2020 19:30:01 CEST , Jet,Janette,Marijke,Natascha,Kaatje,Madama,Amrendra,Carine,Bianca,Sonja,Maria,Wim,Sterre,Henny,Richard
ma 30 mrt 2020 19:45:02 CEST , Janette,Marijke,Natascha,Kaatje,Madama,Amrendra,Carine,Bianca,Amanda,Sonja,Maria,Wim,Sterre,Henny,Richard
ma 30 mrt 2020 20:00:02 CEST , Janette,Natascha,Kaatje,Veerle,Ruby,Carine,Bianca,Sonja,Maria,Wim,Sterre,Henny,Richard
ma 30 mrt 2020 20:15:02 CEST , Janette,Marijke,Natascha,Veerle,Ruby,Amrendra,Carine,Bianca,Amanda,Sonja,Maria,Wim,Max,Henny,Richard
ma 30 mrt 2020 20:30:01 CEST , Janette,Marijke,Natascha,Kaatje,Veerle,Gina,Ruby,Amrendra,Carine,Bianca,Sonja,Maria,Wim,Max,Henny
ma 30 mrt 2020 20:45:02 CEST , Marijke,Janette,Kaatje,Veerle,Carine,Bianca,Maria,Wim,Max,Sterre,Henny,Milan
ma 30 mrt 2020 21:00:02 CEST , Marijke,Irma,Janette,Kaatje,Veerle,Amrendra,Carine,Bianca,Maria,Wim,Max,Sterre,Henny,Milan
ma 30 mrt 2020 21:15:01 CEST , Irma,Sabrina,Marijke,Janette,Natascha,Kaatje,Veerle,Gina,Ruby,Amrendra,Carine,Bianca,Marianne,Wim,Sterre,Henny,Milan
ma 30 mrt 2020 21:30:02 CEST , Janette,Sabrina,Irma,Marijke,Natascha,Kaatje,Iliana,Veerle,Gina,Ruby,Amrendra,☥C☥JAH☥,Carine,Bianca,Marianne,Wim,Max,Sterre,Henny,Milan,Richard
ma 30 mrt 2020 21:45:02 CEST , Janette,Irma,Marijke,Iliana,Veerle,Amrendra,☥C☥JAH☥,Carine,Bianca,Marianne,Wim,Max,Sterre,Henny,Milan,Richard
ma 30 mrt 2020 22:00:01 CEST , Marijke,Cleo,Irma,Sabrina,Iliana,Veerle,Gina,Ruby,ॐGertॐ,Carine,Bianca,Marianne,Max,Milan,Richard
ma 30 mrt 2020 22:15:03 CEST , Marijke,Cleo,Irma,Brigitte,Kaatje,Gina,ॐGertॐ,Carine,Bianca,Marianne,Milan,Richard
ma 30 mrt 2020 22:30:02 CEST , Carine,Milan,Richard
ma 30 mrt 2020 22:45:01 CEST , Gina,Carine,Richard
ma 30 mrt 2020 23:00:02 CEST , Amrendra,Carine,Richard
ma 30 mrt 2020 23:15:02 CEST , Nikita,Amrendra,Carine,Sharda,Richard
ma 30 mrt 2020 23:30:01 CEST , Nikita,Cleo,Marieke,Amrendra,Carine,Sharda,Richard
ma 30 mrt 2020 23:45:02 CEST , Cleo,Nikita,Marieke,Carine
di 31 mrt 2020 0:00:02 CEST , Cleo,Nikita,Marieke,Carine,Richard
di 31 mrt 2020 0:15:01 CEST , Cleo,Nikita,Amrendra,Carine,Richard
di 31 mrt 2020 0:30:02 CEST , Nikita,Cleo,Amrendra,Carine
di 31 mrt 2020 0:45:01 CEST , Nikita,Amrendra,Marieke,Carine
di 31 mrt 2020 1:00:02 CEST , Amrendra,Carine
di 31 mrt 2020 1:15:02 CEST , Amrendra,Carine
di 31 mrt 2020 1:30:01 CEST , Amrendra
di 31 mrt 2020 1:45:02 CEST   Niemand online 
di 31 mrt 2020 8:00:02 CEST , Marijke,Ellen,Vanessa,Bianca,Loes,Max
di 31 mrt 2020 8:15:01 CEST , Marijke,Ellen,Vanessa,Bianca,Selina,Loes,Max
di 31 mrt 2020 8:30:02 CEST , Marijke,Ellen,Vanessa,Bianca,Selina,Max
di 31 mrt 2020 8:45:02 CEST , Jabba,Ellen,Vanessa,Bianca,Selina,Max
di 31 mrt 2020 9:00:02 CEST , Marijke,Jabba,Ellen,Malou,Vanessa,Bianca,Selina,Max
di 31 mrt 2020 9:15:01 CEST , Jabba,Ellen,Brigitte,Ellen,Malou,Vanessa,Bianca,Selina,Max,Nelly
di 31 mrt 2020 9:30:02 CEST , Jabba,Irma,Ellen,Bianca,Wim,Max,Nelly
di 31 mrt 2020 9:45:03 CEST , Irma,Brigitte,Bianca,Janine,Wim,Max,Nelly,Richard
di 31 mrt 2020 10:00:01 CEST , Jabba,Irma,Ellen,Brigitte,Ellen,Malou,Bianca,Shanna,Janine,Wim,Max,Nelly,Richard
di 31 mrt 2020 10:15:02 CEST , Ellen,Brigitte,Ellen,Malou,Bianca,Shanna,Wim,Max,Nelly,Richard
di 31 mrt 2020 10:30:02 CEST , Jabba,Brigitte,Ellen,Malou,Bianca,Selina,Wim,Max,Richard
di 31 mrt 2020 10:45:02 CEST , Irma,Brigitte,Ellen,Malou,Selina,Danny,Wim,Max,Nelly,Richard
di 31 mrt 2020 11:00:01 CEST , Jabba,Brigitte,Kaatje,Ellen,Malou,Janine,Danny,Wim,Nelly,Richard
di 31 mrt 2020 11:15:02 CEST , Jabba,Irma,Brigitte,Kaatje,Rindhoe,Malou,Selina,Janine,Marianne,Loes,Danny,Wim,Nelly,Richard
di 31 mrt 2020 11:30:02 CEST , Jabba,Irma,Brigitte,Kaatje,Ellen,Rindhoe,Malou,Selina,Janine,Marianne,Jeffy,Loes,Danny,Wim,Nelly,Richard
di 31 mrt 2020 11:45:01 CEST , Irma,Tracy,Jabba,Brigitte,Rindhoe,Malou,Selina,Janine,Marianne,Jeffy,Loes,Danny,Wim,Max,Nelly,Richard
di 31 mrt 2020 12:00:02 CEST , Jabba,Marijke,Irma,Brigitte,Rindhoe,Malou,Selina,Janine,Marianne,Jeffy,Danny,Wim,Max,Richard
di 31 mrt 2020 12:15:02 CEST , Irma,Jabba,Tracy,Marijke,Kaatje,Rindhoe,Malou,ॐGertॐ,Carine,Marianne,Jeffy,Danny,Wim,Max,Richard
di 31 mrt 2020 12:30:01 CEST , Tracy,Kaatje,Malou,Carine,Marianne,Jeffy,Danny,Max,Richard
di 31 mrt 2020 12:45:02 CEST , Genova,Kaatje,Malou,ॐGertॐ,Carine,Marianne,Jeffy,Danny,Max,Richard
di 31 mrt 2020 13:00:02 CEST , Marijke,Genova,Kaatje,Rindhoe,Malou,ॐGertॐ,Berna,Carine,Jeffy,Danny,Max,Milan,Richard
di 31 mrt 2020 13:15:02 CEST , Marijke,Tracy,Genova,Kaatje,Malou,ॐGertॐ,Berna,Carine,Amanda,Brigitte,Marianne,Jeffy,Danny,Max,Milan,Richard
di 31 mrt 2020 13:30:02 CEST , Marijke,Brigitte,Malou,Berna,Carine,Amanda,Janine,Brigitte,Marianne,Jeffy,Danny,Max,Milan,Richard
di 31 mrt 2020 13:45:03 CEST , Marijke,Brigitte,Genova,Kaatje,Iliana,Rindhoe,Malou,ॐGertॐ,Catharina,Amanda,Brigitte,Marianne,Danny,Wim,Milan,Richard
di 31 mrt 2020 14:00:01 CEST , Judith,Brigitte,Iliana,Rindhoe,Malou,ॐGertॐ,Eugie,Carine,Bianca,Catharina,Amanda,Brigitte,Marianne,Maria,Jeffy,Danny,Wim,Milan,Richard
di 31 mrt 2020 14:15:02 CEST , Jabba,Judith,Brigitte,Genova,Iliana,ॐGertॐ,Eugie,Carine,Bianca,Amanda,Marianne,Maria,Jeffy,Wim,Milan,Richard
di 31 mrt 2020 14:30:02 CEST , Jabba,Brigitte,Natascha,Genova,Iliana,ॐGertॐ,Berna,Eugie,Carine,Bianca,Maria,Jeffy,Wim,Milan,Richard
di 31 mrt 2020 14:45:03 CEST , Judith,Jabba,Brigitte,Genova,Iliana,Madama,ॐGertॐ,Berna,Eugie,Carine,Bianca,Maria,Wim,Max,Milan,Richard
di 31 mrt 2020 15:00:02 CEST , Brigitte,Genova,Iliana,Rindhoe,Madama,Eugie,Carine,Bianca,Catharina,Maria,Loes,Wim,Max,Milan,Richard
di 31 mrt 2020 15:15:01 CEST , Jabba,Iliana,Rindhoe,Madama,ॐGertॐ,Eugie,Jaap,Carine,Bianca,Catharina,Maria,Wim,Max,Milan,Richard
di 31 mrt 2020 15:30:02 CEST , Brigitte,Natascha,Kaatje,Rindhoe,Madama,ॐGertॐ,Eva,Eugie,Jaap,Carine,Bianca,Catharina,Maria,Wim,Max,Saul,Milan,Richard
di 31 mrt 2020 15:45:02 CEST , Brigitte,Natascha,Kaatje,Rindhoe,Madama,Eva,Eugie,Carine,Bianca,Maria,Wim,Max,Sandra,Milan,Richard
di 31 mrt 2020 16:00:01 CEST , Jabba,Brigitte,Rindhoe,Madama,ॐGertॐ,Eva,Berna,Eugie,Carine,Bianca,Maria,Loes,Wim,Max,Sandra,Milan,Fasha,Richard
di 31 mrt 2020 16:15:02 CEST , Jabba,Rindhoe,Madama,ॐGertॐ,Berna,Eugie,Jaap,Carine,Bianca,Shanna,Maria,Loes,Max,Sandra,Milan,Richard
di 31 mrt 2020 16:30:02 CEST , Jabba,Marijke,Brigitte,Rindhoe,Madama,ॐGertॐ,Berna,Jaap,Carine,Bianca,Shanna,Sonja,Maria,Max,Nelly,Sandra,Milan
di 31 mrt 2020 16:45:01 CEST , Jabba,Marijke,Brigitte,Rindhoe,Madama,ॐGertॐ,Eva,Jaap,Carine,Bianca,Shanna,Sonja,Maria,Loes,Max,Nelly,Sandra,Milan
di 31 mrt 2020 17:00:02 CEST , Jabba,Brigitte,Madama,ॐGertॐ,Eva,Eugie,Jaap,Carine,Bianca,Sonja,Maria,Loes,Max,Nelly,Sandra,Milan
di 31 mrt 2020 17:15:02 CEST , Madama,Eugie,Carine,Sonja,Maria,Marianne,Jeffy,Loes,Max,Sandra,Milan
di 31 mrt 2020 17:30:01 CEST , Brigitte,Veerle,Carine,Sonja,Maria,Marianne,Max,Margareth,Nelly,Sandra,Milan,Richard
di 31 mrt 2020 17:45:02 CEST , Veerle,Madama,Carine,Sonja,Janine,Maria,Max,Margareth,Milan
di 31 mrt 2020 18:00:02 CEST , Aurore,Veerle,Madama,Carine,Amanda,Sonja,Janine,Maria,Max,Margareth,Milan
di 31 mrt 2020 18:15:01 CEST , Natascha,Kaatje,Veerle,Madama,Carine,Bianca,Amanda,Sonja,Maria,Max,Margareth,Sterre,Milan,Richard
di 31 mrt 2020 18:30:02 CEST , Judith,Natascha,Kaatje,Veerle,Gina,Carine,Bianca,Sonja,Janine,Maria,Loes,Max,Margareth,Sterre,Henny,Milan
di 31 mrt 2020 18:45:02 CEST , Judith,Natascha,Kaatje,Veerle,Gina,Carine,Bianca,Sonja,Janine,Maria,Loes,Max,Margareth,Sterre,Henny
di 31 mrt 2020 19:00:01 CEST , Judith,Veerle,Eugie,Carine,Bianca,Amanda,Sonja,Maria,Loes,Margareth,Sterre,Henny,Richard
di 31 mrt 2020 19:15:03 CEST , Marijke,Veerle,Eugie,Carine,Bianca,Amanda,Sonja,Margareth,Sterre,Richard
di 31 mrt 2020 19:30:02 CEST , Sabrina,Marijke,Judith,Tracy,Natascha,Kaatje,Veerle,Carine,Bianca,Amanda,Sonja,Maria,Margareth,Sterre,Richard
di 31 mrt 2020 19:45:02 CEST , Marijke,Sabrina,Judith,Natascha,Kaatje,Veerle,Ruby,Rindhoe,Berna,Carine,Bianca,Amanda,Sonja,Maria,Margareth,Sterre
di 31 mrt 2020 20:00:01 CEST , Judith,Marijke,Natascha,Kaatje,Veerle,Ruby,Rindhoe,Carine,Amanda,Sonja,Janine,Maria,Margareth,Sterre,Fasha
di 31 mrt 2020 20:15:02 CEST , Mark,Judith,Veerle,Ruby,Rindhoe,ॐGertॐ,Bianca,Carine,Amanda,Sonja,Janine,Margareth,Sterre,Henny
di 31 mrt 2020 20:30:02 CEST , Marijke,Tracy,Judith,Janette,Natascha,Kaatje,Veerle,Ruby,Rindhoe,Carine,Amanda,Sonja,Janine,Maria,Max,Margareth,Sterre,Henny
di 31 mrt 2020 20:45:01 CEST , Aurore,Janette,Marijke,Judith,Kaatje,Veerle,Ruby,Rindhoe,Carine,Janine,Maria,Max,Margareth,Sterre,Henny
di 31 mrt 2020 21:00:02 CEST , Judith,Mark,Aurore,Janette,Brigitte,Veerle,Gina,Rindhoe,Bianca,Carine,MIREILLE,Amanda,Janine,Max,Sterre,Henny,Milan
di 31 mrt 2020 21:15:02 CEST , Judith,Janette,Mark,Marijke,Aurore,Kaatje,Veerle,Gina,Rindhoe,Marieke,Bianca,Carine,MIREILLE,Amanda,Max,Sterre,Henny,Milan
di 31 mrt 2020 21:30:02 CEST , Aurore,Mark,Marijke,Janette,Brigitte,Natascha,Kaatje,Bianca,Carine,Marianne,Amanda,Max,Sterre,Henny,Milan
di 31 mrt 2020 21:45:01 CEST , Judith,Marijke,Janette,Mark,Brigitte,Natascha,Kaatje,Veerle,Marieke,ॐGertॐ,Carine,Aurore,Max,Milan
di 31 mrt 2020 22:00:02 CEST , Marijke,Janette,Mark,Brigitte,Natascha,Kaatje,Veerle,Marieke,ॐGertॐ,Bianca,Carine,Aurore,Max,Milan
di 31 mrt 2020 22:15:02 CEST , Nikita,Janette,Natascha,Gina,ॐGertॐ,Bianca,Mariëlle,Carine,Max,Milan
di 31 mrt 2020 22:30:01 CEST , Janette,Aurore,Nikita,Judith,Brigitte,Natascha,Kaatje,ॐGertॐ,Bianca,Mariëlle,Carine,Max,Milan
di 31 mrt 2020 22:45:02 CEST , Janette,Judith,Aurore,Brigitte,Natascha,Kaatje,Gina,ॐGertॐ,Bianca,Mariëlle,Carine,Milan
di 31 mrt 2020 23:00:01 CEST , Janette,Judith,Aurore,Natascha,Gina,ॐGertॐ,Bianca,Mariëlle,Carine,Graciela,Milan
di 31 mrt 2020 23:15:02 CEST , Judith,Nikita,Natascha,Gina,ॐGertॐ,Amrendra,Mariëlle,Carine,Graciela,Milan
di 31 mrt 2020 23:30:02 CEST , Mark,Judith,Natascha,Gina,ॐGertॐ,Amrendra,Carine,Graciela,Milan
di 31 mrt 2020 23:45:02 CEST , Amrendra,Carine,Graciela,Milan
wo 1 apr 2020 0:00:02 CEST , Nikita,Amrendra,Carine,Milan
wo 1 apr 2020 0:15:02 CEST , Nikita,Amrendra,Carine,Milan
wo 1 apr 2020 0:30:01 CEST , Carine,Marieke,Milan
wo 1 apr 2020 0:45:02 CEST , Amrendra,Carine
wo 1 apr 2020 1:00:01 CEST , Nikita,Amrendra,Carine,Richard
wo 1 apr 2020 1:15:02 CEST , Amrendra,Carine
wo 1 apr 2020 1:30:02 CEST , Amrendra,Carine,Shanna
wo 1 apr 2020 1:45:01 CEST , Amrendra
wo 1 apr 2020 8:30:02 CEST , Jada,Marijke,Ellen,Ellen,Bianca,Carine,Vanessa,Shanna,Max
wo 1 apr 2020 8:45:01 CEST , Els,Ellen,Bianca,Carine,Vanessa,Shanna,Max
wo 1 apr 2020 9:15:02 CEST , Els,Ellen,Bianca,Carine,Vanessa,Loes
wo 1 apr 2020 9:30:02 CEST , Els,Ellen,Gina,Rindhoe,Bianca,Carine,Vanessa,MIREILLE,Shanna,Catharina,Loes,Max
wo 1 apr 2020 9:45:03 CEST , Els,Irma,Brigitte,Genova,Gina,Bianca,Carine,Vanessa,MIREILLE,Shanna,Catharina,Selina,Max
wo 1 apr 2020 10:00:02 CEST , Irma,Els,Brigitte,Genova,Bianca,Carine,Vanessa,MIREILLE,Catharina,Selina
wo 1 apr 2020 10:15:02 CEST , Jada,Els,Irma,Brigitte,Genova,Ellen,Rindhoe,Bianca,Carine,Vanessa,Shanna,Catharina,Selina,Wim,Max
wo 1 apr 2020 10:30:02 CEST , Irma,Marijke,Brigitte,Genova,Ellen,Gina,Rindhoe,Eva,Bianca,Carine,Vanessa,MIREILLE,Shanna,Selina,Loes,Wim
wo 1 apr 2020 10:45:02 CEST , Marijke,Irma,Brigitte,Ellen,Gina,Rindhoe,Eva,Bianca,Carine,MIREILLE,Shanna,Catharina,Loes,Wim,Max
wo 1 apr 2020 11:00:02 CEST , Irma,Marijke,Jabba,Brigitte,Ellen,Rindhoe,Malou,Eva,Eugie,Bianca,Carine,MIREILLE,Shanna,Catharina,Selina,Loes,Wim,Max
wo 1 apr 2020 11:15:02 CEST , Jada,Jabba,Irma,Brigitte,Iliana,Rindhoe,Malou,Eva,Eugie,Bianca,Carine,MIREILLE,Shanna,Catharina,Selina,Wim,Max,Richard
wo 1 apr 2020 11:30:02 CEST , Jabba,Ayanna,Janette,Brigitte,Iliana,Rindhoe,Malou,Eva,Bianca,Carine,MIREILLE,Shanna,Catharina,Janine,Marianne,Wim,Max,Richard
wo 1 apr 2020 11:45:02 CEST , Janette,Iliana,Rindhoe,Malou,Eva,Bianca,Carine,Shanna,Catharina,Marianne,Danny,Max
wo 1 apr 2020 12:00:03 CEST , Janette,Kaatje,Jabba,Brigitte,Iliana,Rindhoe,Malou,Eva,Eugie,Bianca,Carine,Shanna,Catharina,Selina,Marianne,Loes,Danny,Wim,Max
wo 1 apr 2020 12:15:02 CEST , Kaatje,Jabba,Rindhoe,ॐGertॐ,Eugie,Bianca,Carine,Catharina,Selina,Marianne,Danny,Max
wo 1 apr 2020 12:30:02 CEST , Jabba,Rindhoe,Eva,ॐGertॐ,Eugie,Bianca,Carine,Catharina,Selina,Marianne,Danny,Max,Richard
wo 1 apr 2020 12:45:02 CEST , Jabba,Genova,Iliana,Rindhoe,Eva,ॐGertॐ,Bianca,Carine,Catharina,Amanda,Selina,Marianne,Loes,Danny,Max,Richard
wo 1 apr 2020 13:00:07 CEST , Jabba,Genova,Iliana,Rindhoe,Eva,ॐGertॐ,Bianca,Carine,Catharina,Amanda,Selina,Marianne,Loes,Danny,Max,Richard
wo 1 apr 2020 13:15:06 CEST , Iliana,Rindhoe,Eva,ॐGertॐ,Amrendra,Carine,Catharina,Amanda,Marianne,Danny,Max,Richard
wo 1 apr 2020 13:30:07 CEST , Brigitte,Genova,Kaatje,Iliana,Ruby,Rindhoe,Eva,Amrendra,Carine,Amanda,Marianne,Danny,Max,Richard
wo 1 apr 2020 13:45:05 CEST , Genova,Iliana,Ruby,Rindhoe,Eva,Amrendra,Bianca,Berna,Carine,Marianne,Danny,Max,Sandra,Richard
wo 1 apr 2020 14:00:03 CEST , Jabba,Kaatje,Iliana,Natascha,Ruby,Eva,Amrendra,Bianca,Carine,Amanda,Marianne,Max,Sandra,Richard
wo 1 apr 2020 14:15:03 CEST , Jabba,Brigitte,Genova,Kaatje,Iliana,Natascha,Eva,Amrendra,Bianca,Carine,Marianne,Max,Sandra,Milan,Richard
wo 1 apr 2020 14:30:03 CEST , Jabba,Genova,Brigitte,Amrendra,Bianca,Carine,Marianne,Max,Sandra,Milan,Richard
wo 1 apr 2020 14:45:03 CEST , Jabba,Genova,Kaatje,Natascha,Rindhoe,Amrendra,Eugie,Bianca,Carine,Marianne,Loes,Max,Sandra,Milan,Richard
wo 1 apr 2020 15:00:10 CEST , Jabba,Brigitte,Ruby,Rindhoe,Amrendra,Eugie,Bianca,Carine,Marianne,Loes,Max,Sandra,Milan,Richard
wo 1 apr 2020 15:15:02 CEST , Jabba,Brigitte,Eva,Amrendra,ॐGertॐ,Eugie,Bianca,Carine,Marianne,Janine,Loes,Max,Sandra,Milan,Richard
wo 1 apr 2020 15:30:02 CEST , Jabba,Tracy,Brigitte,Rindhoe,Amrendra,ॐGertॐ,Eugie,Bianca,Berna,Jaap,Carine,Marianne,Janine,Jeffy,Max,Sandra,Milan
wo 1 apr 2020 15:45:03 CEST , Jabba,Rindhoe,Amrendra,ॐGertॐ,Eugie,Bianca,Jaap,Carine,Marianne,Janine,Marianne,Jeffy,Max,Sandra,Richard
wo 1 apr 2020 16:00:02 CEST , Jabba,Tracy,Rindhoe,Eva,ॐGertॐ,Eugie,Bianca,Berna,Carine,Marianne,Janine,Marianne,Jeffy,Loes,Wim,Max,Sandra,Richard
wo 1 apr 2020 16:15:02 CEST , Tracy,Brigitte,Ruby,Rindhoe,Eva,ॐGertॐ,Bianca,Jaap,Carine,Marianne,Janine,Marianne,Loes,Wim,Max,Sandra,Richard
wo 1 apr 2020 16:30:01 CEST , Aurore,Kaatje,Brigitte,Ruby,Rindhoe,Eva,Amrendra,Eugie,Bianca,Jaap,Carine,Sonja,Janine,Marianne,Jeffy,Loes,Wim,Max,Sandra
wo 1 apr 2020 16:45:02 CEST , Aurore,Kaatje,Ruby,Madama,Eva,Amrendra,Eugie,Jaap,Carine,Amanda,Sonja,Marianne,Jeffy,Loes,Wim,Max,Sandra,Milan
wo 1 apr 2020 17:00:02 CEST , Marijke,Aurore,Brigitte,Ruby,Madama,Eva,Amrendra,Eugie,Jaap,Carine,Sonja,Wim,Max,Sandra,Milan
wo 1 apr 2020 17:15:02 CEST , Aurore,Marijke,Madama,Eva,Amrendra,Eugie,Jaap,Carine,Amanda,Sonja,Wim,Max,Milan
wo 1 apr 2020 17:30:01 CEST , Aurore,Iliana,Madama,Eva,Amrendra,Eugie,Jaap,Carine,Sonja,Loes,Wim,Max,Sterre,Milan
wo 1 apr 2020 17:45:01 CEST , Tracy,Judith,Jet,Iliana,Madama,Eva,Amrendra,Eugie,Jaap,Carine,Sonja,Wim,Max,Sterre,Milan
wo 1 apr 2020 18:00:02 CEST , Aurore,Jet,Judith,Iliana,Gina,Madama,Eva,Amrendra,Eugie,Jaap,Carine,Sonja,Wim,Max,Sterre,Milan
wo 1 apr 2020 18:15:02 CEST , Aurore,Iliana,Gina,Madama,Amrendra,Mariëlle,Jaap,Carine,Sonja,Wim,Max,Sterre,Milan
wo 1 apr 2020 18:30:02 CEST , Jet,Aurore,Kaatje,Madama,Mariëlle,Jaap,Carine,Sonja,Loes,Wim,Sterre,Milan
wo 1 apr 2020 18:45:01 CEST , Jet,Aurore,Gina,Madama,Mariëlle,Jaap,Carine,Sonja,Loes,Wim,Sterre,Milan
wo 1 apr 2020 19:00:02 CEST , Aurore,Jet,Madama,Jaap,Carine,Sonja,Loes,Wim,Sterre,Milan
wo 1 apr 2020 19:15:02 CEST , Aurore,Kaatje,Natascha,Veerle,Madama,Jaap,Carine,Sonja,Wim,Sterre
wo 1 apr 2020 19:30:02 CEST , Gina,Bianca,Jaap,Carine,Sonja,Wim,Sterre
wo 1 apr 2020 19:45:02 CEST , Sabrina,Aurore,Madama,Bianca,Jaap,Carine,Sonja,Maria,Wim,Sterre,Richard
wo 1 apr 2020 20:00:02 CEST , Sabrina,Aurore,Janette,Natascha,ॐGertॐ,Bianca,Carine,Vanessa,Sonja,Maria,Max,Wim,Saul,Sterre,Richard
wo 1 apr 2020 20:15:01 CEST , Janette,Aurore,Natascha,Bianca,Carine,MIREILLE,Sonja,Maria,Max,Wim,Saul,Sterre,Henny,Richard
wo 1 apr 2020 20:30:02 CEST , Janette,Jabba,Ellen,Kaatje,Bianca,Vanessa,Carine,MIREILLE,Sonja,Maria,Max,Wim,Saul,Sterre,Henny,Richard
wo 1 apr 2020 20:45:02 CEST , Jabba,Janette,Marijke,Natascha,Eva,Bianca,Carine,Marianne,Sonja,Maria,Wim,Sterre,Henny,Sandra,Richard
wo 1 apr 2020 21:00:02 CEST , Janette,Marijke,Jabba,Eva,Bianca,Carine,Marianne,Sonja,Janine,Maria,Max,Wim,Sterre,Sandra,Henny,Milan,Richard
wo 1 apr 2020 21:15:01 CEST , Marijke,Janette,Sabrina,Jabba,Eva,ॐGertॐ,Bianca,Vanessa,Carine,Graciela,Marianne,Sonja,Maria,Max,Wim,Henny,Sandra,Milan,Richard
wo 1 apr 2020 21:30:02 CEST , Janette,Marijke,Jabba,Kaatje,Eva,Bianca,Mariëlle,Vanessa,Carine,Graciela,MIREILLE,Marianne,Janine,Maria,Max,Wim,Sandra,Milan,Richard
wo 1 apr 2020 21:45:02 CEST , Danielle,Jabba,Marijke,Kaatje,Brigitte,Eva,Bianca,Vanessa,Carine,Graciela,Marianne,Janine,Max,Wim,Sandra,Milan,Richard
wo 1 apr 2020 22:00:02 CEST , Danielle,Jabba,Natascha,Eva,Bianca,ॐGertॐ,Carine,Graciela,Marianne,Janine,Max,Wim,Sandra,Henny,Milan
wo 1 apr 2020 22:15:02 CEST , Danielle,Sabrina,Gina,Bianca,ॐGertॐ,Carine,Graciela,Maria,Wim,Henny,Milan
wo 1 apr 2020 22:30:01 CEST , Nikita,Brigitte,ॐGertॐ,Carine,MIREILLE,Graciela,Maria,Wim,Henny,Milan
wo 1 apr 2020 22:45:02 CEST , Nikita,Carine,MIREILLE,Graciela,Maria,Wim,Milan
wo 1 apr 2020 23:00:02 CEST , Nikita,Jabba,Carine,Graciela,Maria,Wim,Milan
wo 1 apr 2020 23:15:02 CEST , Nikita,Sabrina,Gina,Amrendra,Carine,Graciela,Maria,Wim,Milan,Richard
wo 1 apr 2020 23:30:01 CEST , Nikita,Carine,Graciela,Maria,Marieke,Wim,Milan,Richard
wo 1 apr 2020 23:45:02 CEST , Nikita,Carine,Maria,Wim,Milan
do 2 apr 2020 0:00:04 CEST , Nikita,Amrendra,Carine,Wim,Milan,Richard
do 2 apr 2020 0:15:01 CEST , Nikita,Carine,Maria,Wim,Richard
do 2 apr 2020 0:30:02 CEST , Nikita,ॐGertॐ,Carine,Wim,Richard
do 2 apr 2020 0:45:02 CEST , Wim
do 2 apr 2020 1:00:02 CEST , Nikita,Carine
do 2 apr 2020 1:15:02 CEST , Nikita,Amrendra,Carine
do 2 apr 2020 1:30:01 CEST , Nikita,Amrendra
do 2 apr 2020 8:30:02 CEST , Irma,Ellen,Vanessa,Selina,Loes,Max
do 2 apr 2020 8:45:01 CEST , Jada,Ellen,Bianca,Vanessa,Selina,Loes
do 2 apr 2020 9:00:02 CEST , Irma,Marijke,Ellen,Ellen,Bianca,Vanessa,Nelly
do 2 apr 2020 9:15:02 CEST , Irma,Ellen,Ellen,Bianca,Vanessa
do 2 apr 2020 9:30:02 CEST , Marijke,Irma,Jada,Ellen,Bianca,Marianne,Selina,Nelly
do 2 apr 2020 9:45:02 CEST , Marijke,Jada,Bianca,Marianne,Selina,Nelly
do 2 apr 2020 10:00:02 CEST , Jada,Marianne,Selina,Nelly
do 2 apr 2020 10:15:01 CEST , Brigitte,Ellen,Selina,Max,Wim,Richard
do 2 apr 2020 10:30:02 CEST , Jada,Brigitte,Gina,Mariëlle,Marianne,Selina,Loes,Max,Saul,Wim,Richard
do 2 apr 2020 10:45:03 CEST , Jada,Tracy,Janette,Brigitte,Iliana,Gina,Rindhoe,Madama,☥C☥JAH☥,Mariëlle,Vanessa,Marianne,Selina,Loes,Max,Nelly,Saul,Wim,Richard
do 2 apr 2020 11:00:02 CEST , Janette,Brigitte,Iliana,Gina,Rindhoe,Madama,☥C☥JAH☥,Mariëlle,Vanessa,Marianne,Selina,Loes,Nelly,Saul,Wim,Richard
do 2 apr 2020 11:15:01 CEST , Janette,Kaatje,Brigitte,Iliana,Gina,Malou,Madama,Bianca,Mariëlle,Vanessa,Selina,Max,Nelly,Saul,Wim,Richard
do 2 apr 2020 11:30:02 CEST , Tracy,Janette,Marijke,Kaatje,Brigitte,Iliana,Rindhoe,Madama,Eugie,Bianca,Mariëlle,Vanessa,Marianne,Shanna,Selina,Max,Saul,Wim,Richard
do 2 apr 2020 11:45:01 CEST , Janette,Marijke,Irma,Genova,Kaatje,Brigitte,Tracy,Iliana,Rindhoe,Madama,Eugie,Bianca,Vanessa,ॐGertॐ,Shanna,Selina,Janine,Maria,Max,Nelly,Saul,Wim,Richard
do 2 apr 2020 12:00:02 CEST , Irma,Marijke,Kaatje,Brigitte,Tracy,Rindhoe,Madama,Eugie,Bianca,Vanessa,Carine,ॐGertॐ,Amanda,Shanna,Selina,Maria,Max,Saul,Wim,Richard
do 2 apr 2020 12:15:01 CEST , Marijke,Genova,Brigitte,Tracy,Rindhoe,Madama,Eugie,Bianca,Carine,ॐGertॐ,Amanda,Shanna,Selina,Maria,Jeffy,Max,Saul
do 2 apr 2020 12:30:02 CEST , Genova,Brigitte,Madama,Bianca,Vanessa,Carine,ॐGertॐ,Amanda,Shanna,Maria,Jeffy,Max,Danny,Saul
do 2 apr 2020 12:45:02 CEST , Irma,Genova,Ruby,Bianca,Vanessa,Carine,ॐGertॐ,Amanda,Shanna,Maria,Jeffy,Richard
do 2 apr 2020 13:00:01 CEST , Genova,Brigitte,Ruby,Rindhoe,Bianca,Vanessa,Carine,Amanda,Maria,Jeffy,Danny,Milan,Richard
do 2 apr 2020 13:15:02 CEST , Genova,Brigitte,Iliana,Natascha,Bianca,Berna,Vanessa,Carine,Amanda,Maria,Danny,Wim,Milan,Richard
do 2 apr 2020 13:30:01 CEST , Brigitte,Iliana,Bianca,Berna,Carine,Maria,Jeffy,Danny,Sterre,Milan,Richard
do 2 apr 2020 13:45:02 CEST , Brigitte,Iliana,Carine,Amanda,Maria,Jeffy,Danny,Wim,Sterre,Sandra,Milan,Richard
do 2 apr 2020 14:00:02 CEST , Janette,Genova,Iliana,Carine,Amanda,Maria,Wim,Sterre,Sandra,Milan,Richard
do 2 apr 2020 14:15:01 CEST , Janette,Genova,Kaatje,Brigitte,Iliana,Natascha,Ruby,Bianca,Carine,Janine,Maria,Wim,Sterre,Sandra,Milan,Richard
do 2 apr 2020 14:30:04 CEST , Janette,Genova,Iliana,Natascha,Ruby,Bianca,Carine,Janine,Maria,Sterre,Sandra,Richard
do 2 apr 2020 14:45:02 CEST , Janette,Ayanna,Genova,Iliana,Natascha,Ruby,Bianca,Mariëlle,Carine,Marianne,Janine,Maria,Sterre,Sandra
do 2 apr 2020 15:00:02 CEST , Ayanna,Janette,Genova,Kaatje,Natascha,Eugie,Bianca,Mariëlle,Carine,Marianne,Maria,Sterre,Sandra,Milan,Richard
do 2 apr 2020 15:15:01 CEST , Janette,Ayanna,Brigitte,Iliana,Malou,Eugie,Ingrid,Bianca,Mariëlle,Carine,Amanda,Maria,Sterre,Sandra,Milan,Richard
do 2 apr 2020 15:30:02 CEST , Janette,Genova,Kaatje,Brigitte,Iliana,Eugie,Ingrid,Bianca,Berna,Carine,Amanda,Maria,Sandra,Milan,Richard
do 2 apr 2020 15:45:02 CEST , Janette,Genova,Kaatje,Brigitte,Iliana,Eugie,Ingrid,Bianca,Berna,Carine,Jaap,Amanda,Maria,Marianne,Loes,Sterre,Sandra,Milan
do 2 apr 2020 16:00:01 CEST , Janette,Genova,Kaatje,Brigitte,Iliana,Eugie,Mariëlle,Ingrid,Bianca,Berna,Carine,Jaap,Amanda,Maria,Marianne,Loes,Sterre,Sandra,Milan
do 2 apr 2020 16:15:02 CEST , Genova,Kaatje,Iliana,Madama,Eugie,Mariëlle,Ingrid,Bianca,Carine,Jaap,Marianne,Amanda,Maria,Marianne,Loes,Sterre,Sandra,Milan,Richard
do 2 apr 2020 16:30:02 CEST , Genova,Kaatje,Brigitte,Iliana,Madama,Eugie,Mariëlle,Ingrid,Bianca,Carine,Jaap,ॐGertॐ,Marianne,Maria,Marianne,Nelly,Sterre,Sandra,Milan,Richard
do 2 apr 2020 16:45:02 CEST , Genova,Kaatje,Iliana,Malou,Eugie,Mariëlle,Ingrid,Bianca,Carine,Jaap,ॐGertॐ,Amanda,Maria,Marianne,Loes,Nelly,Milan
do 2 apr 2020 17:00:01 CEST , Kaatje,Brigitte,Iliana,Malou,Madama,Eugie,Mariëlle,Carine,ॐGertॐ,Amanda,Maria,Marianne,Nelly,Milan
do 2 apr 2020 17:15:02 CEST , Janette,Kaatje,Brigitte,Iliana,Gina,Malou,Madama,Eugie,Mariëlle,Ingrid,Carine,Jaap,Graciela,Maria,Marianne,Jeffy,Milan
do 2 apr 2020 17:30:02 CEST , Marijke,Janette,Kaatje,Iliana,Malou,Madama,Eugie,Ingrid,Carine,Jaap,Graciela,Maria,Marianne,Loes,Milan
do 2 apr 2020 17:45:03 CEST , Janette,Kaatje,Iliana,Madama,Eugie,Ingrid,Vanessa,Carine,Jaap,Amanda,Maria,Marianne,Jeffy,Milan
do 2 apr 2020 18:00:01 CEST , Marijke,Janette,Veerle,Madama,Eugie,Vanessa,Carine,Jaap,Amanda,Maria,Marianne,Milan
do 2 apr 2020 18:15:01 CEST , Janette,Marijke,Kaatje,Veerle,Malou,Madama,Vanessa,Carine,Amanda,Maria,Sterre,Milan
do 2 apr 2020 18:30:02 CEST , Janette,Kaatje,Ruby,Malou,Madama,Berna,Vanessa,Carine,Amanda,Sonja,Maria,Sterre,Sandra,Milan,Richard
do 2 apr 2020 18:45:02 CEST , Janette,Ruby,Malou,Madama,Ingrid,Carine,Graciela,Sonja,Maria,Sandra,Richard
do 2 apr 2020 19:00:02 CEST , Marijke,Janette,Gina,Malou,Madama,Amrendra,Berna,Carine,Amanda,Sonja,Maria,Sterre,Sandra,Henny,Richard
do 2 apr 2020 19:15:02 CEST , Janette,Kaatje,Gina,Malou,Madama,Amrendra,Ingrid,Bianca,Berna,Carine,Amanda,Sonja,Maria,Sterre,Sandra,Henny,Richard
do 2 apr 2020 19:30:01 CEST , Janette,Tracy,Gina,Ruby,Malou,Madama,Amrendra,Ingrid,Bianca,Carine,Sonja,Maria,Margareth,Sterre,Sandra,Henny,Richard
do 2 apr 2020 19:45:02 CEST , Marijke,Ruby,Malou,Madama,Amrendra,☥C☥JAH☥,Ingrid,Bianca,Berna,Carine,ॐGertॐ,Sonja,Maria,Margareth,Sterre,Henny,Sandra,Richard
do 2 apr 2020 20:00:02 CEST , Ayanna,Janette,Marijke,Ruby,Veerle,Malou,Madama,Amrendra,Ingrid,Bianca,Berna,Carine,Sonja,Maria,Margareth,Sterre,Sandra,Henny,Richard
do 2 apr 2020 20:15:02 CEST , Marijke,Janette,Ruby,Veerle,Malou,Madama,Amrendra,Ingrid,Bianca,Carine,Vanessa,Marianne,Amanda,Sonja,Maria,Margareth,Sterre,Sandra,Henny,Richard
do 2 apr 2020 20:30:03 CEST , Janette,Marijke,Kaatje,Ruby,Veerle,Madama,Amrendra,Ingrid,Bianca,Carine,Vanessa,Marianne,Sonja,Maria,Margareth,Sterre,Henny,Milan
do 2 apr 2020 20:45:02 CEST , Janette,Marijke,Brigitte,Veerle,Madama,Amrendra,Bianca,Vanessa,Sonja,Maria,Margareth,Wim,Sterre,Henny,Milan
do 2 apr 2020 21:00:01 CEST , Janette,Gina,Veerle,Amrendra,☥C☥JAH☥,Bianca,ॐGertॐ,Sonja,Maria,Wim,Sterre,Henny,Milan
do 2 apr 2020 21:15:01 CEST , Janette,Marijke,Ruby,Veerle,Amrendra,Bianca,Carine,Sonja,Maria,Marieke,Margareth,Wim,Sterre,Henny,Milan
do 2 apr 2020 21:30:02 CEST , Marijke,Kaatje,Brigitte,Tracy,Gina,Ruby,Veerle,Amrendra,Bianca,Carine,Sonja,Maria,Marieke,Wim,Sterre,Henny,Milan
do 2 apr 2020 21:45:02 CEST , Kaatje,Veerle,Amrendra,Bianca,Carine,Sonja,Maria,Wim,Henny,Milan
do 2 apr 2020 22:00:02 CEST , Cleo,Marijke,Iliana,Amrendra,Bianca,Carine,Maria,Wim,Henny,Milan
do 2 apr 2020 22:15:01 CEST , Kaatje,Iliana,Amrendra,Bianca,Carine,ॐGertॐ,Maria,Henny,Milan
do 2 apr 2020 22:30:02 CEST , Amrendra,Carine,Graciela,Maria,Henny,Milan
do 2 apr 2020 22:45:02 CEST , Amrendra,Carine,Graciela,Milan
do 2 apr 2020 23:00:02 CEST , Amrendra,Carine,Milan
do 2 apr 2020 23:15:01 CEST , Graciela
do 2 apr 2020 23:30:02 CEST , Amrendra,Carine,Graciela,Milan
do 2 apr 2020 23:45:02 CEST , Amrendra,Carine,Graciela,Milan
vr 3 apr 2020 0:00:02 CEST , Amrendra,Carine,Milan
vr 3 apr 2020 0:15:01 CEST , Amrendra,Carine,Maria,Milan
vr 3 apr 2020 0:30:02 CEST , Amrendra,Carine,Maria
vr 3 apr 2020 0:45:02 CEST , Carine
vr 3 apr 2020 1:00:02 CEST , Carine,Maria,Marieke
vr 3 apr 2020 1:15:01 CEST , Maria
vr 3 apr 2020 1:30:02 CEST , Amrendra,Maria
vr 3 apr 2020 1:45:02 CEST , Amrendra,Maria
vr 3 apr 2020 1:50:25 CEST , Amrendra,Maria,Richard
vr 3 apr 2020 1:51:20 CEST , Amrendra,Maria,Richard
vr 3 apr 2020 1:51:39 CEST , Amrendra,Maria,Richard
vr 3 apr 2020 2:00:02 CEST , Amrendra,Maria
vr 3 apr 2020 2:15:02 CEST , Amrendra,Maria
vr 3 apr 2020 8:30:02 CEST , Irma,Marijke,Ragh,Bianca,Carine,Selina
vr 3 apr 2020 8:45:01 CEST , Marijke,Jada,Irma,Ellen,Ragh,Bianca,Carine,Selina,Max
vr 3 apr 2020 9:00:02 CEST , Marijke,Irma,Ellen,Bianca,Carine,Selina,Max,Nelly
vr 3 apr 2020 9:15:02 CEST , Marijke,Ellen,Ellen,Bianca,Selina,Max,Nelly
vr 3 apr 2020 9:30:01 CEST , Ellen,Ellen,Ragh,Marianne,Selina,Max,Marieke,Nelly
vr 3 apr 2020 9:45:02 CEST , Ellen,Ellen,Vanessa,Marianne,Selina,Nelly
vr 3 apr 2020 10:00:01 CEST , Ellen,Ellen,Mariëlle,Vanessa,Marianne,Selina
vr 3 apr 2020 10:15:02 CEST , Jada,Ellen,Madama,Mariëlle,Vanessa,Selina,Max,Nelly,Richard
vr 3 apr 2020 10:30:01 CEST , Ellen,Brigitte,Madama,Mariëlle,Selina,Marianne,Max,Danny,Nelly
vr 3 apr 2020 10:45:01 CEST , Jada,Ellen,Brigitte,Gina,Mariëlle,Sonja,Selina,Janine,Marianne,Max,Danny,Nelly,Richard
vr 3 apr 2020 11:00:03 CEST , Jada,Ellen,Brigitte,Madama,☥C☥JAH☥,Mariëlle,MIREILLE,Sonja,Selina,Marianne,Max,Richard
vr 3 apr 2020 11:15:02 CEST , Brigitte,Madama,MIREILLE,Amanda,Sonja,Selina,Marianne,Max,Richard
vr 3 apr 2020 11:30:01 CEST , Janette,Brigitte,Madama,Vanessa,MIREILLE,Amanda,Sonja,Selina,Marianne,Max,Richard
vr 3 apr 2020 11:45:02 CEST , Janette,Madama,Vanessa,MIREILLE,Shanna,Sonja,Selina,Marianne,Max,Richard
vr 3 apr 2020 12:00:02 CEST , Janette,Madama,Vanessa,MIREILLE,Shanna,Selina,Marianne,Max,Richard
vr 3 apr 2020 12:15:01 CEST , Marijke,Madama,Vanessa,Shanna,Sonja,Marianne,Max,Richard
vr 3 apr 2020 12:30:02 CEST , Marijke,Madama,☥C☥JAH☥,Vanessa,Shanna,Amanda,Sonja,Selina,Janine,Marianne,Max,Richard
vr 3 apr 2020 12:45:02 CEST , Marijke,Aurore,Genova,Brigitte,Madama,Carine,Shanna,Amanda,Sonja,Selina,Janine,Marianne,Jeffy,Max,Richard
vr 3 apr 2020 13:00:01 CEST , Aurore,Genova,Brigitte,Carine,Shanna,Amanda,Sonja,Selina,Janine,Maria,Marianne,Jeffy,Max,Richard
vr 3 apr 2020 13:15:02 CEST , Aurore,Brigitte,Madama,Carine,Shanna,Sonja,Selina,Maria,Marianne,Jeffy,Richard
vr 3 apr 2020 13:30:02 CEST , Aurore,Genova,Brigitte,Madama,Mariëlle,Berna,Carine,Shanna,Amanda,Selina,Maria,Marianne,Jeffy,Richard
vr 3 apr 2020 13:45:01 CEST , Aurore,Genova,Brigitte,Madama,Amrendra,Mariëlle,Carine,Shanna,Amanda,Sonja,Selina,Janine,Maria,Marianne,Jeffy,Richard
vr 3 apr 2020 14:00:02 CEST , Aurore,Brigitte,Ruby,Madama,Carine,Vanessa,Shanna,Amanda,Sonja,Janine,Maria,Marianne,Richard
vr 3 apr 2020 14:15:02 CEST , Aurore,Genova,Kaatje,Ruby,Madama,Mariëlle,Carine,Vanessa,Shanna,Amanda,Sonja,Janine,Maria,Marianne,Richard
vr 3 apr 2020 14:30:01 CEST , Aurore,Genova,Madama,Mariëlle,Carine,ॐGertॐ,Shanna,Amanda,Sonja,Maria,Richard
vr 3 apr 2020 14:45:02 CEST , Aurore,Genova,Kaatje,Madama,Carine,ॐGertॐ,Vanessa,Amanda,Sonja,Brigitte,Maria,Richard
vr 3 apr 2020 15:00:02 CEST , Aurore,Genova,Kaatje,Madama,Bianca,Berna,Carine,ॐGertॐ,Maria,Richard
vr 3 apr 2020 15:15:01 CEST , Aurore,Genova,Kaatje,Madama,Bianca,Berna,Carine,ॐGertॐ,Maria,Richard
vr 3 apr 2020 15:30:02 CEST , Aurore,Bianca,Carine,Marianne,Vanessa,Maria,Marianne,Jeffy,Richard
vr 3 apr 2020 15:45:02 CEST , Aurore,Gina,Bianca,Carine,ॐGertॐ,Marianne,Janine,Maria,Marianne,Jeffy,Richard
vr 3 apr 2020 16:00:01 CEST , Aurore,Genova,Gina,Bianca,Carine,ॐGertॐ,Janine,Maria,Marianne,Jeffy,Brigitte,Richard
vr 3 apr 2020 16:15:02 CEST , Josefien,Aurore,Genova,Gina,Veerle,Bianca,Carine,ॐGertॐ,Maria,Marianne,Jeffy
vr 3 apr 2020 16:30:02 CEST , Aurore,Ayanna,Genova,Veerle,Carine,ॐGertॐ,Shanna,Janine,Maria,Marianne
vr 3 apr 2020 16:45:01 CEST , Aurore,Kaatje,Veerle,Berna,Carine,Jaap,Amanda,Loes
vr 3 apr 2020 17:00:02 CEST , Genova,Kaatje,Gina,Veerle,Amrendra,Carine,Jaap,Shanna,Amanda,Brigitte,Maria,Loes,Nelly
vr 3 apr 2020 17:15:01 CEST , Veerle,Amrendra,Eugie,Carine,Jaap,Shanna,Brigitte,Maria,Loes
vr 3 apr 2020 17:30:03 CEST , Genova,Kaatje,Gina,Madama,Amrendra,Carine,Jaap,Shanna,Brigitte,Maria,Marianne,Max
vr 3 apr 2020 17:45:02 CEST , Genova,Kaatje,Veerle,Malou,Madama,Amrendra,Carine,Jaap,Shanna,Brigitte,Maria,Max,Loes
vr 3 apr 2020 18:00:01 CEST , Jet,Janette,Kaatje,Veerle,Malou,Madama,Amrendra,Carine,Jaap,Amanda,Maria,Marianne,Max,Loes
vr 3 apr 2020 18:15:01 CEST , Jet,Janette,Kaatje,Veerle,Malou,Madama,Amrendra,Eugie,Carine,Jaap,Amanda,Brigitte,Maria,Jeffy,Marianne,Max
vr 3 apr 2020 18:30:02 CEST , Jet,Janette,Kaatje,Veerle,Malou,Amrendra,Eugie,Carine,Brigitte,Maria,Jeffy,Max,Loes,Wim
vr 3 apr 2020 18:45:02 CEST , Janette,Kaatje,Malou,Eugie,Berna,Carine,Shanna,Brigitte,Maria,Max,Wim
vr 3 apr 2020 19:00:01 CEST , Janette,Jet,Kaatje,Gina,Malou,Madama,Eugie,Berna,Carine,Brigitte,Maria,Wim,Henny
vr 3 apr 2020 19:15:04 CEST , Jet,Janette,Kaatje,Gina,Veerle,Malou,Eugie,Carine,Shanna,Amanda,Maria,Wim
vr 3 apr 2020 19:30:02 CEST , Jet,Janette,Kaatje,Veerle,Malou,Madama,Bianca,Carine,Maria,Max,Wim,Richard
vr 3 apr 2020 19:45:01 CEST , Janette,Kaatje,Veerle,Malou,Madama,Eugie,Bianca,Berna,Carine,Amanda,Janine,Maria,Max,Wim,Henny,Richard
vr 3 apr 2020 20:00:02 CEST , Janette,Natascha,Veerle,Eugie,Bianca,Carine,Vanessa,MIREILLE,Shanna,Maria,Max,Wim,Henny
vr 3 apr 2020 20:15:02 CEST , Jet,Janette,Veerle,Eugie,Bianca,Carine,ॐGertॐ,Maria,Max,Wim,Henny
vr 3 apr 2020 20:30:01 CEST , Jet,Janette,☥C☥JAH☥,Eugie,Bianca,Carine,Vanessa,MIREILLE,Maria,Max,Wim
vr 3 apr 2020 20:45:02 CEST , Janette,Brigitte,Natascha,Veerle,☥C☥JAH☥,Carine,Vanessa,MIREILLE,ॐGertॐ,Maria,Wim,Henny
vr 3 apr 2020 21:00:02 CEST , Janette,Brigitte,Natascha,Bianca,Carine,Vanessa,MIREILLE,ॐGertॐ,Maria,Sterre,Henny,Richard
vr 3 apr 2020 21:15:02 CEST , Bianca,Carine,ॐGertॐ,Marieke,Sterre,Henny,Richard
vr 3 apr 2020 21:30:01 CEST , Kaatje,Brigitte,Natascha,Bianca,Carine,ॐGertॐ,Margareth,Wim,Sterre,Richard
vr 3 apr 2020 21:45:02 CEST , Eugie,Carine,MIREILLE,ॐGertॐ,Max,Marieke,Margareth,Wim,Sterre,Richard
vr 3 apr 2020 22:00:02 CEST , Brigitte,Natascha,Gina,Bianca,Eugie,Carine,ॐGertॐ,Marianne,MIREILLE,Max,Margareth,Wim,Richard
vr 3 apr 2020 22:15:02 CEST , Brigitte,Bianca,Carine,ॐGertॐ,MIREILLE,Graciela,Max,Richard
vr 3 apr 2020 22:30:01 CEST , Natascha,Bianca,Carine,ॐGertॐ,MIREILLE,Graciela,Max,Wim,Richard
vr 3 apr 2020 22:45:02 CEST , Nikita,Eugie,Carine,ॐGertॐ,MIREILLE,Graciela,Richard
vr 3 apr 2020 23:00:02 CEST , Nikita,Gina,Amrendra,Eugie,Carine,Graciela,Brigitte,Wim,Richard
vr 3 apr 2020 23:15:01 CEST , Nikita,Amrendra,Carine,Graciela,Brigitte,Maria
vr 3 apr 2020 23:30:03 CEST , Nikita,Carine,MIREILLE,Graciela,Maria
vr 3 apr 2020 23:45:02 CEST , Nikita,Carine,Graciela,Marieke
za 4 apr 2020 0:00:01 CEST , Amrendra,Carine
za 4 apr 2020 0:15:02 CEST , Amrendra,Carine,Maria
za 4 apr 2020 0:30:02 CEST , Nikita
za 4 apr 2020 0:45:01 CEST , Nikita
za 4 apr 2020 1:00:02 CEST , Nikita,Amrendra
za 4 apr 2020 1:15:02 CEST , Nikita,Graciela,Shanna
za 4 apr 2020 1:30:01 CEST , Nikita,Graciela,Shanna
za 4 apr 2020 1:45:02 CEST , Nikita,Graciela,Shanna
za 4 apr 2020 2:00:02 CEST , Nikita,Graciela
za 4 apr 2020 2:15:02 CEST , Shanna
za 4 apr 2020 9:15:03 CEST , Els,Ellen,Amanda,Max,Nelly
za 4 apr 2020 9:30:03 CEST , Els,Sonja,Max,Nelly
za 4 apr 2020 9:45:02 CEST , Gina,Veerle,Max
za 4 apr 2020 10:00:02 CEST , Quiny,Gina,Veerle,Sonja,Nelly,Sterre
za 4 apr 2020 10:15:01 CEST , Jabba,Quiny,Veerle,Sonja,Max,Nelly,Sterre
za 4 apr 2020 10:30:02 CEST , Jabba,Brigitte,Sonja,Nelly,Sterre
za 4 apr 2020 10:45:02 CEST , Quiny,Brigitte,Gina,Iliana,Mariëlle,Vanessa,Sonja,Janine,Nelly,Sterre
za 4 apr 2020 11:00:01 CEST , Jabba,Quiny,Veerle,Iliana,Mariëlle,Vanessa,Sonja,Amanda,Nelly,Sterre,Sandra
za 4 apr 2020 11:15:02 CEST , Jabba,Quiny,Brigitte,Ruby,Vanessa,Marianne,Amanda,Shanna,Marianne,Max,Marianne,Sandra
za 4 apr 2020 11:30:03 CEST , Jabba,Quiny,Gina,Ruby,Vanessa,Marianne,Amanda,Shanna,Maria,Marianne,Max,Sandra
za 4 apr 2020 11:45:02 CEST , Jabba,Quiny,Brigitte,Ruby,Vanessa,Marianne,Amanda,Shanna,Maria,Marianne,Max,Nelly,Sandra
za 4 apr 2020 12:00:02 CEST , Jabba,Quiny,Brigitte,Ruby,Vanessa,Marianne,Sonja,Amanda,Shanna,Maria,Marianne,Jeffy,Max,Sandra
za 4 apr 2020 12:15:01 CEST , Quiny,Ruby,Vanessa,Marianne,Sonja,Shanna,Maria,Marianne,Jeffy,Max,Sandra
za 4 apr 2020 12:30:02 CEST , Brigitte,Mariëlle,Vanessa,Marianne,Sonja,Amanda,Maria,Marianne,Jeffy,Max,Danny,Sandra
za 4 apr 2020 12:45:03 CEST , Brigitte,Ruby,Veerle,Mariëlle,Carine,Vanessa,Sonja,Amanda,Maria,Marianne,Jeffy,Max,Danny,Sandra
za 4 apr 2020 13:00:02 CEST , Brigitte,Veerle,Mariëlle,Berna,Carine,Vanessa,Sonja,Amanda,Maria,Marianne,Jeffy,Max,Danny,Sandra
za 4 apr 2020 13:15:02 CEST , Brigitte,Veerle,☥C☥JAH☥,Mariëlle,Carine,Vanessa,Sonja,Amanda,Maria,Marianne,Jeffy,Max,Sandra
za 4 apr 2020 13:30:01 CEST , Jet,Jabba,Veerle,Mariëlle,Carine,Vanessa,Sonja,Amanda,Maria,Marianne,Jeffy,Max,Sandra
za 4 apr 2020 13:45:02 CEST , Jabba,Jet,Carine,Vanessa,Amanda,Maria,Marianne,Jeffy,Max,Sandra
za 4 apr 2020 14:00:03 CEST , Jet,Jabba,Brigitte,Amrendra,Carine,Vanessa,Marianne,Jeffy,Max,Sandra
za 4 apr 2020 14:15:01 CEST , Jet,Jabba,Genova,Iliana,Carine,Vanessa,Maria,Marianne,Max,Sandra
za 4 apr 2020 14:30:02 CEST , Jabba,Genova,Brigitte,Veerle,Iliana,Carine,Vanessa,MIREILLE,Maria,Marianne,Max,Sandra
za 4 apr 2020 14:45:02 CEST , Genova,Brigitte,Veerle,Iliana,Carine,Vanessa,MIREILLE,Maria,Marianne,Max
za 4 apr 2020 15:00:01 CEST , Genova,Brigitte,Natascha,Veerle,Iliana,Carine,Vanessa,Maria,Marianne,Jeffy,Max,Sandra
za 4 apr 2020 15:15:02 CEST , Brigitte,Natascha,Gina,Veerle,Iliana,Carine,Vanessa,MIREILLE,Maria,Marianne,Sandra
za 4 apr 2020 15:30:02 CEST , Brigitte,Veerle,Iliana,Carine,Vanessa,MIREILLE,Maria,Marianne,Jeffy,Sandra
za 4 apr 2020 15:45:01 CEST , Iliana,Carine,Amanda,Brigitte,Maria,Marianne,Jeffy,Sandra,Danka
za 4 apr 2020 16:00:02 CEST , Aurore,Genova,Kaatje,Iliana,Carine,MIREILLE,Brigitte,Maria,Marianne,Jeffy,Sandra,Danka
za 4 apr 2020 16:15:02 CEST , Aurore,Genova,Kaatje,Gina,Iliana,Carine,Brigitte,Maria,Marianne,Jeffy,Loes,Sandra,Danka
za 4 apr 2020 16:30:02 CEST , Judith,Aurore,Genova,Brigitte,Iliana,Carine,Maria,Marianne,Jeffy,Loes,Sandra,Danka
za 4 apr 2020 16:45:01 CEST , Aurore,Iliana,Carine,Maria,Brigitte,Marianne,Jeffy,Loes,Danny,Danka
za 4 apr 2020 17:00:02 CEST , Aurore,Judith,Brigitte,Gina,Carine,Marianne,Maria,Brigitte,Marianne,Loes,Danny,Danka
za 4 apr 2020 17:15:01 CEST , Aurore,Ayanna,Brigitte,Gina,Amrendra,Eugie,Carine,Marianne,Sonja,Shanna,Maria,Brigitte,Marianne,Loes,Danny,Danka
za 4 apr 2020 17:30:02 CEST , Ayanna,Aurore,Brigitte,Gina,Carine,Shanna,Maria,Marianne,Loes,Sharda,Danka
za 4 apr 2020 17:45:02 CEST , Aurore,Ayanna,Janette,Brigitte,Gina,Eugie,Carine,Sonja,Shanna,Maria,Marianne,Loes,Danka
za 4 apr 2020 18:00:01 CEST , Janette,Jet,Aurore,Kaatje,Brigitte,Eugie,Carine,Sonja,Shanna,Janine,Brigitte,Maria,Marianne,Loes,Danka
za 4 apr 2020 18:15:03 CEST , Jet,Janette,Quiny,Gina,Carine,Ayanna,Sonja,Shanna,Maria,Danka
za 4 apr 2020 18:30:01 CEST , Jet,Janette,Quiny,Gina,Eugie,Berna,Carine,Ayanna,Sonja,Shanna,Danka
za 4 apr 2020 18:45:02 CEST , Jet,Natascha,Carine,ॐGertॐ,Sonja,Danka
za 4 apr 2020 19:00:02 CEST , Jet,Veerle,Amrendra,Eugie,Carine,Sonja,Amanda,Brigitte,Danka
za 4 apr 2020 19:15:01 CEST , Sabrina,Jet,Quiny,Veerle,Amrendra,Carine,ॐGertॐ,Sonja,Amanda,Brigitte,Henny,Danka
za 4 apr 2020 19:30:03 CEST , Jet,Quiny,Kaatje,Natascha,Veerle,Amrendra,Eugie,Carine,Sonja,Brigitte,Henny,Danka
za 4 apr 2020 19:45:02 CEST , Jet,Quiny,Kaatje,Malou,Amrendra,Eugie,Carine,Sonja,Amanda,Wim,Henny,Danka
za 4 apr 2020 20:00:02 CEST , Quiny,Kaatje,Brigitte,Natascha,Malou,Amrendra,Eugie,Carine,Sonja,Wim,Henny,Danka
za 4 apr 2020 20:15:01 CEST , Janette,Sabrina,Natascha,Ruby,Amrendra,Eugie,Carine,Marianne,Janine,Wim,Henny,Danka,Richard
za 4 apr 2020 20:30:02 CEST , Janette,Natascha,Veerle,Ruby,Eugie,Carine,ॐGertॐ,Marianne,Janine,Max,Wim,Henny,Danka,Richard
za 4 apr 2020 20:45:02 CEST , Janette,Brigitte,Veerle,Ruby,Carine,ॐGertॐ,Marianne,Max,Wim,Henny,Danka,Richard
za 4 apr 2020 21:00:01 CEST , Janette,Sabrina,Veerle,Ruby,Eugie,Carine,Max,Wim,Henny,Danka
za 4 apr 2020 21:15:02 CEST , Janette,Sabrina,Brigitte,Veerle,Ruby,Eugie,Carine,Max,Marieke,Wim,Henny,Danka
za 4 apr 2020 21:30:02 CEST , Janette,Brigitte,Natascha,Veerle,Ruby,Amrendra,Carine,Max,Wim,Danka,Richard
za 4 apr 2020 21:45:01 CEST , Janette,Kaatje,Natascha,Veerle,Amrendra,Eugie,Carine,ॐGertॐ,Max,Wim,Sterre,Danka,Richard
za 4 apr 2020 22:00:02 CEST , Janette,Cleo,Brigitte,Natascha,Veerle,Amrendra,Eugie,Carine,ॐGertॐ,Max,Marieke,Wim,Sterre,Danka,Richard
za 4 apr 2020 22:15:02 CEST , Janette,Paulien,Cleo,Gina,Veerle,Carine,ॐGertॐ,MIREILLE,Max,Wim,Danka
za 4 apr 2020 22:30:01 CEST , Paulien,Janette,Cleo,Brigitte,Gina,Eugie,Carine,ॐGertॐ,Wim,Danka,Richard
za 4 apr 2020 22:45:02 CEST , Paulien,Cleo,Janette,Brigitte,Eugie,Carine,ॐGertॐ,MIREILLE,Wim,Danka,Richard
za 4 apr 2020 23:00:02 CEST , Janette,Paulien,Gina,Eugie,Carine,ॐGertॐ,Wim,Danka,Richard
za 4 apr 2020 23:15:01 CEST , Paulien,Gina,Malou,Eugie,Carine,ॐGertॐ,Danka,Richard
za 4 apr 2020 23:30:02 CEST , Paulien,Gina,Malou,Carine,ॐGertॐ,Richard,Danka
za 4 apr 2020 23:45:02 CEST , Malou,Amrendra,Carine,Richard,Danka
zo 5 apr 2020 0:00:01 CEST , Carine,Richard,Danka
zo 5 apr 2020 0:15:01 CEST , Natascha,Carine,Richard,Danka
zo 5 apr 2020 0:30:02 CEST , Amrendra,Carine,Shanna,Fasha,Danka
zo 5 apr 2020 0:45:01 CEST , Amrendra,Shanna,Marieke,Danka
zo 5 apr 2020 1:00:02 CEST , Shanna,Danka
zo 5 apr 2020 1:15:02 CEST , Danka
zo 5 apr 2020 1:30:01 CEST , Amrendra,Shanna,Danka
zo 5 apr 2020 1:45:02 CEST , Amrendra,Danka
zo 5 apr 2020 2:00:02 CEST , Amrendra,Shanna,Danka
zo 5 apr 2020 2:15:01 CEST , Shanna,Danka
zo 5 apr 2020 8:45:01 CEST , Irma,Marijke,Els,Veerle,Bhartie,Eva,Vanessa,Amanda,Max,Marieke,Sterre
zo 5 apr 2020 9:00:02 CEST , Marijke,Els,Irma,Ellen,Brigitte,Veerle,Bhartie,Eva,Vanessa,Max,Nelly,Sterre,Danka
zo 5 apr 2020 9:15:03 CEST , Els,Marijke,Veerle,Bhartie,Eva,Vanessa,Marianne,Janine,Max,Nelly,Sterre,Danka
zo 5 apr 2020 9:30:01 CEST , Els,Brigitte,Eva,Vanessa,Marianne,Janine,Max,Nelly,Sterre,Danka
zo 5 apr 2020 9:45:02 CEST , Jada,Brigitte,Veerle,Mariëlle,Vanessa,Marianne,Janine,Max,Nelly,Danka
zo 5 apr 2020 10:00:02 CEST , Aurore,Els,Brigitte,Gina,Veerle,Bhartie,Vanessa,Marianne,Max,Nelly,Danka
zo 5 apr 2020 10:15:01 CEST , Els,Aurore,Brigitte,Gina,Veerle,Bhartie,Vanessa,Marianne,Amanda,Nelly,Sterre
zo 5 apr 2020 10:30:02 CEST , Aurore,Els,Jada,Gina,Eva,Vanessa,Marianne,Loes,Nelly,Sterre
zo 5 apr 2020 10:45:02 CEST , Aurore,Irma,Els,Gina,Bhartie,Eva,Vanessa,Max,Nelly,Sterre
zo 5 apr 2020 11:00:01 CEST , Aurore,Els,Irma,Ellen,Brigitte,Gina,Veerle,Malou,Eva,Vanessa,Marianne,Amanda,Catharina,Janine,Max
zo 5 apr 2020 11:15:02 CEST , Els,Aurore,Irma,Ellen,Brigitte,Gina,Veerle,Malou,Eva,Vanessa,Marianne,Amanda,Catharina,Janine,Max,Sterre,Richard,Danka
zo 5 apr 2020 11:30:02 CEST , Irma,Aurore,Malou,ॐGertॐ,Vanessa,Marianne,Catharina,Janine,Max,Nelly,Sterre,Danka
zo 5 apr 2020 11:45:02 CEST , Aurore,Marijke,Marianne,Sonja,Catharina,Janine,Max,Nelly,Sterre,Richard,Danka
zo 5 apr 2020 12:00:02 CEST , Aurore,Irma,Brigitte,Veerle,Malou,ॐGertॐ,Vanessa,Marianne,Catharina,Max,Sterre,Richard,Danka
zo 5 apr 2020 12:15:01 CEST , Irma,Aurore,Brigitte,Veerle,Malou,Carine,ॐGertॐ,Vanessa,Marianne,Shanna,Catharina,Sterre,Danka
zo 5 apr 2020 12:30:02 CEST , Janette,Aurore,Marijke,Genova,Veerle,Malou,Carine,ॐGertॐ,Vanessa,Marianne,Catharina,Janine,Max,Danka
zo 5 apr 2020 12:45:02 CEST , Janette,Genova,Veerle,Carine,Vanessa,Marianne,Shanna,Sonja,Brigitte,Max,Danka
zo 5 apr 2020 13:00:01 CEST , Janette,Aurore,Marijke,Genova,Kaatje,Veerle,Ruby,Amrendra,Carine,Vanessa,Marianne,Sonja,Brigitte,Max,Danka
zo 5 apr 2020 13:15:01 CEST , Janette,Marijke,Genova,Natascha,Veerle,Ruby,Amrendra,Carine,ॐGertॐ,Vanessa,Marianne,Max,Sterre,Danka
zo 5 apr 2020 13:30:02 CEST , Janette,Genova,Natascha,Veerle,Ruby,Carine,Sonja,Vanessa,Marianne,Sterre,Danka
zo 5 apr 2020 13:45:02 CEST , Janette,Genova,Veerle,Ruby,Carine,Sonja,Marianne,Brigitte,Sterre,Danka
zo 5 apr 2020 14:00:01 CEST , Janette,Kaatje,Brigitte,Natascha,Amrendra,Carine,Sonja,Marianne,Max,Danka
zo 5 apr 2020 14:15:02 CEST , Janette,Brigitte,Natascha,Amrendra,Carine,ॐGertॐ,Sonja,Marianne,Max,Danka
zo 5 apr 2020 14:30:02 CEST , Janette,Genova,Brigitte,Carine,ॐGertॐ,Sonja,Marianne,Brigitte,Max,Fasha,Danka
zo 5 apr 2020 14:45:01 CEST , Janette,Genova,Tracy,Carine,ॐGertॐ,Vanessa,Marianne,Catharina,Janine,Max,Danka
zo 5 apr 2020 15:00:02 CEST , Carine,Vanessa,Marianne,Janine,Max,Danka
zo 5 apr 2020 15:15:02 CEST , Jet,Catharina,Carine,Marianne,Janine,Max,Jeffy,Danka
zo 5 apr 2020 15:30:01 CEST , Jet,Ruby,Iliana,Madama,Carine,Marianne,Janine,Max,Jeffy
zo 5 apr 2020 15:45:02 CEST , Jet,Ruby,Iliana,Madama,Marianne,Carine,ॐGertॐ,Brigitte,Max,Jeffy,Richard
zo 5 apr 2020 16:00:02 CEST , Jet,Brigitte,Veerle,Ruby,Madama,Marianne,Carine,ॐGertॐ,Janine,Max,Jeffy,Richard
zo 5 apr 2020 16:15:02 CEST , Jet,Quiny,Brigitte,Veerle,Madama,Marianne,Carine,ॐGertॐ,Janine,Max,Jeffy,Danny,Richard
zo 5 apr 2020 16:30:01 CEST , Quiny,Natascha,Veerle,Ruby,Madama,Marianne,Carine,Janine,Max,Danny,Richard
zo 5 apr 2020 16:45:02 CEST , Quiny,Natascha,Veerle,Ruby,Madama,Marianne,Carine,ॐGertॐ,Max,Jeffy,Danny,Richard
zo 5 apr 2020 17:00:02 CEST , Marijke,Quiny,Natascha,Veerle,Ruby,Iliana,Madama,Marianne,Carine,ॐGertॐ,Jeffy
zo 5 apr 2020 17:15:01 CEST , Marijke,Genova,Veerle,Ruby,Iliana,Madama,Marianne,Carine,ॐGertॐ
zo 5 apr 2020 17:30:02 CEST , Marijke,Genova,Veerle,Iliana,Madama,Marianne,Carine,Sharda
zo 5 apr 2020 17:45:03 CEST , Marijke,Genova,Gina,Veerle,Madama,Marianne,Carine,Fasha,Sharda
zo 5 apr 2020 18:00:01 CEST , Marijke,Madama,Marianne,Carine
zo 5 apr 2020 18:15:02 CEST , Marijke,Madama,Marianne,Carine
zo 5 apr 2020 18:30:01 CEST , Jet,Madama,Marianne,Carine
zo 5 apr 2020 18:45:02 CEST , Jet,Natascha,Veerle,Madama,Marianne,Carine,Maria
zo 5 apr 2020 19:00:01 CEST , Jet,Gina,Madama,Marianne,Carine,Brigitte,Maria
zo 5 apr 2020 19:15:02 CEST , Marijke,Jet,Kaatje,Veerle,Bianca,Marianne,Carine,Brigitte,Maria,Sterre
zo 5 apr 2020 19:30:02 CEST , Marijke,Veerle,Madama,Bianca,Marianne,Carine,Maria,Sterre
zo 5 apr 2020 19:45:01 CEST , Marijke,Veerle,Madama,Bianca,Marianne,Carine,ॐGertॐ,Maria,Max,Sterre
zo 5 apr 2020 20:00:02 CEST , Marijke,Ruby,Veerle,Madama,Bianca,Marianne,Carine,ॐGertॐ,MIREILLE,Maria,Max,Sterre
zo 5 apr 2020 20:15:02 CEST , Marijke,Brigitte,Ruby,Veerle,Madama,Bianca,Marianne,Carine,ॐGertॐ,MIREILLE,Maria,Max,Sterre
zo 5 apr 2020 20:30:01 CEST , Marijke,Brigitte,Ruby,Veerle,Bianca,Marianne,Carine,ॐGertॐ,Vanessa,Maria,Max,Sterre
zo 5 apr 2020 20:45:02 CEST , Marijke,Sabrina,Gina,Ruby,Iliana,Veerle,Madama,Bianca,Marianne,Carine,Vanessa,Maria,Max,Sterre,Sharda
zo 5 apr 2020 21:00:02 CEST , Marijke,Sabrina,Brigitte,Ruby,Veerle,Bianca,Amrendra,Marianne,Carine,Vanessa,MIREILLE,Max,Milan
zo 5 apr 2020 21:15:03 CEST , Ruby,Iliana,Veerle,Bianca,Amrendra,Marianne,Carine,Vanessa,MIREILLE,Maria,Max,Henny,Milan
zo 5 apr 2020 21:30:02 CEST , Janette,Ruby,Iliana,Veerle,Bianca,Marianne,Carine,MIREILLE,Max,Marieke,Henny,Milan
zo 5 apr 2020 21:45:01 CEST , Sabrina,Janette,Iliana,Veerle,Bianca,Amrendra,Marianne,Carine,MIREILLE,Maria,Jacquelien,Henny,Milan
zo 5 apr 2020 22:00:02 CEST , Janette,Iliana,Bianca,Amrendra,Marianne,Carine,ॐGertॐ,Vanessa,Graciela,Jacquelien,Henny,Milan
zo 5 apr 2020 22:15:02 CEST , Kim,Janette,Bianca,Amrendra,Vanessa,Graciela,Maria,Carine,Jacquelien,Henny,Milan
zo 5 apr 2020 22:30:01 CEST , Sabrina,Janette,Kim,Bianca,Amrendra,ॐGertॐ,Graciela,Maria,Carine,Henny,Milan
zo 5 apr 2020 22:45:02 CEST , Amrendra,Graciela,Maria,Carine,Henny,Milan
zo 5 apr 2020 23:00:02 CEST , Cleo,Nikita,Gina,ॐGertॐ,Graciela,Carine,Henny,Milan
zo 5 apr 2020 23:15:02 CEST , Nikita,Cleo,Amrendra,ॐGertॐ,Graciela,Maria,Carine,Milan
zo 5 apr 2020 23:30:01 CEST , Nikita,Gina,Carine,Henny,Milan
zo 5 apr 2020 23:45:03 CEST , Cleo,Nikita,Gina,Amrendra,Marieke,Carine,Henny,Milan
ma 6 apr 2020 0:00:02 CEST , Nikita,Marieke,Carine,Henny,Milan
ma 6 apr 2020 0:15:02 CEST , Nikita,Carine,Milan
ma 6 apr 2020 0:30:02 CEST , Nikita
ma 6 apr 2020 0:45:01 CEST   Niemand online 
ma 6 apr 2020 1:00:02 CEST , Nikita,Amrendra
ma 6 apr 2020 1:15:02 CEST , Nikita,Amrendra,Carine
ma 6 apr 2020 1:30:01 CEST , Amrendra,Carine
ma 6 apr 2020 1:45:03 CEST , Carine
ma 6 apr 2020 9:00:02 CEST , Els,Paulien,Gina,Bianca,Vanessa,Sonja,Max,Loes
ma 6 apr 2020 9:15:02 CEST , Jada,Paulien,Gina,Bianca,Vanessa,Sonja,Max
ma 6 apr 2020 9:30:02 CEST , Ellen,Paulien,Els,Jabba,Gina,Brigitte,Vanessa,Sonja,Selina,Max
ma 6 apr 2020 9:45:02 CEST , Ellen,Jabba,Els,Gina,Brigitte,Vanessa,Sonja,Selina,Maria,Max,Jeffy,Danka
ma 6 apr 2020 10:00:02 CEST , Ellen,Sabrina,Els,Jada,Jabba,Gina,Brigitte,Bianca,Vanessa,Sonja,Shanna,Janine,Selina,Maria,Marianne,Max,Jeffy,Danka
ma 6 apr 2020 10:15:01 CEST , Ellen,Jabba,Els,Gina,Brigitte,Bianca,Vanessa,Sonja,Shanna,Janine,Selina,Maria,Marianne,Max,Jeffy,Richard,Danka
ma 6 apr 2020 10:30:02 CEST , Sabrina,Ellen,Jabba,Aurore,Kaatje,Iliana,Bianca,Vanessa,Sonja,Shanna,Janine,Selina,Maria,Max,Jeffy,Richard,Danka
ma 6 apr 2020 10:45:02 CEST , Jabba,Ellen,Aurore,Irma,Paulien,Kaatje,Iliana,Vanessa,Sonja,Shanna,Amanda,Selina,Maria,Max,Jeffy,Sharda,Richard,Danka
ma 6 apr 2020 11:00:11 CEST , Sarah,Aurore,Jabba,Sabrina,Irma,Paulien,Brigitte,Bianca,Vanessa,Shanna,Amanda,Selina,Maria,Max,Jeffy,Sharda,Richard,Danka
ma 6 apr 2020 11:15:02 CEST , Jabba,Aurore,Paulien,Irma,Sabrina,Brigitte,Bianca,Vanessa,Shanna,Amanda,Selina,Maria,Jeffy,Richard,Danka
ma 6 apr 2020 11:30:02 CEST , Paulien,Jabba,Ellen,Irma,Aurore,Brigitte,Bianca,Mariëlle,Shanna,Amanda,Selina,Maria,Max,Jeffy,Sharda,Richard,Danka
ma 6 apr 2020 11:45:02 CEST , Ellen,Aurore,Paulien,Kaatje,Brigitte,Bianca,Mariëlle,ॐGertॐ,Vanessa,Shanna,Selina,Maria,Max,Jeffy,Richard,Danka
ma 6 apr 2020 12:00:02 CEST , Ellen,Aurore,Jabba,Kaatje,Madama,Bianca,Mariëlle,ॐGertॐ,Vanessa,Shanna,Amanda,Selina,Maria,Jeffy,Danka
ma 6 apr 2020 12:15:02 CEST , Ellen,Jabba,Quiny,Brigitte,Madama,Bianca,Eugie,Mariëlle,ॐGertॐ,Vanessa,Shanna,Amanda,Selina,Maria,Max,Jeffy,Carine,Richard,Danka
ma 6 apr 2020 12:30:02 CEST , Jabba,Quiny,Madama,Bianca,Vanessa,Sonja,Shanna,Selina,Maria,Max,Jeffy,Carine,Danny,Richard,Danka
ma 6 apr 2020 12:45:02 CEST , Kim,Ellen,Quiny,Brigitte,Madama,Eugie,ॐGertॐ,Vanessa,Sonja,Brigitte,Amanda,Selina,Maria,Max,Carine,Marieke,Richard,Danka
ma 6 apr 2020 13:00:01 CEST , Kim,Ellen,Quiny,Natascha,Brigitte,Madama,Eugie,Berna,ॐGertॐ,Vanessa,Sonja,Brigitte,Amanda,Maria,Max,Carine,Richard,Danka
ma 6 apr 2020 13:15:02 CEST , Ellen,Kim,Quiny,Kaatje,Brigitte,Madama,Bianca,Eugie,Sonja,Amanda,Maria,Max,Carine,Richard,Danka
ma 6 apr 2020 13:30:02 CEST , Ellen,Kim,Quiny,Madama,Bianca,Eugie,ॐGertॐ,Marianne,Sonja,Amanda,Janine,Selina,Maria,Max,Jeffy,Carine,Richard,Danka
ma 6 apr 2020 13:45:02 CEST , Kim,Ellen,Quiny,Madama,Bianca,Eugie,ॐGertॐ,Marianne,Sonja,Amanda,Janine,Selina,Maria,Max,Jeffy,Carine,Richard,Danka
ma 6 apr 2020 14:00:02 CEST , Kim,Quiny,Madama,Bianca,Eugie,Mariëlle,Marianne,Sonja,Amanda,Janine,Selina,Max,Jeffy,Carine,Danny,Richard,Danka
ma 6 apr 2020 14:15:02 CEST , Kim,Quiny,Kaatje,Ruby,Madama,Bianca,Eugie,Amrendra,ॐGertॐ,Marianne,Sonja,Amanda,Janine,Selina,Maria,Max,Jeffy,Carine,Richard,Danka
ma 6 apr 2020 14:30:02 CEST , Kim,Quiny,Kaatje,Ruby,Madama,Bianca,Eugie,Amrendra,ॐGertॐ,Sonja,Amanda,Janine,Selina,Max,Jeffy,Carine,Richard,Danka
ma 6 apr 2020 14:45:02 CEST , Kim,Paulien,Quiny,Bianca,Eugie,ॐGertॐ,Sonja,Amanda,Selina,Max,Carine,Danka
ma 6 apr 2020 15:00:03 CEST , Kim,Paulien,Quiny,Kaatje,Ruby,Iliana,Madama,Bianca,Eugie,Berna,ॐGertॐ,Sonja,Amanda,Selina,Jeffy,Max,Carine,Danka
ma 6 apr 2020 15:15:02 CEST , Kim,Paulien,Quiny,Kaatje,Madama,Bianca,Eugie,Jaap,Amanda,Selina,Maria,Jeffy,Max,Carine,Richard,Danka
ma 6 apr 2020 15:30:02 CEST , Iliana,Madama,Bianca,Eugie,ॐGertॐ,Jaap,Amanda,Janine,Selina,Maria,Jeffy,Max,Carine,Richard,Danka
ma 6 apr 2020 15:45:02 CEST , Gina,Bianca,Eugie,Berna,ॐGertॐ,Jaap,Amanda,Janine,Selina,Maria,Marianne,Jeffy,Max,Carine,Richard,Danka
ma 6 apr 2020 16:00:02 CEST , ॐGertॐ,Jaap,Janine,Selina,Maria,Jeffy,Max,Carine,Danka
ma 6 apr 2020 16:15:02 CEST , Bianca,ॐGertॐ,Jaap,Janine,Maria,Jeffy,Max,Carine,Danny,Richard,Danka
ma 6 apr 2020 16:30:02 CEST , Paulien,Madama,ॐGertॐ,Marianne,Maria,Jeffy,Danny,Danka
ma 6 apr 2020 16:45:02 CEST , ॐGertॐ,Marianne,Jaap,Amanda,Carine,Jeffy,Danny,Danka
ma 6 apr 2020 17:00:02 CEST , Paulien,Madama,Berna,ॐGertॐ,Marianne,Jaap,Carine,Jeffy,Danny,Danka
ma 6 apr 2020 17:15:02 CEST , Kaatje,Amrendra,ॐGertॐ,Jaap,Amanda,Janine,Carine,Jeffy,Danny,Danka
ma 6 apr 2020 17:30:02 CEST , Amrendra,Amanda,Carine,Jeffy,Danny,Danka
ma 6 apr 2020 17:45:01 CEST , Ruby,Amrendra,Amanda,Carine,Jeffy,Richard,Danka
ma 6 apr 2020 18:00:02 CEST , Janette,Ruby,Amrendra,Carine,Jeffy,Loes,Sterre,Danka
ma 6 apr 2020 18:15:03 CEST , Jabba,Janette,Amrendra,Carine,Loes,Sterre,Richard,Danka
ma 6 apr 2020 18:30:02 CEST , Janette,Jabba,Natascha,Amrendra,Amanda,Carine,Richard,Danka
ma 6 apr 2020 18:45:02 CEST , Jabba,Janette,Gina,Natascha,Berna,Amanda,Carine,Sterre,Danka
ma 6 apr 2020 19:00:02 CEST , Jabba,Janette,Bianca,Berna,Carine,Sterre
ma 6 apr 2020 19:15:02 CEST , Janette,Bianca,Berna,Carine,Sterre,Danka
ma 6 apr 2020 19:30:02 CEST , Bianca,Berna,Brigitte,Carine,Sterre,Danka
ma 6 apr 2020 19:45:02 CEST , Janette,Bianca,Amanda,Carine,Sterre,Danka
ma 6 apr 2020 20:00:01 CEST , Janette,Jabba,Paulien,Tracy,Ruby,Bianca,Amanda,Carine,Sterre,Danka
ma 6 apr 2020 20:15:02 CEST , Janette,Jabba,Ruby,Bianca,Amrendra,Amanda,Carine,Sterre,Richard,Danka
ma 6 apr 2020 20:30:04 CEST , Janette,Gina,Ruby,ॐGertॐ,Carine,Sterre,Henny,Richard,Danka
ma 6 apr 2020 20:45:02 CEST , Sabrina,Janette,Jabba,Marijke,Gina,Brigitte,Marianne,Amrendra,ॐGertॐ,Graciela,Carine,Sterre,Henny,Richard,Danka
ma 6 apr 2020 21:00:01 CEST , Janette,Sabrina,Jabba,Ruby,Bianca,Marianne,Amrendra,Mariëlle,ॐGertॐ,Graciela,Carine,Sterre,Henny,Richard,Danka
ma 6 apr 2020 21:15:02 CEST , Marijke,Janette,Sabrina,Gina,Bianca,Marianne,Amrendra,Mariëlle,ॐGertॐ,Carine,Henny,Milan,Richard,Danka
ma 6 apr 2020 21:30:02 CEST , Jabba,Janette,Ruby,Bianca,Amrendra,Graciela,Carine,Henny,Milan,Richard,Danka
ma 6 apr 2020 21:45:02 CEST , Jabba,Ruby,Bianca,Amrendra,Graciela,Carine,Henny,Milan,Richard,Danka
ma 6 apr 2020 22:00:02 CEST , Sabrina,Jabba,Kaatje,Gina,Ruby,Bianca,Graciela,Janine,Carine,Henny,Milan,Richard,Danka
ma 6 apr 2020 22:15:03 CEST , Sabrina,Kaatje,Bianca,Graciela,Carine,Henny,Milan,Richard
ma 6 apr 2020 22:30:02 CEST , Sabrina,Kaatje,Bianca,Mariëlle,Graciela,Carine,Henny,Milan,Richard
ma 6 apr 2020 22:45:02 CEST , Gina,Graciela,Mariëlle,Carine,Milan,Richard
ma 6 apr 2020 23:00:02 CEST , Kaatje,Graciela,Mariëlle,Carine,Milan,Richard
ma 6 apr 2020 23:15:03 CEST , Gina,ॐGertॐ,Graciela,Carine,Milan,Richard
ma 6 apr 2020 23:30:02 CEST , Gina,Graciela,Carine,Milan,Richard
ma 6 apr 2020 23:45:02 CEST , Kim,Graciela,Carine,Milan,Richard
di 7 apr 2020 0:00:02 CEST , Sabrina,Graciela,Carine,Richard
di 7 apr 2020 0:15:02 CEST , Sabrina,Amrendra,Graciela,Carine,Richard
di 7 apr 2020 0:30:01 CEST , Kim,Sabrina,Carine
di 7 apr 2020 0:45:02 CEST , Kim,Carine
di 7 apr 2020 1:00:02 CEST , Kim,Carine
di 7 apr 2020 1:15:02 CEST , Carine
di 7 apr 2020 1:30:03 CEST   Niemand online 
di 7 apr 2020 7:45:02 CEST , Elizabeth,Marijke,Ellen,Ragh,Shanna,Janine,Amanda,Max
di 7 apr 2020 8:00:01 CEST   Niemand online 
di 7 apr 2020 8:15:01 CEST   Niemand online 
di 7 apr 2020 8:30:01 CEST   Niemand online 
di 7 apr 2020 8:45:02 CEST , Ellen,Marijke,Jada,Paulien,Ellen,Bianca,Sonja,Shanna,Max,Loes,Nelly
di 7 apr 2020 9:00:01 CEST , Ellen,Marijke,Elizabeth,Ellen,Bianca,Sonja,Shanna,Max,Nelly
di 7 apr 2020 9:15:01 CEST , Elizabeth,Brigitte,Bianca,Sonja,Shanna,Loes,Nelly
di 7 apr 2020 9:30:02 CEST , Elizabeth,Paulien,Ellen,Brigitte,Bianca,Sonja,Shanna,Max,Mariëlle,Loes,Nelly
di 7 apr 2020 9:45:03 CEST , Ellen,Jada,Paulien,Ellen,Brigitte,Bianca,Sonja,MIREILLE,Shanna,Max,Loes,Nelly
di 7 apr 2020 10:00:02 CEST , Ellen,Elizabeth,Paulien,Brigitte,Bianca,Sonja,Max,Mariëlle,Loes
di 7 apr 2020 10:30:02 CEST , Paulien,Kaatje,Brigitte,Bianca,Sonja,Janine,Max,Jeffy
di 7 apr 2020 10:45:01 CEST   Niemand online 
di 7 apr 2020 11:00:01 CEST , Irma,Jada,Quiny,Janette,Kaatje,Brigitte,Bianca,Sonja,MIREILLE,Max,Carine,Jeffy,Danny,Sandra,Sonja,Richard
di 7 apr 2020 11:15:02 CEST , Quiny,Jada,Cilia,Janette,Brigitte,Ruby,MIREILLE,Max,Carine,Jeffy,Danny,Sandra,Sonja,Richard
di 7 apr 2020 11:30:02 CEST , Janette,Quiny,Gina,Brigitte,Ruby,Vanessa,Sonja,Elizabeth,Max,Carine,Jeffy,Danny,Sandra,Richard
di 7 apr 2020 11:45:02 CEST , Janette,Quiny,Gina,Ruby,Vanessa,Sonja,MIREILLE,Elizabeth,Selina,Max,Jeffy,Danny,Sandra
di 7 apr 2020 12:00:02 CEST , Janette,Quiny,Kaatje,Gina,Brigitte,Ruby,Bianca,ॐGertॐ,Vanessa,Sonja,Selina,Loes,Danny,Sandra,Sonja,Richard
di 7 apr 2020 12:15:02 CEST , Quiny,Kaatje,Ruby,Bianca,ॐGertॐ,Vanessa,Sonja,Janine,Selina,Jeffy,Loes,Danny,Sandra,Sonja
di 7 apr 2020 12:30:02 CEST , Quiny,Madama,Bianca,ॐGertॐ,Vanessa,Sonja,Janine,Selina,Carine,Loes,Sonja
di 7 apr 2020 12:45:01 CEST , Quiny,Veerle,Madama,Bianca,Vanessa,Sonja,Selina,Carine,Loes,Sonja
di 7 apr 2020 13:00:02 CEST , Quiny,Paulien,Natascha,Madama,Marianne,Bianca,ॐGertॐ,Vanessa,Sonja,Selina,Max,Carine,Loes,Sonja,Richard
di 7 apr 2020 13:15:01 CEST , Quiny,Ruby,Natascha,Madama,Bianca,Berna,ॐGertॐ,Vanessa,Sonja,Shanna,Selina,Amanda,Max,Carine,Jeffy,Sonja,Richard
di 7 apr 2020 13:30:02 CEST , Quiny,Paulien,Kaatje,Natascha,Malou,Madama,Bianca,Berna,ॐGertॐ,Vanessa,Sonja,Shanna,Selina,Amanda,Max,Jeffy,Loes,Sonja,Richard
di 7 apr 2020 13:45:02 CEST , Quiny,Paulien,Kaatje,Brigitte,Ruby,Malou,Madama,Bianca,Amrendra,ॐGertॐ,Vanessa,Sonja,Shanna,Selina,Amanda,Max,Jeffy,Loes,Sonja,Richard
di 7 apr 2020 14:00:02 CEST , ParaVisieTEST,Quiny,Brigitte,Ruby,Madama,Bianca,Amrendra,ॐGertॐ,Sonja,Selina,Amanda,Max,Jeffy,Sonja,Richard
di 7 apr 2020 14:15:01 CEST , Paulien,ParaVisieTEST,Quiny,Kim,Brigitte,Natascha,Malou,Madama,Amrendra,ॐGertॐ,Sonja,Selina,Jeffy,Sonja,Richard
di 7 apr 2020 14:30:03 CEST , Kim,Quiny,ParaVisieTEST,Natascha,Malou,Madama,Amrendra,ॐGertॐ,Sonja,Selina,Max,Jeffy,Sonja,Richard
di 7 apr 2020 14:45:02 CEST , Quiny,Kim,ParaVisieTEST,Gina,Malou,Madama,Iliana,Amrendra,ॐGertॐ,Sonja,MIREILLE,Selina,Amanda,Max,Jeffy,Sonja,Richard
di 7 apr 2020 15:00:01 CEST , ParaVisieTEST,Quiny,Kim,Kaatje,Gina,Malou,Berna,Madama,Iliana,Amrendra,ॐGertॐ,Vanessa,MIREILLE,Amanda,Jeffy,Sonja,Richard
di 7 apr 2020 15:15:02 CEST , Kim,Quiny,ParaVisieTEST,Brigitte,Malou,Berna,Madama,Amrendra,ॐGertॐ,Vanessa,Jeffy,Sonja,Richard
di 7 apr 2020 15:30:01 CEST , Kim,Quiny,ParaVisieTEST,Brigitte,Malou,Madama,Amrendra,ॐGertॐ,Vanessa,MIREILLE,Selina,Marianne,Sonja,Richard
di 7 apr 2020 15:45:02 CEST , ParaVisieTEST,Kim,Malou,Madama,ॐGertॐ,Vanessa,Selina,Marianne,Richard,Danka
di 7 apr 2020 16:00:02 CEST , ParaVisieTEST,Kaatje,Brigitte,Malou,Madama,Selina,Nelly,Richard,Danka
di 7 apr 2020 16:15:01 CEST , ParaVisieTEST,Gina,Brigitte,Berna,Madama,Vanessa,Selina,Richard,Danka
di 7 apr 2020 16:30:02 CEST , ParaVisieTEST,Gina,Tracy,Brigitte,Berna,Madama,ॐGertॐ,Selina,Nelly,Richard,Danka
di 7 apr 2020 16:45:02 CEST , ParaVisieTEST,Kim,Genova,Gina,Veerle,Madama,Danka
di 7 apr 2020 17:00:02 CEST , Kim,ParaVisieTEST,Gina,Malou,Madama,Amrendra,ॐGertॐ,Amanda,Danny,Nelly,Danka
di 7 apr 2020 17:15:01 CEST , ParaVisieTEST,Gina,Malou,Madama,Amrendra,Carine,Danny,Danka
di 7 apr 2020 17:30:02 CEST , ParaVisieTEST,Ruby,Carine,Danny,Nelly,Danka
di 7 apr 2020 17:45:03 CEST , Jabba,ParaVisieTEST,Malou,Ruby,Amrendra,Max,Carine,Danny,Nelly,Danka
di 7 apr 2020 18:00:03 CEST , Aurore,Jabba,Kim,Malou,Amanda,Max,Carine,Loes,Danny,Danka
di 7 apr 2020 18:15:01 CEST , Jabba,Aurore,Malou,Amrendra,Carine,Danny,Danka
di 7 apr 2020 18:30:02 CEST , Aurore,Kim,Jabba,Malou,Veerle,Bianca,Eugie,Amrendra,Carine,Danka
di 7 apr 2020 18:45:02 CEST , Aurore,Gina,Malou,Veerle,Bianca,Eugie,Amrendra,Amanda,Carine,Danka
di 7 apr 2020 19:00:01 CEST , Jabba,Aurore,Natascha,Veerle,Bianca,Eugie,Amrendra,Janine,Amanda,Carine,Danka
di 7 apr 2020 19:15:02 CEST , Jabba,Quiny,Aurore,Veerle,Bianca,Eugie,ॐGertॐ,Brigitte,Janine,Amanda,Carine,Danka
di 7 apr 2020 19:30:01 CEST , Aurore,Sabrina,Quiny,Gina,Veerle,Eugie,Bianca,ॐGertॐ,Brigitte,Janine,Carine,Saul,Danka
di 7 apr 2020 19:45:02 CEST , Quiny,Sabrina,Aurore,Veerle,Berna,Bianca,ॐGertॐ,Ayanna,Carine,Saul,Danka
di 7 apr 2020 20:00:02 CEST , Quiny,Aurore,Veerle,Bianca,Brigitte,MIREILLE,Carine,Margareth,Saul,Danka
di 7 apr 2020 20:15:02 CEST , Sabrina,Aurore,Irma,Quiny,Jabba,Natascha,Ruby,Veerle,Eugie,Bianca,Max,Carine,Margareth,Saul,Sharda,Danka
di 7 apr 2020 20:30:01 CEST , Marijke,Aurore,Irma,Kaatje,Natascha,Ruby,Berna,Veerle,Eugie,Bianca,Amrendra,Brigitte,MIREILLE,Ayanna,Max,Carine,Margareth,Saul,Richard,Danka
di 7 apr 2020 20:45:02 CEST , Irma,Aurore,Marijke,Natascha,Veerle,Eugie,Bianca,Vanessa,Amrendra,Brigitte,MIREILLE,Ayanna,Carine,Margareth,Saul,Sharda,Richard,Danka
di 7 apr 2020 21:00:01 CEST , Marijke,Irma,Aurore,Gina,Natascha,Veerle,Eugie,Marianne,Bianca,ॐGertॐ,Amrendra,Carine,Margareth,Saul,Richard,Danka
di 7 apr 2020 21:15:02 CEST , Marijke,Aurore,Irma,Ruby,Brigitte,Natascha,☥C☥JAH☥,Eugie,Marianne,Bianca,ॐGertॐ,Amrendra,Carine,Margareth,Saul,Richard,Danka
di 7 apr 2020 21:30:02 CEST , Irma,Aurore,Brigitte,☥C☥JAH☥,Veerle,Eugie,Marianne,Bianca,ॐGertॐ,Amrendra,MIREILLE,Carine,Margareth,Saul,Richard,Danka
di 7 apr 2020 21:45:01 CEST , Aurore,Irma,Gina,Ruby,Brigitte,Veerle,Eugie,Marianne,Bianca,ॐGertॐ,Amrendra,Carine,Saul,Richard,Danka
di 7 apr 2020 22:00:02 CEST , Aurore,Irma,Gina,Ruby,Eugie,Bianca,ॐGertॐ,Carine,Saul,Richard,Danka
di 7 apr 2020 22:15:02 CEST , Aurore,Gina,Bianca,ॐGertॐ,Carine,Saul,Richard,Danka
di 7 apr 2020 22:30:01 CEST , Aurore,Gina,Bianca,ॐGertॐ,Carine,Saul,Sharda,Richard,Danka
di 7 apr 2020 22:45:02 CEST , Nikita,Aurore,Gina,ॐGertॐ,Carine,Saul,Sharda,Richard,Danka
di 7 apr 2020 23:00:01 CEST , Nikita,Gina,Natascha,Carine,Saul,Richard,Danka
di 7 apr 2020 23:15:02 CEST , Nikita,Gina,Tracy,Amrendra,Carine,Fasha,Saul,Danka
di 7 apr 2020 23:30:01 CEST , Nikita,Amrendra,Carine,Fasha,Saul,Danka
di 7 apr 2020 23:45:03 CEST , Nikita,Amrendra,Carine,Saul,Richard,Danka
wo 8 apr 2020 0:00:02 CEST , Nikita,Amrendra,Carine,Saul,Richard,Danka
wo 8 apr 2020 0:15:01 CEST , Nikita,Amrendra,Carine,Saul,Richard,Danka
wo 8 apr 2020 0:30:02 CEST , Nikita,Amrendra,Carine,Saul,Danka
wo 8 apr 2020 0:45:02 CEST , Nikita,Carine,Saul,Danka
wo 8 apr 2020 1:00:01 CEST , Saul,Danka
wo 8 apr 2020 1:15:02 CEST , Danka
wo 8 apr 2020 1:30:02 CEST , Danka
wo 8 apr 2020 1:45:01 CEST , Danka
wo 8 apr 2020 9:30:02 CEST , Ellen,Els,Brigitte,Bianca,Vanessa,Catharina,Elizabeth,Max
wo 8 apr 2020 9:45:02 CEST , Paulien,Els,Ellen,Gina,Bianca,Vanessa,Catharina,Sonja,Elizabeth,Max,Marianne,Nelly,Richard
wo 8 apr 2020 10:00:01 CEST , Aurore,Els,Paulien,Ellen,Brigitte,Bianca,Catharina,Janine,Elizabeth,Max,Richard
wo 8 apr 2020 10:15:02 CEST , Els,Aurore,Ellen,Paulien,Brigitte,Bianca,Sonja,Max,Sandra,Richard
wo 8 apr 2020 10:30:01 CEST , Aurore,Paulien,Irma,Els,Jada,Brigitte,Catharina,Bianca,Sonja,Max,Sandra,Danka
wo 8 apr 2020 10:45:02 CEST , Els,Aurore,Quiny,Ellen,Brigitte,Rindhoe,Bianca,Vanessa,Sonja,Max,Jeffy,Sandra,Richard,Danka
wo 8 apr 2020 11:00:02 CEST , Els,Quiny,Paulien,Ellen,Kaatje,Brigitte,Catharina,Bianca,Marianne,Vanessa,Sonja,Janine,Max,Jeffy,Danny,Richard,Danka
wo 8 apr 2020 11:15:01 CEST , Ellen,Quiny,Paulien,Kaatje,Brigitte,Catharina,Bianca,Eugie,Marianne,Vanessa,Sonja,Shanna,Janine,Jeffy,Danny,Nelly,Sandra,Richard,Danka
wo 8 apr 2020 11:30:02 CEST , Ellen,Quiny,Kaatje,Brigitte,Catharina,Bianca,Eugie,Marianne,ॐGertॐ,Vanessa,Sonja,Shanna,Amanda,Jeffy,Danny,Nelly,Sandra,Richard,Danka
wo 8 apr 2020 11:45:02 CEST , Ellen,Quiny,Ruby,Catharina,Bianca,Eugie,Marianne,ॐGertॐ,Vanessa,Sonja,Shanna,Amanda,Marianne,Jeffy,Danny,Nelly,Sandra,Richard,Danka
wo 8 apr 2020 12:00:01 CEST , Ellen,Ruby,Brigitte,Bianca,Eugie,Marianne,ॐGertॐ,Vanessa,Shanna,Amanda,Max,Marianne,Jeffy,Danny,Sandra,Richard,Danka
wo 8 apr 2020 12:15:02 CEST , Kim,Ellen,Kaatje,Ruby,Brigitte,Catharina,Eugie,ॐGertॐ,Vanessa,Shanna,Ayanna,Amanda,Max,Marianne,Jeffy,Danny,Sandra,Richard,Danka
wo 8 apr 2020 12:30:02 CEST , Ellen,Quiny,Kaatje,Ruby,Natascha,Eugie,ॐGertॐ,Vanessa,Sonja,Shanna,Ayanna,Selina,Amanda,Max,Carine,Marianne,Marianne,Jeffy,Danny,Sandra,Richard,Danka
wo 8 apr 2020 12:45:01 CEST , Quiny,Ellen,Ruby,Natascha,Madama,Eugie,ॐGertॐ,Vanessa,Amrendra,Sonja,Max,Maria,Carine,Marianne,Jeffy,Danny,Sandra,Sonja,Richard,Danka
wo 8 apr 2020 13:00:02 CEST , Quiny,Ellen,Brigitte,Madama,Eugie,Iliana,ॐGertॐ,Vanessa,Amrendra,Sonja,Selina,Amanda,Max,Maria,Carine,Marianne,Jeffy,Danny,Sonja,Sandra,Richard,Danka
wo 8 apr 2020 13:15:02 CEST , Ellen,Quiny,Brigitte,Madama,Iliana,ॐGertॐ,Vanessa,Amrendra,Sonja,Selina,Amanda,Max,Maria,Carine,Marianne,Jeffy,Danny,Richard,Danka
wo 8 apr 2020 13:30:01 CEST , Ellen,Quiny,Brigitte,Madama,Iliana,ॐGertॐ,Vanessa,Amrendra,Sonja,Selina,Elizabeth,Max,Maria,Carine,Marianne,Jeffy,Danny,Sonja,Danka
wo 8 apr 2020 13:45:02 CEST , Ellen,Quiny,Kaatje,Madama,Iliana,ॐGertॐ,Vanessa,Amrendra,Sonja,Selina,Elizabeth,Max,Maria,Carine,Marianne,Jeffy,Danny,Sonja,Danka
wo 8 apr 2020 14:00:01 CEST , Ellen,Quiny,Kaatje,Natascha,Madama,Iliana,ॐGertॐ,Vanessa,Amrendra,Sonja,Selina,Elizabeth,Amanda,Maria,Carine,Marianne,Jeffy,Sonja,Danka
wo 8 apr 2020 14:15:02 CEST , Ellen,Kaatje,Brigitte,Madama,ॐGertॐ,Vanessa,Amrendra,Sonja,Amanda,Maria,Carine,Marianne,Jeffy,Sonja,Danka
wo 8 apr 2020 14:30:02 CEST , Quiny,Marijke,Brigitte,Madama,Iliana,ॐGertॐ,Vanessa,Sonja,Amrendra,Selina,Amanda,Maria,Carine,Marianne,Jeffy,Sonja,Danka
wo 8 apr 2020 14:45:01 CEST , Quiny,☥C☥JAH☥,Madama,ॐGertॐ,Vanessa,Jaap,Sonja,Amrendra,Selina,Amanda,Maria,Carine,Marianne,Jeffy,Nelly,Sonja,Richard,Danka
wo 8 apr 2020 15:00:03 CEST , Ellen,Quiny,Natascha,☥C☥JAH☥,Madama,Jaap,Sonja,Amrendra,Selina,Amanda,Maria,Carine,Marianne,Jeffy,Nelly,Sonja,Richard,Danka
wo 8 apr 2020 15:15:01 CEST , Quiny,Madama,Jaap,Sonja,Amrendra,Selina,Amanda,Carine,Marianne,Nelly,Sonja,Richard,Danka
wo 8 apr 2020 15:30:02 CEST , Madama,Jaap,Sonja,Amrendra,Selina,Janine,Amanda,Carine,Marianne,Jeffy,Nelly,Sonja,Sharda,Richard,Danka
wo 8 apr 2020 15:45:02 CEST , Kim,Kaatje,Madama,Jaap,Sonja,Amrendra,Selina,Janine,Amanda,Marianne,Carine,Jeffy,Nelly,Sonja,Richard,Danka
wo 8 apr 2020 16:00:01 CEST , Kim,Natascha,Madama,Jaap,Sonja,Amrendra,Selina,Janine,Amanda,Carine,Nelly,Sonja,Richard,Danka
wo 8 apr 2020 16:15:02 CEST , Kim,Ellen,Aurore,Berna,Madama,ॐGertॐ,Jaap,Sonja,Amrendra,Selina,Janine,Amanda,Carine,Jeffy,Nelly,Sonja,Danka
wo 8 apr 2020 16:30:01 CEST , Aurore,Ellen,Ruby,Berna,Madama,Bianca,ॐGertॐ,Jaap,Sonja,Amrendra,Selina,Janine,Amanda,Carine,Nelly,Sonja,Danka
wo 8 apr 2020 16:45:02 CEST , Kim,Aurore,Ellen,Genova,Ruby,Berna,Madama,Eva,Jaap,Sonja,Amrendra,Selina,Janine,Amanda,Carine,Jeffy,Nelly,Sonja,Danka
wo 8 apr 2020 17:00:01 CEST , Janette,Aurore,Kim,Genova,Ruby,Madama,Eva,Jaap,Sonja,Amrendra,Amanda,Carine,Jeffy,Danny,Nelly,Henny,Sonja,Danka
wo 8 apr 2020 17:15:02 CEST , Aurore,Ellen,Janette,Genova,Madama,Eva,ॐGertॐ,Jaap,Sonja,Amrendra,Amanda,Max,Carine,Danny,Sonja,Henny,Danka
wo 8 apr 2020 17:30:02 CEST , Aurore,Ellen,Janette,Genova,Madama,Eva,Jaap,Brigitte,Sonja,Amrendra,Amanda,Max,Carine,Danny,Sonja,Henny,Danka
wo 8 apr 2020 17:45:01 CEST , Ellen,Aurore,Janette,Natascha,Madama,Eva,Jaap,Brigitte,Sonja,Amrendra,Janine,Amanda,Max,Carine,Jeffy,Danny,Sonja,Henny,Danka
wo 8 apr 2020 18:00:02 CEST , Ellen,Aurore,Janette,Madama,Eva,Sonja,Amrendra,Janine,Max,Carine,Sonja,Henny,Danka
wo 8 apr 2020 18:15:02 CEST , Janette,Aurore,Madama,Eva,Sonja,Amrendra,Max,Carine,Henny
wo 8 apr 2020 18:30:01 CEST , Janette,Aurore,Jet,Eugie,Madama,Sonja,Amrendra,Janine,Max,Eva,Carine,Henny
wo 8 apr 2020 18:45:03 CEST , Jet,Janette,Aurore,Kim,Eugie,Madama,Brigitte,Amrendra,Sonja,Carine,Henny
wo 8 apr 2020 19:00:02 CEST , Janette,Aurore,Eugie,Madama,Amrendra,Sonja,Maria,Carine,Henny
wo 8 apr 2020 19:15:01 CEST , Jet,Kim,Janette,Aurore,Kaatje,Eugie,Madama,Amrendra,Sonja,Maria,Carine,Richard
wo 8 apr 2020 19:30:02 CEST , Ellen,Aurore,Janette,Kim,Jet,Eugie,Veerle,Madama,ॐGertॐ,Amrendra,Sonja,Mariëlle,Maria,Carine
wo 8 apr 2020 19:45:02 CEST , Kim,Aurore,Janette,Kaatje,Eugie,Veerle,ॐGertॐ,Amrendra,Sonja,Amanda,Mariëlle,Maria,Carine,Loes,Sterre
wo 8 apr 2020 20:00:01 CEST , Jet,Janette,Kim,Kaatje,Gina,Eugie,Madama,Bianca,ॐGertॐ,Amrendra,Sonja,Shanna,Amanda,Carine,Sterre,Henny
wo 8 apr 2020 20:15:02 CEST , Irma,Jet,Janette,Kim,Kaatje,☥C☥JAH☥,Eugie,Veerle,Bianca,ॐGertॐ,Amrendra,Sonja,Max,Carine,Loes,Sterre
wo 8 apr 2020 20:30:02 CEST , Jet,Janette,Irma,Ruby,Veerle,Bianca,ॐGertॐ,Amrendra,Amanda,Carine,Sterre,Henny
wo 8 apr 2020 20:45:01 CEST , Irma,Kim,Janette,Marijke,Kaatje,Ruby,Veerle,Bianca,ॐGertॐ,Amrendra,Amanda,Carine,Sterre
wo 8 apr 2020 21:00:02 CEST , Marijke,Kim,Janette,Irma,Ruby,Natascha,Veerle,Bianca,Max,Carine,Sterre,Henny
wo 8 apr 2020 21:15:01 CEST , Sabrina,Kim,Aurore,Ruby,Veerle,Bianca,Marianne,ॐGertॐ,Max,Carine,Sterre,Henny
wo 8 apr 2020 21:30:02 CEST , Irma,Aurore,Gina,Ruby,Brigitte,Veerle,Bianca,Marianne,Max,Carine,Henny
wo 8 apr 2020 21:45:02 CEST , Irma,Aurore,Kaatje,Gina,Bianca,Marianne,Max,Carine,Henny
wo 8 apr 2020 22:00:01 CEST , Irma,Kim,Sabrina,Aurore,Ruby,Bianca,Marianne,ॐGertॐ,Max,Carine,Henny,Richard
wo 8 apr 2020 22:15:02 CEST , Kim,Aurore,Sabrina,Kaatje,Brigitte,Bianca,Carine
wo 8 apr 2020 22:30:01 CEST , Aurore,Kim,Kaatje,Gina,Amrendra,Carine
wo 8 apr 2020 22:45:02 CEST , Aurore,Gina,Natascha,Amrendra,Carine
wo 8 apr 2020 23:00:02 CEST , Aurore,Amrendra,Carine
wo 8 apr 2020 23:15:01 CEST , Natascha,Amrendra,Carine
wo 8 apr 2020 23:30:02 CEST , Gina,Amrendra,Graciela,Carine
wo 8 apr 2020 23:45:01 CEST , Natascha,Graciela,Carine
do 9 apr 2020 0:00:02 CEST , Natascha,Graciela,Carine
do 9 apr 2020 0:15:02 CEST , Natascha,Graciela,Carine
do 9 apr 2020 0:30:01 CEST , Nikita,Amrendra,Carine
do 9 apr 2020 0:45:02 CEST , Nikita,Amrendra,Shanna,Carine
do 9 apr 2020 1:00:02 CEST , Nikita,Amrendra,Shanna,Carine
do 9 apr 2020 1:15:01 CEST , Nikita,Amrendra,Shanna,Carine
do 9 apr 2020 9:00:01 CEST , Ellen,Marijke,Gina,Bianca,Vanessa,Amrendra,Mariëlle,Max,Loes,Nelly
do 9 apr 2020 9:15:02 CEST , Marijke,Jada,Ellen,Ellen,Gina,Bianca,Vanessa,Amrendra,MIREILLE,Mariëlle,Amanda,Max,Danny,Nelly
do 9 apr 2020 9:30:02 CEST , Ellen,Ellen,Gina,Rindhoe,Bianca,Vanessa,Amrendra,Amanda,Marianne,Danny,Nelly
do 9 apr 2020 9:45:02 CEST , Jada,Ellen,Ellen,Gina,Brigitte,Rindhoe,Bianca,Vanessa,Amrendra,Eva,Marianne,Danny,Nelly
do 9 apr 2020 10:00:01 CEST , Ellen,Ellen,Kaatje,Brigitte,Rindhoe,Bianca,Vanessa,Amrendra,MIREILLE,Shanna,Elizabeth,Max,Eva,Danny
do 9 apr 2020 10:15:02 CEST , Ellen,Jabba,Kaatje,Gina,Brigitte,Rindhoe,Madama,Bianca,Vanessa,Amrendra,Sonja,Shanna,Janine,Max,Eva,Marianne,Danny
do 9 apr 2020 10:30:01 CEST , Ellen,Gina,Brigitte,Rindhoe,Madama,Bianca,Amrendra,Sonja,Shanna,Max,Eva,Marianne,Jeffy,Danny,Richard
do 9 apr 2020 10:45:02 CEST , Jabba,Ellen,Gina,Brigitte,Rindhoe,Madama,Amrendra,Sonja,MIREILLE,Shanna,Eva,Jeffy,Danny,Nelly,Sandra,Richard
do 9 apr 2020 11:00:01 CEST , Jabba,Marijke,Ellen,Brigitte,Rindhoe,Madama,Amrendra,Sonja,MIREILLE,Janine,Amanda,Max,Eva,Jeffy,Danny,Nelly,Sandra,Richard
do 9 apr 2020 11:15:02 CEST , Jabba,Ellen,Gina,Brigitte,Natascha,Madama,Amrendra,Sonja,Shanna,Janine,Amanda,Max,Eva,Carine,Jeffy,Danny,Nelly,Sandra,Richard
do 9 apr 2020 11:30:01 CEST , Jabba,Ellen,Gina,Natascha,Madama,Iliana,Amrendra,Sonja,MIREILLE,Shanna,Janine,Amanda,Max,Eva,Carine,Jeffy,Danny,Nelly,Sandra,Richard
do 9 apr 2020 11:45:02 CEST , Kaatje,Jabba,Madama,Sonja,MIREILLE,Shanna,Janine,Max,Eva,Carine,Jeffy,Danny,Sandra,Richard
do 9 apr 2020 12:00:02 CEST , Kim,Kaatje,Jabba,Madama,Bianca,Sonja,Janine,Amanda,Max,Eva,Carine,Maria,Jeffy,Danny,Sandra,Richard
do 9 apr 2020 12:15:02 CEST , Kim,Jabba,Madama,Bianca,Sonja,Janine,Amanda,Max,Eva,Carine,Maria,Jeffy,Danny,Sandra,Richard
do 9 apr 2020 12:30:01 CEST , Kim,Madama,Bianca,Sonja,Janine,Selina,Max,Carine,Jeffy,Danny,Sandra,Richard
do 9 apr 2020 12:45:02 CEST , Madama,Bianca,Amrendra,Sonja,Janine,Selina,Max,Carine,Jeffy,Loes,Danny,Sandra,Richard
do 9 apr 2020 13:00:03 CEST , Ruby,Jabba,Madama,Bianca,Amrendra,Sonja,Janine,Max,Carine,Marianne,Jeffy,Loes,Danny,Sandra
do 9 apr 2020 13:15:02 CEST , Quiny,Ruby,Jabba,Bianca,Amrendra,Sonja,Janine,Selina,Max,Maria,Carine,Jeffy,Loes,Danny,Sandra,Richard
do 9 apr 2020 13:30:01 CEST , Quiny,Gina,Ruby,Jabba,Berna,Bianca,Amrendra,Selina,Max,Maria,Carine,Jeffy,Danny,Sterre,Richard
do 9 apr 2020 13:45:02 CEST , Quiny,Gina,Ruby,Jabba,Berna,Bianca,Amrendra,Selina,Max,Maria,Carine,Jeffy,Danny,Sterre,Richard
do 9 apr 2020 14:00:01 CEST , Quiny,Gina,Tracy,Jabba,Bianca,Amrendra,Max,Maria,Carine,Jeffy,Danny,Sterre,Richard
do 9 apr 2020 14:15:03 CEST , Quiny,Gina,Tracy,Bianca,Amrendra,Maria,Carine,Jeffy,Loes,Danny,Sterre,Richard
do 9 apr 2020 14:30:02 CEST , Quiny,Tracy,Bianca,Iliana,Amrendra,Maria,Carine,Marianne,Danny,Sterre,Richard
do 9 apr 2020 14:45:01 CEST , Quiny,Kaatje,Berna,Bianca,Iliana,Amrendra,Maria,Carine,Marianne,Danny,Sterre,Richard
do 9 apr 2020 15:00:03 CEST , Quiny,Berna,Bianca,Iliana,Amrendra,MIREILLE,Maria,Carine,Marianne,Danny,Sterre,Richard
do 9 apr 2020 15:15:02 CEST , Gina,Berna,Bianca,Iliana,Vanessa,Amrendra,MIREILLE,Janine,Max,Eva,Carine,Marianne,Jeffy,Danny,Sterre,Richard
do 9 apr 2020 15:30:01 CEST , Berna,Bianca,Vanessa,Amrendra,Janine,Max,Eva,Carine,Loes,Nelly,Richard
do 9 apr 2020 15:45:03 CEST , Berna,Bianca,Vanessa,Amrendra,MIREILLE,Janine,Amanda,Max,Eva,Carine,Nelly,Richard
do 9 apr 2020 16:00:02 CEST , Berna,Bianca,Vanessa,Jaap,Amrendra,MIREILLE,Amanda,Max,Eva,Maria,Carine,Nelly,Richard
do 9 apr 2020 16:15:02 CEST , Kaatje,Vanessa,Jaap,Amrendra,MIREILLE,Amanda,Max,Eva,Nelly
do 9 apr 2020 16:30:01 CEST , Irma,Vanessa,Jaap,Amrendra,MIREILLE,Amanda,Max,Carine,Nelly
do 9 apr 2020 16:45:02 CEST , Irma,Vanessa,Jaap,Amrendra,Ayanna,Amanda,Max,Carine,Nelly,Saul,Henny
do 9 apr 2020 17:00:02 CEST , Irma,Amrendra,Max,Carine,Loes,Sterre,Henny
do 9 apr 2020 17:15:02 CEST , Janette,Brigitte,Amrendra,Sonja,Carine,Loes,Nelly,Sterre,Henny
do 9 apr 2020 17:30:01 CEST , Janette,Amrendra,Brigitte,Sonja,Carine,Nelly
do 9 apr 2020 17:45:02 CEST , Janette,Eugie,Brigitte,Amrendra,Sonja,Carine
do 9 apr 2020 18:00:02 CEST , Janette,Madama,Brigitte,Amrendra,Sonja,Amanda,Carine
do 9 apr 2020 18:15:01 CEST , Janette,Madama,Berna,Sonja,Amanda,Carine,Sterre
do 9 apr 2020 18:30:02 CEST , Janette,Gina,Berna,Sonja,Carine,Sterre
do 9 apr 2020 18:45:02 CEST , Janette,Gina,Eugie,Berna,Sonja,Carine,Sterre
do 9 apr 2020 19:00:01 CEST , Janette,Madama,Amrendra,Sonja,Amanda,Carine,Sterre
do 9 apr 2020 19:15:02 CEST , Janette,Berna,Brigitte,Sonja,Amanda,Max,Carine
do 9 apr 2020 19:30:02 CEST , Marijke,Janette,Gina,Eugie,Sonja,Amanda,Max,Carine,Wim
do 9 apr 2020 19:45:02 CEST , Marijke,Gina,Marianne,Eugie,Brigitte,Sonja,Bianca,Amanda,Max,Carine,Wim,Richard
