00:00:00.439301 VirtualBox GUI VM Selector Window 6.1.26 r145957 linux.amd64 (Jul 29 2021 12:15:28) release log
00:00:00.439303 Log opened 2021-09-02T12:54:21.408180000Z
00:00:00.439304 Build Type: release
00:00:00.439306 OS Product: Linux
00:00:00.439307 OS Release: 5.13.13-arch1-1
00:00:00.439307 OS Version: #1 SMP PREEMPT Thu, 26 Aug 2021 19:14:36 +0000
00:00:00.439324 DMI Product Name: Z370P D3
00:00:00.439331 DMI Product Version: Default string
00:00:00.439335 Firmware type: UEFI
00:00:00.440049 Secure Boot: Disabled
00:00:00.440078 Host RAM: 32059MB (31.3GB) total, 25845MB (25.2GB) available
00:00:00.440085 Executable: /usr/lib/virtualbox/VirtualBox
00:00:00.440086 Process ID: 12245
00:00:00.440086 Package type: LINUX_64BITS_GENERIC (OSE)
00:00:00.440106 Qt version: 5.15.2
00:00:00.471083 GUI: UIMediumEnumerator: Medium-enumeration started...
00:00:01.137060 GUI: UIDesktopWidgetWatchdog::sltHandleHostScreenAvailableGeometryCalculated: Screen 2 work area is actually resized to: 4897x29 x 832x334
00:00:01.137092 GUI: UIDesktopWidgetWatchdog::sltHandleHostScreenAvailableGeometryCalculated: Screen 1 work area is actually resized to: 4897x383 x 832x334
00:00:01.137282 GUI: UIDesktopWidgetWatchdog::sltHandleHostScreenAvailableGeometryCalculated: Screen 0 work area is actually resized to: 4897x737 x 832x333
00:00:01.220241 GUI: UIMediumEnumerator: Medium-enumeration finished!
00:00:26.410930 GUI: UIMediumEnumerator: Medium-enumeration finished!
00:00:27.067402 GUI: UIMediumEnumerator: Medium-enumeration finished!
00:00:27.175799 GUI: UIMediumEnumerator: Medium-enumeration finished!
