aarchup
autokey-gtk
b43-firmware
betterdiscord-installer
cpupower-gui
dnslookup-bin
downgrade
ebtables
equilux-theme
etcher-bin
evernote-beta-bin
expressvpn
fortune-mod-chucknorris
fusesmb
fzf-tab-completion-git
fzf-tab-git
gdu
giara
i3icons2-git
ice-ssb
informant
insync
inxi
ix
jotta-cli
kalu
modprobed-db
neatimage
nomachine
octopi
oh-my-zsh-powerline-theme-git
paru
pcloud-drive
picom-jonaburg-git
pwrnotify
python-fontawesome
quickgui-bin
quiterss-git
rambox-pro-bin-beta
raven-reader-bin
realvnc-vnc-viewer
ripcord
rpi-imager
s2argv-execs-git
slack-desktop
slstatus-git
spacefm
spotify
teams
termite
transmission-remote-cli-git
transmission-remote-gui-bin
ttf-meslo-nerd-font-powerlevel10k
tusk
tweetdeck-desktop
vivaldi-snapshot
whatever
whatsapp-for-linux
whatsapp-nativefier
